TN:
SF:src/controllers/alert.controller.js
FN:3,getAlerts
FN:19,createAlert
FNF:2
FNH:1
FNDA:0,getAlerts
FNDA:5,createAlert
DA:4,0
DA:5,0
DA:10,0
DA:15,0
DA:20,5
DA:21,5
DA:23,0
LF:7
LH:2
BRDA:19,0,0,0
BRF:1
BRH:0
end_of_record
TN:
SF:src/controllers/auth.controller.js
FN:15,signAccessToken
FN:35,signRefreshToken
FN:44,issueTokenPair
FN:66,setCookies
FN:78,clearCookies
FN:88,signup
FN:100,login
FN:132,googleCallback
FN:162,me
FN:191,refresh
FN:209,logout
FNF:11
FNH:3
FNDA:0,signAccessToken
FNDA:0,signRefreshToken
FNDA:0,issueTokenPair
FNDA:6,setCookies
FNDA:0,clearCookies
FNDA:6,signup
FNDA:2,login
FNDA:0,googleCallback
FNDA:0,me
FNDA:0,refresh
FNDA:0,logout
DA:16,0
DA:17,0
DA:24,0
DA:25,0
DA:26,0
DA:27,0
DA:28,0
DA:29,0
DA:32,0
DA:36,0
DA:37,0
DA:45,0
DA:46,0
DA:47,0
DA:52,4
DA:67,6
DA:68,6
DA:70,6
DA:79,0
DA:80,0
DA:81,0
DA:82,0
DA:89,6
DA:90,6
DA:91,6
DA:92,5
DA:93,5
DA:95,1
DA:101,2
DA:102,2
DA:103,2
DA:109,1
DA:112,1
DA:117,1
DA:119,1
DA:133,0
DA:137,0
DA:138,0
DA:140,0
DA:141,0
DA:142,0
DA:143,0
DA:144,0
DA:147,0
DA:150,0
DA:152,0
DA:163,0
DA:164,0
DA:165,0
DA:166,0
DA:167,0
DA:169,0
DA:183,0
DA:192,0
DA:193,0
DA:194,0
DA:195,0
DA:197,0
DA:199,0
DA:200,0
DA:202,0
DA:210,0
DA:212,0
DA:213,0
DA:214,0
DA:215,0
DA:217,0
DA:218,0
DA:220,0
LF:69
LH:17
BRDA:16,0,0,0
BRDA:16,0,1,0
BRDA:24,1,0,0
BRDA:24,1,1,0
BRDA:36,2,0,0
BRDA:36,2,1,0
BRDA:54,3,0,0
BRDA:54,3,1,4
BRDA:71,4,0,0
BRDA:71,4,1,6
BRDA:82,5,0,0
BRDA:82,5,1,0
BRDA:106,6,0,2
BRDA:106,6,1,0
BRDA:106,6,2,0
BRDA:107,7,0,2
BRDA:107,7,1,2
BRDA:114,8,0,1
BRDA:114,8,1,0
BRDA:114,8,2,0
BRDA:137,9,0,0
BRDA:137,9,1,0
BRDA:141,10,0,0
BRDA:141,10,1,0
BRDA:166,11,0,0
BRDA:166,11,1,0
BRDA:177,12,0,0
BRDA:177,12,1,0
BRDA:179,13,0,0
BRDA:179,13,1,0
BRDA:193,14,0,0
BRDA:193,14,1,0
BRDA:194,15,0,0
BRDA:194,15,1,0
BRDA:212,16,0,0
BRDA:212,16,1,0
BRDA:213,17,0,0
BRDA:213,17,1,0
BRF:38
BRH:6
end_of_record
TN:
SF:src/controllers/closePosition.controller.js
FN:39,closeTrade
FNF:1
FNH:0
FNDA:0,closeTrade
DA:40,0
DA:41,0
DA:42,0
DA:46,0
DA:49,0
DA:50,0
DA:58,0
DA:61,0
DA:64,0
DA:83,0
DA:94,0
DA:102,0
DA:120,0
DA:121,0
DA:124,0
LF:15
LH:0
BRDA:46,0,0,0
BRDA:46,0,1,0
BRDA:49,1,0,0
BRDA:49,1,1,0
BRDA:53,2,0,0
BRDA:53,2,1,0
BRDA:89,3,0,0
BRDA:89,3,1,0
BRF:8
BRH:0
end_of_record
TN:
SF:src/controllers/futures.controller.js
FNF:0
FNH:0
LF:0
LH:0
BRF:0
BRH:0
end_of_record
TN:
SF:src/controllers/options.controller.js
FNF:0
FNH:0
LF:0
LH:0
BRF:0
BRH:0
end_of_record
TN:
SF:src/controllers/order.controller.js
FN:18,placeOrder
FN:45,cancelOrder
FN:60,getOrders
FN:77,getOrderBook
FN:94,getTradeHistory
FN:113,getOHLC
FNF:6
FNH:0
FNDA:0,placeOrder
FNDA:0,cancelOrder
FNDA:0,getOrders
FNDA:0,getOrderBook
FNDA:0,getTradeHistory
FNDA:0,getOHLC
DA:19,0
DA:20,0
DA:21,0
DA:24,0
DA:28,0
DA:30,0
DA:31,0
DA:32,0
DA:35,0
DA:37,0
DA:38,0
DA:46,0
DA:47,0
DA:48,0
DA:50,0
DA:61,0
DA:62,0
DA:63,0
DA:64,0
DA:66,0
DA:78,0
DA:79,0
DA:80,0
DA:81,0
DA:82,0
DA:84,0
DA:95,0
DA:96,0
DA:97,0
DA:98,0
DA:100,0
DA:114,0
DA:115,0
DA:116,0
DA:117,0
DA:118,0
DA:120,0
LF:37
LH:0
BRDA:24,0,0,0
BRDA:24,0,1,0
BRDA:30,1,0,0
BRDA:30,1,1,0
BRDA:80,2,0,0
BRDA:80,2,1,0
BRDA:116,3,0,0
BRDA:116,4,0,0
BRDA:117,5,0,0
BRDA:117,5,1,0
BRF:10
BRH:0
end_of_record
TN:
SF:src/controllers/portfolio.controller.js
FN:11,portfolio
FNF:1
FNH:0
FNDA:0,portfolio
DA:12,0
DA:13,0
DA:14,0
DA:15,0
DA:16,0
DA:17,0
DA:19,0
LF:7
LH:0
BRF:0
BRH:0
end_of_record
TN:
SF:src/controllers/report.controller.js
FN:26,report
FN:40,getPnl
FN:73,exportExcel
FN:98,exportPDF
FNF:4
FNH:0
FNDA:0,report
FNDA:0,getPnl
FNDA:0,exportExcel
FNDA:0,exportPDF
DA:27,0
DA:28,0
DA:29,0
DA:30,0
DA:32,0
DA:41,0
DA:42,0
DA:45,0
DA:46,0
DA:47,0
DA:48,0
DA:49,0
DA:52,0
DA:61,0
DA:74,0
DA:75,0
DA:77,0
DA:79,0
DA:80,0
DA:84,0
DA:85,0
DA:86,0
DA:99,0
DA:100,0
DA:102,0
DA:104,0
DA:105,0
DA:108,0
DA:109,0
DA:110,0
LF:30
LH:0
BRDA:84,0,0,0
BRDA:84,0,1,0
BRDA:108,1,0,0
BRDA:108,1,1,0
BRF:4
BRH:0
end_of_record
TN:
SF:src/controllers/stripe.controller.js
FNF:0
FNH:0
LF:0
LH:0
BRF:0
BRH:0
end_of_record
TN:
SF:src/controllers/system.controller.js
FN:9,getQueues
FN:26,getRedisHealth
FN:46,getWorkers
FNF:3
FNH:1
FNDA:1,getQueues
FNDA:0,getRedisHealth
FNDA:0,getWorkers
DA:10,1
DA:11,1
DA:12,1
DA:18,0
DA:27,0
DA:28,0
DA:29,0
DA:30,0
DA:35,0
DA:47,0
DA:48,0
DA:49,0
DA:54,0
LF:13
LH:3
BRDA:31,0,0,0
BRDA:31,0,1,0
BRF:2
BRH:0
end_of_record
TN:
SF:src/controllers/tax.controller.js
FNF:0
FNH:0
LF:0
LH:0
BRF:0
BRH:0
end_of_record
TN:
SF:src/controllers/trade.controller.js
FN:17,buy
FN:64,sell
FN:112,deposit
FN:130,tradeHistory
FN:154,(anonymous_4)
FN:179,tradeSummary
FN:196,(anonymous_6)
FN:215,(anonymous_7)
FNF:8
FNH:3
FNDA:3,buy
FNDA:2,sell
FNDA:5,deposit
FNDA:0,tradeHistory
FNDA:0,(anonymous_4)
FNDA:0,tradeSummary
FNDA:0,(anonymous_6)
FNDA:0,(anonymous_7)
DA:18,3
DA:19,3
DA:20,3
DA:22,2
DA:24,2
DA:25,2
DA:30,2
DA:41,2
DA:55,1
DA:56,1
DA:65,2
DA:66,2
DA:67,2
DA:69,1
DA:71,1
DA:72,1
DA:76,1
DA:87,1
DA:103,1
DA:104,1
DA:113,5
DA:114,5
DA:115,5
DA:117,5
DA:122,0
DA:131,0
DA:132,0
DA:134,0
DA:135,0
DA:136,0
DA:137,0
DA:138,0
DA:139,0
DA:140,0
DA:141,0
DA:142,0
DA:146,0
DA:147,0
DA:148,0
DA:154,0
DA:166,0
DA:171,0
DA:180,0
DA:181,0
DA:183,0
DA:184,0
DA:185,0
DA:186,0
DA:187,0
DA:188,0
DA:189,0
DA:190,0
DA:191,0
DA:195,0
DA:196,0
DA:198,0
DA:199,0
DA:200,0
DA:201,0
DA:203,0
DA:204,0
DA:205,0
DA:206,0
DA:207,0
DA:208,0
DA:211,0
DA:213,0
DA:215,0
DA:223,0
LF:69
LH:24
BRDA:82,0,0,1
BRDA:82,0,1,0
BRDA:132,1,0,0
BRDA:132,2,0,0
BRDA:135,3,0,0
BRDA:135,3,1,0
BRDA:136,4,0,0
BRDA:136,4,1,0
BRDA:136,5,0,0
BRDA:136,5,1,0
BRDA:138,6,0,0
BRDA:138,6,1,0
BRDA:139,7,0,0
BRDA:139,7,1,0
BRDA:161,8,0,0
BRDA:161,8,1,0
BRDA:162,9,0,0
BRDA:162,9,1,0
BRDA:184,10,0,0
BRDA:184,10,1,0
BRDA:185,11,0,0
BRDA:185,11,1,0
BRDA:185,12,0,0
BRDA:185,12,1,0
BRDA:187,13,0,0
BRDA:187,13,1,0
BRDA:188,14,0,0
BRDA:188,14,1,0
BRDA:196,15,0,0
BRDA:196,15,1,0
BRDA:206,16,0,0
BRDA:206,16,1,0
BRDA:207,17,0,0
BRDA:207,17,1,0
BRDA:207,18,0,0
BRDA:207,18,1,0
BRDA:208,19,0,0
BRDA:208,19,1,0
BRDA:208,20,0,0
BRDA:208,20,1,0
BRDA:211,21,0,0
BRDA:211,21,1,0
BRDA:219,22,0,0
BRDA:219,22,1,0
BRDA:220,23,0,0
BRDA:220,23,1,0
BRF:46
BRH:1
end_of_record
TN:
SF:src/controllers/upload.controller.js
FN:10,uploadAvatar
FN:32,(anonymous_1)
FN:45,(anonymous_2)
FN:57,uploadKyc
FN:97,(anonymous_4)
FN:108,uploadHealth
FNF:6
FNH:1
FNDA:2,uploadAvatar
FNDA:0,(anonymous_1)
FNDA:0,(anonymous_2)
FNDA:0,uploadKyc
FNDA:0,(anonymous_4)
FNDA:0,uploadHealth
DA:11,2
DA:12,2
DA:13,2
DA:14,1
DA:17,1
DA:18,1
DA:20,1
DA:23,1
DA:24,1
DA:26,1
DA:27,1
DA:28,1
DA:31,1
DA:32,0
DA:33,0
DA:37,1
DA:39,1
DA:44,1
DA:45,0
DA:46,0
DA:49,1
DA:58,0
DA:59,0
DA:60,0
DA:61,0
DA:64,0
DA:65,0
DA:67,0
DA:68,0
DA:71,0
DA:72,0
DA:75,0
DA:76,0
DA:79,0
DA:87,0
DA:89,0
DA:91,0
DA:96,0
DA:97,0
DA:98,0
DA:101,0
DA:109,0
DA:110,0
DA:120,0
LF:44
LH:17
BRDA:13,0,0,1
BRDA:13,0,1,1
BRDA:18,1,0,0
BRDA:18,1,1,1
BRDA:31,2,0,0
BRDA:31,2,1,1
BRDA:44,3,0,0
BRDA:44,3,1,1
BRDA:60,4,0,0
BRDA:60,4,1,0
BRDA:67,5,0,0
BRDA:67,5,1,0
BRDA:67,6,0,0
BRDA:67,6,1,0
BRDA:72,7,0,0
BRDA:72,7,1,0
BRDA:96,8,0,0
BRDA:96,8,1,0
BRF:18
BRH:5
end_of_record
TN:
SF:src/controllers/wallet.controller.js
FN:11,getBalance
FN:31,getLedger
FN:49,auditBalance
FN:62,getDerivedBalance
FNF:4
FNH:0
FNDA:0,getBalance
FNDA:0,getLedger
FNDA:0,auditBalance
FNDA:0,getDerivedBalance
DA:12,0
DA:13,0
DA:14,0
DA:16,0
DA:32,0
DA:33,0
DA:34,0
DA:37,0
DA:39,0
DA:50,0
DA:51,0
DA:52,0
DA:54,0
DA:63,0
DA:64,0
DA:65,0
DA:67,0
LF:17
LH:0
BRDA:52,0,0,0
BRDA:52,0,1,0
BRF:2
BRH:0
end_of_record
TN:
SF:src/jobs/analyticsWorker.js
FN:14,processTradeReplication
FN:207,processAuditLog
FN:215,processJob
FN:260,startAnalyticsWorker
FN:264,(anonymous_4)
FN:271,(anonymous_5)
FN:279,stopAnalyticsWorker
FNF:7
FNH:0
FNDA:0,processTradeReplication
FNDA:0,processAuditLog
FNDA:0,processJob
FNDA:0,startAnalyticsWorker
FNDA:0,(anonymous_4)
FNDA:0,(anonymous_5)
FNDA:0,stopAnalyticsWorker
DA:7,4
DA:15,0
DA:17,0
DA:18,0
DA:19,0
DA:20,0
DA:22,0
DA:23,0
DA:24,0
DA:25,0
DA:28,0
DA:31,0
DA:35,0
DA:36,0
DA:48,0
DA:63,0
DA:67,0
DA:68,0
DA:69,0
DA:70,0
DA:74,0
DA:75,0
DA:76,0
DA:80,0
DA:94,0
DA:111,0
DA:115,0
DA:116,0
DA:128,0
DA:143,0
DA:144,0
DA:148,0
DA:149,0
DA:150,0
DA:151,0
DA:152,0
DA:154,0
DA:155,0
DA:156,0
DA:158,0
DA:159,0
DA:161,0
DA:162,0
DA:163,0
DA:164,0
DA:166,0
DA:167,0
DA:169,0
DA:171,0
DA:172,0
DA:175,0
DA:188,0
DA:208,0
DA:209,0
DA:216,0
DA:217,0
DA:218,0
DA:227,0
DA:228,0
DA:229,0
DA:230,0
DA:232,0
DA:235,0
DA:236,0
DA:244,0
DA:245,0
DA:253,0
DA:261,0
DA:262,0
DA:264,0
DA:265,0
DA:271,0
DA:272,0
DA:280,0
DA:281,0
DA:282,0
DA:283,0
DA:285,0
LF:78
LH:1
BRDA:17,0,0,0
BRDA:17,0,1,0
BRDA:22,1,0,0
BRDA:22,1,1,0
BRDA:23,2,0,0
BRDA:23,2,1,0
BRDA:24,3,0,0
BRDA:24,3,1,0
BRDA:25,4,0,0
BRDA:25,4,1,0
BRDA:35,5,0,0
BRDA:35,5,1,0
BRDA:67,6,0,0
BRDA:67,6,1,0
BRDA:69,7,0,0
BRDA:69,7,1,0
BRDA:70,8,0,0
BRDA:70,8,1,0
BRDA:70,9,0,0
BRDA:70,9,1,0
BRDA:75,10,0,0
BRDA:75,10,1,0
BRDA:76,11,0,0
BRDA:76,11,1,0
BRDA:76,12,0,0
BRDA:76,12,1,0
BRDA:100,13,0,0
BRDA:100,13,1,0
BRDA:101,14,0,0
BRDA:101,14,1,0
BRDA:103,15,0,0
BRDA:103,15,1,0
BRDA:104,16,0,0
BRDA:104,16,1,0
BRDA:115,17,0,0
BRDA:115,17,1,0
BRDA:143,18,0,0
BRDA:143,18,1,0
BRDA:148,19,0,0
BRDA:148,19,1,0
BRDA:154,20,0,0
BRDA:154,20,1,0
BRDA:155,21,0,0
BRDA:155,21,1,0
BRDA:161,22,0,0
BRDA:161,22,1,0
BRDA:162,23,0,0
BRDA:162,23,1,0
BRDA:163,24,0,0
BRDA:163,24,1,0
BRDA:169,25,0,0
BRDA:169,25,1,0
BRDA:191,26,0,0
BRDA:191,26,1,0
BRDA:191,27,0,0
BRDA:191,27,1,0
BRDA:192,28,0,0
BRDA:192,28,1,0
BRDA:192,29,0,0
BRDA:192,29,1,0
BRDA:193,30,0,0
BRDA:193,30,1,0
BRDA:194,31,0,0
BRDA:194,31,1,0
BRDA:227,32,0,0
BRDA:227,32,1,0
BRDA:229,33,0,0
BRDA:229,33,1,0
BRDA:261,34,0,0
BRDA:261,34,1,0
BRDA:281,35,0,0
BRDA:281,35,1,0
BRF:72
BRH:0
end_of_record
TN:
SF:src/jobs/coinDiscovery.job.js
FN:14,startCoinDiscoveryJob
FNF:1
FNH:0
FNDA:0,startCoinDiscoveryJob
DA:15,0
LF:1
LH:0
BRF:0
BRH:0
end_of_record
TN:
SF:src/jobs/news.job.js
FN:8,(anonymous_0)
FN:10,(anonymous_1)
FNF:2
FNH:0
FNDA:0,(anonymous_0)
FNDA:0,(anonymous_1)
DA:8,0
DA:10,0
DA:11,0
DA:12,0
DA:13,0
DA:14,0
DA:16,0
DA:17,0
DA:18,0
DA:19,0
DA:21,0
DA:26,0
DA:28,0
DA:31,0
LF:14
LH:0
BRF:0
BRH:0
end_of_record
TN:
SF:src/jobs/portfolioSnapshot.job.js
FN:10,takePortfolioSnapshot
FN:51,startPortfolioSnapshotJob
FN:53,(anonymous_2)
FNF:3
FNH:0
FNDA:0,takePortfolioSnapshot
FNDA:0,startPortfolioSnapshotJob
FNDA:0,(anonymous_2)
DA:11,0
DA:12,0
DA:13,0
DA:14,0
DA:16,0
DA:20,0
DA:21,0
DA:31,0
DA:44,0
DA:53,0
DA:54,0
DA:55,0
DA:56,0
DA:58,0
DA:59,0
DA:60,0
DA:61,0
DA:64,0
DA:66,0
LF:19
LH:0
BRDA:20,0,0,0
BRDA:20,0,1,0
BRF:2
BRH:0
end_of_record
TN:
SF:src/jobs/priceSync.job.js
FN:21,startPriceSyncJob
FN:32,syncPrices
FN:35,(anonymous_2)
FNF:3
FNH:0
FNDA:0,startPriceSyncJob
FNDA:0,syncPrices
FNDA:0,(anonymous_2)
DA:19,0
DA:22,0
DA:25,0
DA:26,0
DA:27,0
DA:29,0
DA:33,0
DA:34,0
DA:35,0
DA:36,0
DA:38,0
LF:11
LH:0
BRF:0
BRH:0
end_of_record
TN:
SF:src/jobs/taxCalculation.job.js
FNF:0
FNH:0
LF:0
LH:0
BRF:0
BRH:0
end_of_record
TN:
SF:src/middlewares/auth.middleware.js
FN:32,authenticate
FNF:1
FNH:1
FNDA:16,authenticate
DA:34,16
DA:36,16
DA:37,16
DA:38,15
DA:39,1
DA:40,0
DA:43,16
DA:44,1
DA:48,15
DA:49,15
DA:50,0
DA:54,15
DA:55,15
DA:56,15
DA:57,15
DA:58,15
DA:60,0
DA:61,0
DA:64,0
LF:19
LH:14
BRDA:37,0,0,15
BRDA:37,0,1,1
BRDA:37,1,0,16
BRDA:37,1,1,15
BRDA:39,2,0,0
BRDA:39,2,1,1
BRDA:43,3,0,1
BRDA:43,3,1,15
BRDA:49,4,0,0
BRDA:49,4,1,15
BRDA:60,5,0,0
BRDA:60,5,1,0
BRF:12
BRH:8
end_of_record
TN:
SF:src/middlewares/error.middleware.js
FN:14,errorHandler
FN:28,(anonymous_1)
FN:74,notFoundHandler
FNF:3
FNH:1
FNDA:6,errorHandler
FNDA:0,(anonymous_1)
FNDA:0,notFoundHandler
DA:17,6
DA:18,0
DA:19,0
DA:27,6
DA:28,0
DA:29,0
DA:36,6
DA:37,0
DA:44,6
DA:45,0
DA:52,6
DA:53,0
DA:57,6
DA:58,6
DA:59,6
DA:63,0
DA:65,0
DA:75,0
LF:18
LH:8
BRDA:17,0,0,0
BRDA:17,0,1,6
BRDA:18,1,0,0
BRDA:18,1,1,0
BRDA:18,2,0,0
BRDA:18,2,1,0
BRDA:27,3,0,0
BRDA:27,3,1,6
BRDA:36,4,0,0
BRDA:36,4,1,6
BRDA:44,5,0,0
BRDA:44,5,1,6
BRDA:52,6,0,0
BRDA:52,6,1,6
BRDA:57,7,0,6
BRDA:57,7,1,0
BRDA:57,8,0,6
BRDA:57,8,1,6
BRDA:67,9,0,0
BRDA:67,9,1,0
BRF:20
BRH:8
end_of_record
TN:
SF:src/middlewares/idempotency.middleware.js
FN:34,(anonymous_0)
FN:44,(anonymous_1)
FN:49,(anonymous_2)
FN:54,(anonymous_3)
FN:75,idempotency
FN:86,(anonymous_5)
FN:103,(anonymous_6)
FN:109,(anonymous_7)
FN:120,(anonymous_8)
FNF:9
FNH:1
FNDA:0,(anonymous_0)
FNDA:0,(anonymous_1)
FNDA:0,(anonymous_2)
FNDA:0,(anonymous_3)
FNDA:10,idempotency
FNDA:0,(anonymous_5)
FNDA:0,(anonymous_6)
FNDA:0,(anonymous_7)
FNDA:0,(anonymous_8)
DA:30,4
DA:31,4
DA:33,4
DA:35,0
DA:36,0
DA:37,0
DA:38,0
DA:39,0
DA:41,0
DA:45,0
DA:49,0
DA:53,4
DA:54,0
DA:55,0
DA:56,0
DA:57,0
DA:76,10
DA:79,10
DA:82,0
DA:83,0
DA:86,0
DA:87,0
DA:89,0
DA:96,0
DA:97,0
DA:101,0
DA:103,0
DA:105,0
DA:106,0
DA:110,0
DA:115,0
DA:116,0
DA:119,0
DA:122,0
DA:125,0
LF:35
LH:6
BRDA:36,0,0,0
BRDA:36,0,1,0
BRDA:37,1,0,0
BRDA:37,1,1,0
BRDA:53,2,0,0
BRDA:53,2,1,4
BRDA:57,3,0,0
BRDA:57,3,1,0
BRDA:79,4,0,10
BRDA:79,4,1,0
BRDA:82,5,0,0
BRDA:82,5,1,0
BRDA:87,6,0,0
BRDA:87,6,1,0
BRDA:105,7,0,0
BRDA:105,7,1,0
BRDA:105,8,0,0
BRDA:105,8,1,0
BRF:18
BRH:2
end_of_record
TN:
SF:src/middlewares/rateLimit.middleware.js
FN:16,rateLimitHandler
FN:35,(anonymous_1)
FN:40,(anonymous_2)
FN:53,(anonymous_3)
FN:56,(anonymous_4)
FN:69,(anonymous_5)
FN:72,(anonymous_6)
FNF:7
FNH:2
FNDA:0,rateLimitHandler
FNDA:0,(anonymous_1)
FNDA:8,(anonymous_2)
FNDA:0,(anonymous_3)
FNDA:0,(anonymous_4)
FNDA:0,(anonymous_5)
FNDA:4,(anonymous_6)
DA:17,0
DA:28,4
DA:35,0
DA:40,8
DA:46,4
DA:53,0
DA:56,0
DA:62,4
DA:69,0
DA:72,4
LF:10
LH:5
BRDA:34,0,0,0
BRDA:34,0,1,4
BRDA:52,1,0,0
BRDA:52,1,1,4
BRDA:68,2,0,0
BRDA:68,2,1,4
BRF:6
BRH:3
end_of_record
TN:
SF:src/middlewares/requestId.middleware.js
FN:20,requestId
FNF:1
FNH:1
FNDA:25,requestId
DA:22,25
DA:24,25
DA:25,25
DA:27,25
LF:4
LH:4
BRDA:22,0,0,25
BRDA:22,0,1,25
BRF:2
BRH:2
end_of_record
TN:
SF:src/middlewares/tradeRateLimiter.middleware.js
FN:24,rateLimitHandler
FN:46,(anonymous_1)
FNF:2
FNH:1
FNDA:0,rateLimitHandler
FNDA:10,(anonymous_1)
DA:25,0
DA:38,4
DA:46,10
LF:3
LH:2
BRDA:28,0,0,0
BRDA:28,0,1,0
BRF:2
BRH:0
end_of_record
TN:
SF:src/middlewares/twofa.middleware.js
FNF:0
FNH:0
LF:0
LH:0
BRF:0
BRH:0
end_of_record
TN:
SF:src/middlewares/upload.middleware.js
FN:25,(anonymous_0)
FN:26,(anonymous_1)
FN:51,(anonymous_2)
FN:71,(anonymous_3)
FNF:4
FNH:4
FNDA:8,(anonymous_0)
FNDA:3,(anonymous_1)
FNDA:8,(anonymous_2)
FNDA:2,(anonymous_3)
DA:7,4
DA:10,4
DA:15,4
DA:20,4
DA:25,4
DA:26,8
DA:28,3
DA:29,3
DA:30,1
DA:31,1
DA:35,2
DA:36,2
DA:37,1
DA:38,1
DA:42,1
DA:44,1
DA:51,4
DA:52,8
DA:54,8
DA:65,4
DA:66,4
DA:71,4
DA:72,2
DA:73,0
DA:74,0
DA:75,0
DA:77,0
DA:78,2
DA:79,2
DA:80,2
DA:82,0
LF:31
LH:26
BRDA:29,0,0,1
BRDA:29,0,1,2
BRDA:35,1,0,2
BRDA:35,1,1,0
BRDA:36,2,0,1
BRDA:36,2,1,1
BRDA:52,3,0,8
BRDA:52,3,1,0
BRDA:72,4,0,0
BRDA:72,4,1,2
BRDA:74,5,0,0
BRDA:74,5,1,0
BRDA:78,6,0,2
BRDA:78,6,1,0
BRDA:80,7,0,2
BRDA:80,7,1,0
BRF:16
BRH:9
end_of_record
TN:
SF:src/middlewares/validate.middleware.js
FN:5,(anonymous_0)
FN:5,(anonymous_1)
FN:12,(anonymous_2)
FN:35,(anonymous_3)
FN:35,(anonymous_4)
FN:38,(anonymous_5)
FN:39,(anonymous_6)
FN:43,(anonymous_7)
FN:47,(anonymous_8)
FN:47,(anonymous_9)
FN:53,(anonymous_10)
FN:53,(anonymous_11)
FN:56,(anonymous_12)
FN:63,(anonymous_13)
FN:64,(anonymous_14)
FN:65,(anonymous_15)
FN:65,(anonymous_16)
FN:68,(anonymous_17)
FN:71,(anonymous_18)
FN:74,(anonymous_19)
FNF:20
FNH:7
FNDA:28,(anonymous_0)
FNDA:18,(anonymous_1)
FNDA:0,(anonymous_2)
FNDA:5,(anonymous_3)
FNDA:5,(anonymous_4)
FNDA:5,(anonymous_5)
FNDA:5,(anonymous_6)
FNDA:5,(anonymous_7)
FNDA:0,(anonymous_8)
FNDA:0,(anonymous_9)
FNDA:0,(anonymous_10)
FNDA:0,(anonymous_11)
FNDA:0,(anonymous_12)
FNDA:0,(anonymous_13)
FNDA:0,(anonymous_14)
FNDA:0,(anonymous_15)
FNDA:0,(anonymous_16)
FNDA:0,(anonymous_17)
FNDA:0,(anonymous_18)
FNDA:0,(anonymous_19)
DA:5,28
DA:6,18
DA:7,18
DA:8,18
DA:9,18
DA:11,0
DA:12,0
DA:13,0
DA:15,0
DA:19,4
DA:29,4
DA:34,4
DA:35,5
DA:38,5
DA:39,5
DA:42,4
DA:43,5
DA:46,4
DA:47,0
DA:52,4
DA:53,0
DA:57,0
DA:58,0
DA:62,4
DA:63,0
DA:64,0
DA:65,0
DA:69,0
DA:72,0
DA:75,0
DA:76,0
DA:78,0
DA:81,4
DA:82,4
DA:83,4
DA:84,4
DA:85,4
DA:86,4
DA:87,4
LF:39
LH:23
BRDA:5,0,0,24
BRDA:11,1,0,0
BRDA:11,1,1,0
BRDA:57,2,0,0
BRDA:57,2,1,0
BRDA:57,3,0,0
BRDA:57,3,1,0
BRDA:57,3,2,0
BRDA:63,4,0,0
BRDA:63,4,1,0
BRDA:64,5,0,0
BRDA:64,5,1,0
BRDA:65,6,0,0
BRDA:65,6,1,0
BRDA:65,7,0,0
BRDA:65,7,1,0
BRDA:69,8,0,0
BRDA:69,8,1,0
BRDA:72,9,0,0
BRDA:72,9,1,0
BRDA:75,10,0,0
BRDA:75,10,1,0
BRDA:75,11,0,0
BRDA:75,11,1,0
BRF:24
BRH:1
end_of_record
TN:
SF:src/services/aggregateSignalEngine.js
FN:8,(anonymous_0)
FN:39,(anonymous_1)
FNF:2
FNH:0
FNDA:0,(anonymous_0)
FNDA:0,(anonymous_1)
DA:8,0
DA:9,0
DA:11,0
DA:37,0
DA:39,0
DA:40,0
DA:41,0
DA:42,0
DA:45,0
DA:46,0
DA:50,0
DA:51,0
DA:52,0
DA:53,0
DA:54,0
DA:55,0
DA:58,0
LF:17
LH:0
BRDA:50,0,0,0
BRDA:50,0,1,0
BRDA:50,1,0,0
BRDA:50,1,1,0
BRDA:50,1,2,0
BRDA:51,2,0,0
BRDA:51,2,1,0
BRDA:53,3,0,0
BRDA:53,3,1,0
BRDA:53,4,0,0
BRDA:53,4,1,0
BRDA:54,5,0,0
BRDA:54,5,1,0
BRF:13
BRH:0
end_of_record
TN:
SF:src/services/auth.service.js
FN:35,signup
FN:89,login
FN:127,refreshAccessToken
FN:161,signAccessToken
FN:186,signRefreshToken
FN:199,issueTokenPair
FN:212,sanitiseUser
FNF:7
FNH:6
FNDA:6,signup
FNDA:2,login
FNDA:0,refreshAccessToken
FNDA:6,signAccessToken
FNDA:6,signRefreshToken
FNDA:6,issueTokenPair
FNDA:6,sanitiseUser
DA:24,4
DA:37,6
DA:38,6
DA:40,5
DA:44,5
DA:45,5
DA:48,0
DA:49,0
DA:53,5
DA:54,5
DA:55,5
DA:57,5
DA:68,0
DA:69,0
DA:72,5
DA:75,5
DA:76,5
DA:77,5
DA:78,5
DA:80,5
DA:81,5
DA:91,2
DA:94,2
DA:97,2
DA:98,2
DA:101,1
DA:107,1
DA:108,1
DA:109,1
DA:110,1
DA:111,1
DA:113,1
DA:115,1
DA:116,1
DA:130,0
DA:131,0
DA:133,0
DA:134,0
DA:136,0
DA:139,0
DA:143,0
DA:144,0
DA:145,0
DA:149,0
DA:150,0
DA:152,0
DA:163,6
DA:164,6
DA:171,6
DA:172,6
DA:173,6
DA:174,6
DA:175,6
DA:176,6
DA:179,6
DA:187,6
DA:188,6
DA:200,6
DA:201,6
DA:204,6
DA:205,6
DA:206,6
DA:208,6
DA:213,6
LF:64
LH:48
BRDA:38,0,0,1
BRDA:38,0,1,5
BRDA:48,1,0,0
BRDA:48,1,1,0
BRDA:94,2,0,0
BRDA:94,2,1,2
BRDA:98,3,0,1
BRDA:98,3,1,1
BRDA:103,4,0,1
BRDA:103,4,1,0
BRDA:104,5,0,1
BRDA:104,5,1,0
BRDA:108,6,0,0
BRDA:108,6,1,1
BRDA:110,7,0,0
BRDA:110,7,1,1
BRDA:133,8,0,0
BRDA:133,8,1,0
BRDA:144,9,0,0
BRDA:144,9,1,0
BRDA:163,10,0,6
BRDA:163,10,1,0
BRDA:171,11,0,6
BRDA:171,11,1,0
BRDA:187,12,0,6
BRDA:187,12,1,0
BRDA:205,13,0,6
BRDA:205,13,1,0
BRDA:217,14,0,6
BRDA:217,14,1,6
BRDA:218,15,0,6
BRDA:218,15,1,0
BRF:32
BRH:16
end_of_record
TN:
SF:src/services/backtestEngine.js
FN:8,(anonymous_0)
FN:134,(anonymous_1)
FN:135,(anonymous_2)
FNF:3
FNH:0
FNDA:0,(anonymous_0)
FNDA:0,(anonymous_1)
FNDA:0,(anonymous_2)
DA:8,4
DA:9,0
DA:12,0
DA:17,0
DA:18,0
DA:30,0
DA:36,0
DA:37,0
DA:38,0
DA:39,0
DA:40,0
DA:41,0
DA:42,0
DA:43,0
DA:44,0
DA:46,0
DA:48,0
DA:49,0
DA:50,0
DA:53,0
DA:54,0
DA:56,0
DA:58,0
DA:59,0
DA:60,0
DA:63,0
DA:65,0
DA:66,0
DA:67,0
DA:68,0
DA:69,0
DA:72,0
DA:73,0
DA:74,0
DA:76,0
DA:78,0
DA:79,0
DA:80,0
DA:83,0
DA:85,0
DA:86,0
DA:87,0
DA:88,0
DA:89,0
DA:92,0
DA:93,0
DA:94,0
DA:97,0
DA:101,0
DA:102,0
DA:103,0
DA:104,0
DA:105,0
DA:108,0
DA:109,0
DA:110,0
DA:114,0
DA:115,0
DA:116,0
DA:117,0
DA:118,0
DA:119,0
DA:120,0
DA:121,0
DA:122,0
DA:123,0
DA:124,0
DA:125,0
DA:126,0
DA:127,0
DA:130,0
DA:131,0
DA:134,0
DA:135,0
DA:136,0
DA:137,0
DA:139,0
LF:77
LH:1
BRDA:8,0,0,0
BRDA:17,1,0,0
BRDA:17,1,1,0
BRDA:53,2,0,0
BRDA:53,2,1,0
BRDA:56,3,0,0
BRDA:56,3,1,0
BRDA:56,4,0,0
BRDA:56,4,1,0
BRDA:63,5,0,0
BRDA:63,5,1,0
BRDA:69,6,0,0
BRDA:69,6,1,0
BRDA:76,7,0,0
BRDA:76,7,1,0
BRDA:76,8,0,0
BRDA:76,8,1,0
BRDA:83,9,0,0
BRDA:83,9,1,0
BRDA:89,10,0,0
BRDA:89,10,1,0
BRDA:102,11,0,0
BRDA:102,11,1,0
BRDA:104,12,0,0
BRDA:104,12,1,0
BRDA:108,13,0,0
BRDA:108,13,1,0
BRDA:110,14,0,0
BRDA:110,14,1,0
BRDA:114,15,0,0
BRDA:114,15,1,0
BRDA:114,16,0,0
BRDA:114,16,1,0
BRDA:120,17,0,0
BRDA:120,17,1,0
BRDA:121,18,0,0
BRDA:121,18,1,0
BRDA:121,19,0,0
BRDA:121,19,1,0
BRDA:127,20,0,0
BRDA:127,20,1,0
BRDA:131,21,0,0
BRDA:131,21,1,0
BRDA:134,22,0,0
BRDA:134,22,1,0
BRDA:135,23,0,0
BRDA:135,23,1,0
BRDA:137,24,0,0
BRDA:137,24,1,0
BRF:49
BRH:0
end_of_record
TN:
SF:src/services/closePosition.service.js
FN:44,closePosition
FNF:1
FNH:0
FNDA:0,closePosition
DA:46,0
DA:48,0
DA:49,0
DA:52,0
DA:53,0
DA:58,0
DA:62,0
DA:63,0
DA:70,0
DA:71,0
DA:72,0
DA:77,0
DA:80,0
DA:91,0
DA:93,0
LF:15
LH:0
BRDA:44,0,0,0
BRDA:48,1,0,0
BRDA:48,1,1,0
BRDA:52,2,0,0
BRDA:52,2,1,0
BRDA:58,3,0,0
BRDA:58,3,1,0
BRDA:62,4,0,0
BRDA:62,4,1,0
BRDA:71,5,0,0
BRDA:71,5,1,0
BRDA:71,6,0,0
BRDA:71,6,1,0
BRF:13
BRH:0
end_of_record
TN:
SF:src/services/confidenceEngine.js
FN:5,(anonymous_0)
FN:38,(anonymous_1)
FN:49,(anonymous_2)
FN:56,(anonymous_3)
FNF:4
FNH:0
FNDA:0,(anonymous_0)
FNDA:0,(anonymous_1)
FNDA:0,(anonymous_2)
FNDA:0,(anonymous_3)
DA:5,4
DA:7,0
DA:9,0
DA:11,0
DA:12,0
DA:15,0
DA:21,0
DA:22,0
DA:23,0
DA:24,0
DA:26,0
DA:27,0
DA:28,0
DA:31,0
DA:32,0
DA:33,0
DA:38,4
DA:39,0
DA:40,0
DA:42,0
DA:43,0
DA:44,0
DA:45,0
DA:46,0
DA:49,0
DA:50,0
DA:53,0
DA:56,0
DA:57,0
DA:60,0
DA:62,0
DA:63,0
DA:64,0
DA:66,0
DA:75,0
LF:35
LH:2
BRDA:12,0,0,0
BRDA:12,0,1,0
BRDA:21,1,0,0
BRDA:21,1,1,0
BRDA:22,2,0,0
BRDA:22,2,1,0
BRDA:27,3,0,0
BRDA:27,3,1,0
BRDA:27,4,0,0
BRDA:27,4,1,0
BRDA:27,4,2,0
BRDA:27,4,3,0
BRDA:44,5,0,0
BRDA:44,5,1,0
BRDA:63,6,0,0
BRDA:63,6,1,0
BRDA:63,7,0,0
BRDA:63,7,1,0
BRDA:64,8,0,0
BRDA:64,8,1,0
BRDA:64,9,0,0
BRDA:64,9,1,0
BRF:22
BRH:0
end_of_record
TN:
SF:src/services/correlationEngine.js
FN:9,(anonymous_0)
FN:34,(anonymous_1)
FNF:2
FNH:0
FNDA:0,(anonymous_0)
FNDA:0,(anonymous_1)
DA:9,0
DA:10,0
DA:12,0
DA:14,0
DA:15,0
DA:18,0
DA:22,0
DA:23,0
DA:30,0
DA:34,0
DA:36,0
DA:37,0
DA:39,0
DA:44,0
DA:45,0
DA:47,0
DA:49,0
DA:50,0
DA:51,0
DA:52,0
DA:53,0
DA:56,0
DA:57,0
DA:60,0
DA:69,0
LF:25
LH:0
BRDA:22,0,0,0
BRDA:22,0,1,0
BRDA:47,1,0,0
BRDA:47,1,1,0
BRDA:47,2,0,0
BRDA:47,2,1,0
BRDA:47,2,2,0
BRDA:47,2,3,0
BRDA:50,3,0,0
BRDA:50,3,1,0
BRDA:51,4,0,0
BRDA:51,4,1,0
BRF:12
BRH:0
end_of_record
TN:
SF:src/services/excel.service.js
FN:41,styleHeaderRow
FN:42,(anonymous_1)
FN:51,styleDataRow
FN:52,(anonymous_3)
FN:61,applyPnLColour
FN:68,addSheet
FN:77,buildSummarySheet
FN:145,buildPortfolioSheet
FN:165,(anonymous_8)
FN:180,buildTradesSheet
FN:203,(anonymous_10)
FN:218,buildLedgerSheet
FN:240,(anonymous_12)
FN:257,generateExcel
FNF:14
FNH:0
FNDA:0,styleHeaderRow
FNDA:0,(anonymous_1)
FNDA:0,styleDataRow
FNDA:0,(anonymous_3)
FNDA:0,applyPnLColour
FNDA:0,addSheet
FNDA:0,buildSummarySheet
FNDA:0,buildPortfolioSheet
FNDA:0,(anonymous_8)
FNDA:0,buildTradesSheet
FNDA:0,(anonymous_10)
FNDA:0,buildLedgerSheet
FNDA:0,(anonymous_12)
FNDA:0,generateExcel
DA:18,4
DA:28,4
DA:29,4
DA:30,4
DA:31,4
DA:32,4
DA:42,0
DA:43,0
DA:44,0
DA:45,0
DA:46,0
DA:48,0
DA:52,0
DA:53,0
DA:54,0
DA:55,0
DA:56,0
DA:62,0
DA:63,0
DA:64,0
DA:65,0
DA:69,0
DA:78,0
DA:80,0
DA:81,0
DA:82,0
DA:83,0
DA:84,0
DA:85,0
DA:87,0
DA:94,0
DA:95,0
DA:96,0
DA:97,0
DA:98,0
DA:99,0
DA:100,0
DA:101,0
DA:103,0
DA:106,0
DA:107,0
DA:108,0
DA:109,0
DA:110,0
DA:111,0
DA:113,0
DA:124,0
DA:125,0
DA:126,0
DA:127,0
DA:128,0
DA:129,0
DA:130,0
DA:132,0
DA:133,0
DA:134,0
DA:135,0
DA:137,0
DA:138,0
DA:141,0
DA:142,0
DA:146,0
DA:147,0
DA:157,0
DA:158,0
DA:160,0
DA:161,0
DA:162,0
DA:165,0
DA:166,0
DA:167,0
DA:168,0
DA:169,0
DA:170,0
DA:171,0
DA:172,0
DA:173,0
DA:174,0
DA:175,0
DA:176,0
DA:181,0
DA:182,0
DA:193,0
DA:194,0
DA:196,0
DA:197,0
DA:198,0
DA:201,0
DA:203,0
DA:204,0
DA:205,0
DA:206,0
DA:207,0
DA:208,0
DA:209,0
DA:210,0
DA:211,0
DA:213,0
DA:214,0
DA:219,0
DA:220,0
DA:230,0
DA:231,0
DA:233,0
DA:234,0
DA:235,0
DA:238,0
DA:240,0
DA:241,0
DA:242,0
DA:243,0
DA:244,0
DA:245,0
DA:246,0
DA:258,0
DA:259,0
DA:260,0
DA:261,0
DA:263,0
DA:264,0
DA:265,0
DA:266,0
DA:268,0
DA:269,0
DA:270,0
DA:271,0
DA:272,0
DA:274,0
DA:275,0
LF:129
LH:6
BRDA:55,0,0,0
BRDA:55,0,1,0
BRDA:62,1,0,0
BRDA:62,1,1,0
BRDA:62,2,0,0
BRDA:62,2,1,0
BRDA:64,3,0,0
BRDA:64,3,1,0
BRDA:65,4,0,0
BRDA:65,4,1,0
BRDA:90,5,0,0
BRDA:90,5,1,0
BRDA:90,6,0,0
BRDA:90,6,1,0
BRDA:91,7,0,0
BRDA:91,7,1,0
BRDA:132,8,0,0
BRDA:132,8,1,0
BRDA:133,9,0,0
BRDA:133,9,1,0
BRDA:160,10,0,0
BRDA:160,10,1,0
BRDA:196,11,0,0
BRDA:196,11,1,0
BRDA:204,12,0,0
BRDA:204,12,1,0
BRDA:204,13,0,0
BRDA:204,13,1,0
BRDA:209,14,0,0
BRDA:209,14,1,0
BRDA:213,15,0,0
BRDA:213,15,1,0
BRDA:233,16,0,0
BRDA:233,16,1,0
BRDA:241,17,0,0
BRDA:241,17,1,0
BRDA:241,18,0,0
BRDA:241,18,1,0
BRDA:241,19,0,0
BRDA:241,19,1,0
BRDA:241,20,0,0
BRDA:241,20,1,0
BRDA:243,21,0,0
BRDA:243,21,1,0
BRDA:244,22,0,0
BRDA:244,22,1,0
BRDA:245,23,0,0
BRDA:245,23,1,0
BRF:48
BRH:0
end_of_record
TN:
SF:src/services/export.service.js
FN:36,buildDateFilter
FN:47,fmtDate
FN:61,getReportData
FN:92,(anonymous_3)
FN:123,(anonymous_4)
FN:144,(anonymous_5)
FN:157,(anonymous_6)
FN:193,(anonymous_7)
FN:194,(anonymous_8)
FNF:9
FNH:0
FNDA:0,buildDateFilter
FNDA:0,fmtDate
FNDA:0,getReportData
FNDA:0,(anonymous_3)
FNDA:0,(anonymous_4)
FNDA:0,(anonymous_5)
FNDA:0,(anonymous_6)
FNDA:0,(anonymous_7)
FNDA:0,(anonymous_8)
DA:37,0
DA:38,0
DA:39,0
DA:40,0
DA:41,0
DA:42,0
DA:44,0
DA:48,0
DA:49,0
DA:62,0
DA:63,0
DA:66,0
DA:67,0
DA:70,0
DA:71,0
DA:73,0
DA:74,0
DA:75,0
DA:76,0
DA:77,0
DA:79,0
DA:80,0
DA:81,0
DA:85,0
DA:92,0
DA:93,0
DA:96,0
DA:97,0
DA:98,0
DA:99,0
DA:101,0
DA:102,0
DA:103,0
DA:104,0
DA:105,0
DA:106,0
DA:112,0
DA:113,0
DA:114,0
DA:115,0
DA:116,0
DA:117,0
DA:118,0
DA:119,0
DA:123,0
DA:124,0
DA:125,0
DA:126,0
DA:127,0
DA:128,0
DA:131,0
DA:144,0
DA:157,0
DA:169,0
DA:170,0
DA:171,0
DA:172,0
DA:174,0
DA:181,0
DA:193,0
DA:194,0
LF:61
LH:0
BRDA:38,0,0,0
BRDA:38,0,1,0
BRDA:39,1,0,0
BRDA:39,1,1,0
BRDA:48,2,0,0
BRDA:48,2,1,0
BRDA:61,3,0,0
BRDA:67,4,0,0
BRDA:67,4,1,0
BRDA:75,5,0,0
BRDA:75,5,1,0
BRDA:79,6,0,0
BRDA:79,6,1,0
BRDA:93,7,0,0
BRDA:93,7,1,0
BRDA:102,8,0,0
BRDA:102,8,1,0
BRDA:103,9,0,0
BRDA:103,9,1,0
BRDA:105,10,0,0
BRDA:105,10,1,0
BRDA:113,11,0,0
BRDA:113,11,1,0
BRDA:114,12,0,0
BRDA:114,12,1,0
BRDA:124,13,0,0
BRDA:124,13,1,0
BRDA:125,14,0,0
BRDA:125,14,1,0
BRDA:128,15,0,0
BRDA:128,15,1,0
BRDA:151,16,0,0
BRDA:151,16,1,0
BRDA:152,17,0,0
BRDA:152,17,1,0
BRDA:162,18,0,0
BRDA:162,18,1,0
BRDA:163,19,0,0
BRDA:163,19,1,0
BRDA:164,20,0,0
BRDA:164,20,1,0
BRDA:165,21,0,0
BRDA:165,21,1,0
BRDA:169,22,0,0
BRDA:169,22,1,0
BRDA:170,23,0,0
BRDA:170,23,1,0
BRDA:171,24,0,0
BRDA:171,24,1,0
BRDA:186,25,0,0
BRDA:186,25,1,0
BRDA:187,26,0,0
BRDA:187,26,1,0
BRDA:188,27,0,0
BRDA:188,27,1,0
BRF:55
BRH:0
end_of_record
TN:
SF:src/services/futures.service.js
FNF:0
FNH:0
LF:0
LH:0
BRF:0
BRH:0
end_of_record
TN:
SF:src/services/mlWeightOptimizer.js
FN:8,(anonymous_0)
FN:30,(anonymous_1)
FNF:2
FNH:0
FNDA:0,(anonymous_0)
FNDA:0,(anonymous_1)
DA:5,0
DA:6,0
DA:8,0
DA:9,0
DA:11,0
DA:13,0
DA:19,0
DA:22,0
DA:23,0
DA:26,0
DA:27,0
DA:28,0
DA:30,0
DA:31,0
DA:34,0
DA:37,0
DA:43,0
DA:44,0
DA:45,0
DA:48,0
DA:49,0
DA:50,0
DA:51,0
DA:52,0
DA:56,0
DA:57,0
DA:58,0
DA:59,0
DA:60,0
DA:61,0
DA:65,0
DA:66,0
DA:67,0
DA:68,0
DA:69,0
DA:70,0
DA:71,0
DA:74,0
LF:38
LH:0
BRDA:19,0,0,0
BRDA:19,0,1,0
BRDA:23,1,0,0
BRDA:23,1,1,0
BRDA:31,2,0,0
BRDA:31,2,1,0
BRDA:34,3,0,0
BRDA:34,3,1,0
BRDA:66,4,0,0
BRDA:66,4,1,0
BRF:10
BRH:0
end_of_record
TN:
SF:src/services/multiFactorSignalEngine.js
FN:10,(anonymous_0)
FN:28,(anonymous_1)
FN:49,(anonymous_2)
FN:62,(anonymous_3)
FN:74,(anonymous_4)
FN:133,(anonymous_5)
FNF:6
FNH:0
FNDA:0,(anonymous_0)
FNDA:0,(anonymous_1)
FNDA:0,(anonymous_2)
FNDA:0,(anonymous_3)
FNDA:0,(anonymous_4)
FNDA:0,(anonymous_5)
DA:10,4
DA:11,0
DA:14,0
DA:15,0
DA:24,0
DA:25,0
DA:26,0
DA:27,0
DA:28,0
DA:29,0
DA:30,0
DA:32,0
DA:36,0
DA:37,0
DA:38,0
DA:40,0
DA:41,0
DA:42,0
DA:43,0
DA:46,0
DA:49,0
DA:50,0
DA:51,0
DA:52,0
DA:53,0
DA:58,0
DA:59,0
DA:60,0
DA:61,0
DA:62,0
DA:63,0
DA:66,0
DA:70,0
DA:71,0
DA:72,0
DA:73,0
DA:74,0
DA:75,0
DA:76,0
DA:78,0
DA:82,0
DA:88,0
DA:91,0
DA:96,0
DA:97,0
DA:98,0
DA:99,0
DA:100,0
DA:102,0
DA:111,0
DA:112,0
DA:113,0
DA:115,0
DA:125,0
DA:133,4
DA:134,0
DA:135,0
DA:136,0
DA:137,0
DA:138,0
DA:140,0
LF:61
LH:2
BRDA:15,0,0,0
BRDA:15,0,1,0
BRDA:26,1,0,0
BRDA:26,1,1,0
BRDA:29,2,0,0
BRDA:29,2,1,0
BRDA:29,3,0,0
BRDA:29,3,1,0
BRDA:40,4,0,0
BRDA:40,4,1,0
BRDA:51,5,0,0
BRDA:51,5,1,0
BRDA:60,6,0,0
BRDA:60,6,1,0
BRDA:63,7,0,0
BRDA:63,7,1,0
BRDA:72,8,0,0
BRDA:72,8,1,0
BRDA:75,9,0,0
BRDA:75,9,1,0
BRDA:75,10,0,0
BRDA:75,10,1,0
BRDA:97,11,0,0
BRDA:97,11,1,0
BRDA:98,12,0,0
BRDA:98,12,1,0
BRDA:99,13,0,0
BRDA:99,13,1,0
BRDA:100,14,0,0
BRDA:100,14,1,0
BRDA:111,15,0,0
BRDA:111,15,1,0
BRDA:113,16,0,0
BRDA:113,16,1,0
BRF:34
BRH:0
end_of_record
TN:
SF:src/services/news.service.js
FN:6,(anonymous_0)
FN:40,(anonymous_1)
FN:46,(anonymous_2)
FNF:3
FNH:0
FNDA:0,(anonymous_0)
FNDA:0,(anonymous_1)
FNDA:0,(anonymous_2)
DA:6,4
DA:7,0
DA:8,0
DA:10,0
DA:11,0
DA:13,0
DA:14,0
DA:16,0
DA:17,0
DA:19,0
DA:30,0
DA:31,0
DA:33,0
DA:37,0
DA:40,4
DA:41,0
DA:42,0
DA:43,0
DA:46,4
DA:47,0
LF:20
LH:3
BRDA:14,0,0,0
BRDA:14,0,1,0
BRDA:24,1,0,0
BRDA:24,1,1,0
BRDA:40,2,0,0
BRDA:40,3,0,0
BRDA:40,4,0,0
BRDA:42,5,0,0
BRDA:42,5,1,0
BRDA:46,6,0,0
BRF:10
BRH:0
end_of_record
TN:
SF:src/services/newsAnalyzer.js
FN:53,(anonymous_0)
FN:81,(anonymous_1)
FNF:2
FNH:0
FNDA:0,(anonymous_0)
FNDA:0,(anonymous_1)
DA:3,4
DA:17,4
DA:18,4
DA:20,4
DA:22,4
DA:38,4
DA:53,4
DA:54,0
DA:57,0
DA:58,0
DA:59,0
DA:60,0
DA:61,0
DA:62,0
DA:67,0
DA:68,0
DA:69,0
DA:70,0
DA:71,0
DA:72,0
DA:73,0
DA:78,0
DA:79,0
DA:81,0
DA:82,0
DA:86,0
DA:87,0
DA:88,0
DA:89,0
DA:91,0
DA:92,0
DA:94,0
DA:96,0
DA:97,0
DA:98,0
DA:99,0
DA:103,0
DA:104,0
DA:105,0
DA:106,0
DA:109,0
DA:110,0
DA:111,0
DA:112,0
DA:117,0
DA:119,0
DA:120,0
DA:124,0
DA:125,0
DA:126,0
DA:129,0
DA:132,0
DA:133,0
DA:137,0
DA:138,0
DA:140,0
DA:141,0
DA:142,0
DA:143,0
DA:144,0
DA:145,0
DA:149,0
DA:152,0
DA:154,0
LF:64
LH:7
BRDA:54,0,0,0
BRDA:54,0,1,0
BRDA:54,1,0,0
BRDA:54,1,1,0
BRDA:54,2,0,0
BRDA:54,2,1,0
BRDA:57,3,0,0
BRDA:57,3,1,0
BRDA:57,3,2,0
BRDA:60,4,0,0
BRDA:60,4,1,0
BRDA:60,5,0,0
BRDA:60,5,1,0
BRDA:68,6,0,0
BRDA:68,6,1,0
BRDA:70,7,0,0
BRDA:70,7,1,0
BRDA:79,8,0,0
BRDA:79,8,1,0
BRDA:82,9,0,0
BRDA:82,9,1,0
BRDA:97,10,0,0
BRDA:97,10,1,0
BRDA:103,11,0,0
BRDA:103,11,1,0
BRDA:104,12,0,0
BRDA:104,12,1,0
BRDA:109,13,0,0
BRDA:109,13,1,0
BRDA:110,14,0,0
BRDA:110,14,1,0
BRDA:117,15,0,0
BRDA:117,15,1,0
BRDA:119,16,0,0
BRDA:119,16,1,0
BRDA:120,17,0,0
BRDA:120,17,1,0
BRDA:125,18,0,0
BRDA:125,18,1,0
BRDA:126,19,0,0
BRDA:126,19,1,0
BRDA:140,20,0,0
BRDA:140,20,1,0
BRDA:144,21,0,0
BRDA:144,21,1,0
BRF:45
BRH:0
end_of_record
TN:
SF:src/services/newsFetcher.js
FN:3,(anonymous_0)
FNF:1
FNH:0
FNDA:0,(anonymous_0)
DA:3,4
DA:4,0
DA:5,0
DA:6,0
DA:7,0
DA:12,0
DA:14,0
DA:15,0
DA:16,0
DA:17,0
DA:19,0
DA:20,0
DA:22,0
DA:23,0
LF:14
LH:1
BRDA:5,0,0,0
BRDA:5,0,1,0
BRDA:16,1,0,0
BRDA:16,1,1,0
BRDA:20,2,0,0
BRDA:20,2,1,0
BRF:6
BRH:0
end_of_record
TN:
SF:src/services/ohlc.service.js
FN:27,bucketOpenTime
FN:42,updateCandle
FN:43,(anonymous_2)
FN:65,(anonymous_3)
FN:82,getCandles
FN:98,(anonymous_5)
FNF:6
FNH:3
FNDA:18,bucketOpenTime
FNDA:3,updateCandle
FNDA:18,(anonymous_2)
FNDA:0,(anonymous_3)
FNDA:0,getCandles
FNDA:0,(anonymous_5)
DA:14,4
DA:28,18
DA:29,18
DA:43,3
DA:44,18
DA:46,18
DA:66,0
DA:70,3
DA:83,0
DA:84,0
DA:87,0
DA:88,0
DA:89,0
DA:91,0
DA:98,0
LF:15
LH:7
BRDA:42,0,0,0
BRDA:82,1,0,0
BRDA:82,2,0,0
BRDA:83,3,0,0
BRDA:83,3,1,0
BRDA:87,4,0,0
BRDA:87,4,1,0
BRDA:89,5,0,0
BRDA:89,5,1,0
BRF:9
BRH:0
end_of_record
TN:
SF:src/services/options.service.js
FNF:0
FNH:0
LF:0
LH:0
BRF:0
BRH:0
end_of_record
TN:
SF:src/services/order.service.js
FN:60,placeLimitOrder
FN:104,cancelOrder
FN:123,getUserOrders
FN:131,(anonymous_3)
FN:159,getOrderBookSnapshot
FN:188,getTradeHistory
FN:214,(anonymous_6)
FN:239,_runMatcher
FN:298,(anonymous_8)
FN:354,serializeOrder
FNF:10
FNH:0
FNDA:0,placeLimitOrder
FNDA:0,cancelOrder
FNDA:0,getUserOrders
FNDA:0,(anonymous_3)
FNDA:0,getOrderBookSnapshot
FNDA:0,getTradeHistory
FNDA:0,(anonymous_6)
FNDA:0,_runMatcher
FNDA:0,(anonymous_8)
FNDA:0,serializeOrder
DA:61,0
DA:63,0
DA:64,0
DA:67,0
DA:68,0
DA:70,0
DA:71,0
DA:74,0
DA:86,0
DA:89,0
DA:92,0
DA:94,0
DA:105,0
DA:106,0
DA:107,0
DA:108,0
DA:111,0
DA:112,0
DA:114,0
DA:115,0
DA:124,0
DA:125,0
DA:126,0
DA:128,0
DA:129,0
DA:130,0
DA:131,0
DA:132,0
DA:135,0
DA:138,0
DA:143,0
DA:160,0
DA:161,0
DA:163,0
DA:182,0
DA:189,0
DA:191,0
DA:192,0
DA:193,0
DA:195,0
DA:196,0
DA:197,0
DA:198,0
DA:199,0
DA:200,0
DA:201,0
DA:204,0
DA:209,0
DA:214,0
DA:240,0
DA:241,0
DA:246,0
DA:250,0
DA:254,0
DA:265,0
DA:267,0
DA:268,0
DA:270,0
DA:271,0
DA:275,0
DA:276,0
DA:278,0
DA:281,0
DA:285,0
DA:286,0
DA:288,0
DA:291,0
DA:292,0
DA:295,0
DA:298,0
DA:301,0
DA:302,0
DA:303,0
DA:307,0
DA:308,0
DA:309,0
DA:310,0
DA:317,0
DA:320,0
DA:321,0
DA:322,0
DA:323,0
DA:324,0
DA:325,0
DA:332,0
DA:334,0
DA:341,0
DA:349,0
DA:355,0
LF:89
LH:0
BRDA:63,0,0,0
BRDA:63,0,1,0
BRDA:70,1,0,0
BRDA:70,1,1,0
BRDA:71,2,0,0
BRDA:71,2,1,0
BRDA:106,3,0,0
BRDA:106,3,1,0
BRDA:107,4,0,0
BRDA:107,4,1,0
BRDA:123,5,0,0
BRDA:124,6,0,0
BRDA:124,6,1,0
BRDA:125,7,0,0
BRDA:125,7,1,0
BRDA:129,8,0,0
BRDA:129,8,1,0
BRDA:130,9,0,0
BRDA:130,9,1,0
BRDA:159,10,0,0
BRDA:160,11,0,0
BRDA:160,11,1,0
BRDA:188,12,0,0
BRDA:191,13,0,0
BRDA:191,13,1,0
BRDA:192,14,0,0
BRDA:192,14,1,0
BRDA:196,15,0,0
BRDA:196,15,1,0
BRDA:197,16,0,0
BRDA:197,16,1,0
BRDA:198,17,0,0
BRDA:198,17,1,0
BRDA:198,18,0,0
BRDA:198,18,1,0
BRDA:200,19,0,0
BRDA:200,19,1,0
BRDA:201,20,0,0
BRDA:201,20,1,0
BRDA:221,21,0,0
BRDA:221,21,1,0
BRDA:222,22,0,0
BRDA:222,22,1,0
BRDA:241,23,0,0
BRDA:241,23,1,0
BRDA:246,24,0,0
BRDA:246,24,1,0
BRDA:250,25,0,0
BRDA:250,25,1,0
BRDA:268,26,0,0
BRDA:268,26,1,0
BRDA:276,27,0,0
BRDA:276,27,1,0
BRDA:285,28,0,0
BRDA:285,28,1,0
BRDA:303,29,0,0
BRDA:303,29,1,0
BRDA:304,30,0,0
BRDA:304,30,1,0
BRDA:324,31,0,0
BRDA:324,31,1,0
BRF:61
BRH:0
end_of_record
TN:
SF:src/services/pdf.service.js
FN:53,usd
FN:59,qty
FN:64,pct
FN:69,pnlColor
FN:79,drawFooter
FN:96,drawSectionHeading
FN:110,drawKVRow
FN:125,drawTableHeader
FN:131,(anonymous_8)
FN:146,drawTableRow
FN:152,(anonymous_10)
FN:166,drawCoverPage
FN:216,drawSummarySection
FN:241,drawPortfolioSection
FN:255,(anonymous_14)
FN:268,drawTradesSection
FN:281,(anonymous_16)
FN:294,drawLedgerSection
FN:309,(anonymous_18)
FN:329,generatePDF
FN:330,(anonymous_20)
FNF:21
FNH:0
FNDA:0,usd
FNDA:0,qty
FNDA:0,pct
FNDA:0,pnlColor
FNDA:0,drawFooter
FNDA:0,drawSectionHeading
FNDA:0,drawKVRow
FNDA:0,drawTableHeader
FNDA:0,(anonymous_8)
FNDA:0,drawTableRow
FNDA:0,(anonymous_10)
FNDA:0,drawCoverPage
FNDA:0,drawSummarySection
FNDA:0,drawPortfolioSection
FNDA:0,(anonymous_14)
FNDA:0,drawTradesSection
FNDA:0,(anonymous_16)
FNDA:0,drawLedgerSection
FNDA:0,(anonymous_18)
FNDA:0,generatePDF
FNDA:0,(anonymous_20)
DA:25,4
DA:26,4
DA:27,4
DA:28,4
DA:29,4
DA:31,4
DA:46,4
DA:54,0
DA:55,0
DA:56,0
DA:60,0
DA:61,0
DA:65,0
DA:66,0
DA:70,0
DA:71,0
DA:80,0
DA:81,0
DA:97,0
DA:104,0
DA:111,0
DA:117,0
DA:126,0
DA:130,0
DA:131,0
DA:132,0
DA:134,0
DA:136,0
DA:137,0
DA:147,0
DA:148,0
DA:149,0
DA:151,0
DA:152,0
DA:153,0
DA:154,0
DA:158,0
DA:161,0
DA:168,0
DA:173,0
DA:181,0
DA:186,0
DA:187,0
DA:193,0
DA:194,0
DA:198,0
DA:200,0
DA:207,0
DA:217,0
DA:219,0
DA:231,0
DA:232,0
DA:233,0
DA:234,0
DA:235,0
DA:236,0
DA:238,0
DA:242,0
DA:243,0
DA:245,0
DA:246,0
DA:248,0
DA:251,0
DA:252,0
DA:253,0
DA:255,0
DA:256,0
DA:257,0
DA:258,0
DA:259,0
DA:261,0
DA:262,0
DA:263,0
DA:265,0
DA:269,0
DA:270,0
DA:272,0
DA:273,0
DA:274,0
DA:277,0
DA:278,0
DA:279,0
DA:281,0
DA:282,0
DA:283,0
DA:284,0
DA:285,0
DA:287,0
DA:288,0
DA:289,0
DA:291,0
DA:295,0
DA:296,0
DA:298,0
DA:299,0
DA:300,0
DA:303,0
DA:304,0
DA:305,0
DA:307,0
DA:309,0
DA:310,0
DA:311,0
DA:312,0
DA:313,0
DA:315,0
DA:316,0
DA:317,0
DA:319,0
DA:330,0
DA:331,0
DA:344,0
DA:345,0
DA:346,0
DA:347,0
DA:348,0
DA:350,0
DA:351,0
DA:352,0
DA:353,0
DA:356,0
DA:359,0
DA:360,0
DA:361,0
DA:362,0
DA:365,0
DA:366,0
DA:367,0
DA:369,0
DA:372,0
DA:373,0
DA:374,0
DA:375,0
DA:377,0
DA:381,0
DA:382,0
DA:383,0
DA:384,0
DA:386,0
DA:390,0
DA:391,0
DA:392,0
DA:393,0
DA:396,0
DA:397,0
LF:145
LH:7
BRDA:54,0,0,0
BRDA:54,0,1,0
BRDA:55,1,0,0
BRDA:55,1,1,0
BRDA:59,2,0,0
BRDA:60,3,0,0
BRDA:60,3,1,0
BRDA:65,4,0,0
BRDA:65,4,1,0
BRDA:66,5,0,0
BRDA:66,5,1,0
BRDA:70,6,0,0
BRDA:70,6,1,0
BRDA:70,7,0,0
BRDA:70,7,1,0
BRDA:71,8,0,0
BRDA:71,8,1,0
BRDA:110,9,0,0
BRDA:110,10,0,0
BRDA:133,11,0,0
BRDA:133,11,1,0
BRDA:146,12,0,0
BRDA:148,13,0,0
BRDA:148,13,1,0
BRDA:153,14,0,0
BRDA:153,14,1,0
BRDA:156,15,0,0
BRDA:156,15,1,0
BRDA:156,16,0,0
BRDA:156,16,1,0
BRDA:189,17,0,0
BRDA:189,17,1,0
BRDA:189,18,0,0
BRDA:189,18,1,0
BRDA:190,19,0,0
BRDA:190,19,1,0
BRDA:227,20,0,0
BRDA:227,20,1,0
BRDA:233,21,0,0
BRDA:233,21,1,0
BRDA:235,22,0,0
BRDA:235,22,1,0
BRDA:245,23,0,0
BRDA:245,23,1,0
BRDA:256,24,0,0
BRDA:256,24,1,0
BRDA:272,25,0,0
BRDA:272,25,1,0
BRDA:282,26,0,0
BRDA:282,26,1,0
BRDA:287,27,0,0
BRDA:287,27,1,0
BRDA:288,28,0,0
BRDA:288,28,1,0
BRDA:298,29,0,0
BRDA:298,29,1,0
BRDA:310,30,0,0
BRDA:310,30,1,0
BRDA:315,31,0,0
BRDA:315,31,1,0
BRDA:316,32,0,0
BRDA:316,32,1,0
BRDA:340,33,0,0
BRDA:340,33,1,0
BRDA:340,34,0,0
BRDA:340,34,1,0
BRDA:365,35,0,0
BRDA:365,35,1,0
BRDA:372,36,0,0
BRDA:372,36,1,0
BRDA:373,37,0,0
BRDA:373,37,1,0
BRDA:381,38,0,0
BRDA:381,38,1,0
BRDA:382,39,0,0
BRDA:382,39,1,0
BRDA:393,40,0,0
BRDA:393,40,1,0
BRF:78
BRH:0
end_of_record
TN:
SF:src/services/performanceEngine.js
FN:5,(anonymous_0)
FN:12,(anonymous_1)
FN:16,(anonymous_2)
FN:20,(anonymous_3)
FNF:4
FNH:0
FNDA:0,(anonymous_0)
FNDA:0,(anonymous_1)
FNDA:0,(anonymous_2)
FNDA:0,(anonymous_3)
DA:5,0
DA:6,0
DA:8,0
DA:9,0
DA:10,0
DA:12,0
DA:13,0
DA:15,0
DA:16,0
DA:18,0
DA:19,0
DA:20,0
DA:21,0
DA:24,0
DA:25,0
DA:26,0
DA:28,0
LF:17
LH:0
BRDA:10,0,0,0
BRDA:10,0,1,0
BRDA:19,1,0,0
BRDA:19,1,1,0
BRDA:25,2,0,0
BRDA:25,2,1,0
BRDA:25,3,0,0
BRDA:25,3,1,0
BRDA:26,4,0,0
BRDA:26,4,1,0
BRDA:26,5,0,0
BRDA:26,5,1,0
BRF:12
BRH:0
end_of_record
TN:
SF:src/services/portfolio.service.js
FN:29,getPortfolio
FN:50,(anonymous_1)
FN:58,(anonymous_2)
FNF:3
FNH:3
FNDA:3,getPortfolio
FNDA:3,(anonymous_1)
FNDA:3,(anonymous_2)
DA:30,3
DA:35,3
DA:37,3
DA:39,3
DA:40,0
DA:50,3
DA:51,3
DA:54,3
DA:55,3
DA:56,3
DA:58,3
DA:59,3
DA:60,3
DA:61,3
DA:62,3
DA:64,3
DA:65,3
DA:66,3
DA:70,3
DA:71,3
DA:72,3
DA:74,3
DA:88,3
DA:89,3
DA:93,3
LF:25
LH:24
BRDA:35,0,0,0
BRDA:35,0,1,3
BRDA:39,1,0,0
BRDA:39,1,1,3
BRDA:61,2,0,3
BRDA:61,2,1,0
BRDA:62,3,0,3
BRDA:62,3,1,0
BRDA:66,4,0,3
BRDA:66,4,1,0
BRDA:83,5,0,3
BRDA:83,5,1,0
BRDA:89,6,0,0
BRDA:89,6,1,3
BRF:14
BRH:7
end_of_record
TN:
SF:src/services/price.service.js
FN:28,getPrice
FN:50,(anonymous_1)
FN:70,getPrices
FN:72,(anonymous_3)
FN:79,(anonymous_4)
FN:91,(anonymous_5)
FNF:6
FNH:3
FNDA:0,getPrice
FNDA:0,(anonymous_1)
FNDA:3,getPrices
FNDA:3,(anonymous_3)
FNDA:3,(anonymous_4)
FNDA:0,(anonymous_5)
DA:16,4
DA:17,4
DA:29,0
DA:30,0
DA:31,0
DA:34,0
DA:35,0
DA:36,0
DA:38,0
DA:39,0
DA:40,0
DA:42,0
DA:43,0
DA:44,0
DA:47,0
DA:50,0
DA:52,0
DA:54,0
DA:57,0
DA:58,0
DA:60,0
DA:61,0
DA:72,3
DA:73,3
DA:74,3
DA:77,3
DA:78,3
DA:79,3
DA:80,3
DA:81,3
DA:82,0
DA:83,0
DA:86,0
DA:87,0
DA:88,0
DA:89,0
DA:90,0
DA:91,0
DA:95,3
DA:100,3
DA:101,3
DA:102,3
DA:103,3
DA:105,3
LF:44
LH:16
BRDA:30,0,0,0
BRDA:30,0,1,0
BRDA:30,1,0,0
BRDA:30,1,1,0
BRDA:36,2,0,0
BRDA:36,2,1,0
BRDA:40,3,0,0
BRDA:40,3,1,0
BRDA:44,4,0,0
BRDA:44,4,1,0
BRDA:58,5,0,0
BRDA:58,5,1,0
BRDA:74,6,0,3
BRDA:74,6,1,0
BRDA:77,7,0,3
BRDA:77,7,1,0
BRDA:82,8,0,0
BRDA:82,8,1,0
BRDA:89,9,0,0
BRDA:89,9,1,0
BRDA:103,10,0,0
BRDA:103,10,1,3
BRF:22
BRH:3
end_of_record
TN:
SF:src/services/report.service.js
FN:32,generateReport
FN:51,(anonymous_1)
FN:52,(anonymous_2)
FN:72,(anonymous_3)
FN:121,(anonymous_4)
FN:130,(anonymous_5)
FN:163,(anonymous_6)
FN:173,(anonymous_7)
FNF:8
FNH:0
FNDA:0,generateReport
FNDA:0,(anonymous_1)
FNDA:0,(anonymous_2)
FNDA:0,(anonymous_3)
FNDA:0,(anonymous_4)
FNDA:0,(anonymous_5)
FNDA:0,(anonymous_6)
FNDA:0,(anonymous_7)
DA:34,0
DA:35,0
DA:36,0
DA:37,0
DA:38,0
DA:39,0
DA:42,0
DA:43,0
DA:46,0
DA:51,0
DA:52,0
DA:58,0
DA:60,0
DA:61,0
DA:62,0
DA:63,0
DA:65,0
DA:66,0
DA:72,0
DA:73,0
DA:75,0
DA:76,0
DA:78,0
DA:79,0
DA:80,0
DA:81,0
DA:82,0
DA:83,0
DA:87,0
DA:89,0
DA:90,0
DA:91,0
DA:92,0
DA:102,0
DA:103,0
DA:105,0
DA:106,0
DA:107,0
DA:109,0
DA:110,0
DA:111,0
DA:112,0
DA:113,0
DA:114,0
DA:115,0
DA:120,0
DA:121,0
DA:130,0
DA:133,0
DA:135,0
DA:136,0
DA:137,0
DA:146,0
DA:148,0
DA:149,0
DA:150,0
DA:152,0
DA:153,0
DA:154,0
DA:155,0
DA:156,0
DA:157,0
DA:158,0
DA:163,0
DA:173,0
DA:185,0
DA:191,0
LF:67
LH:0
BRDA:35,0,0,0
BRDA:35,0,1,0
BRDA:36,1,0,0
BRDA:36,1,1,0
BRDA:43,2,0,0
BRDA:43,2,1,0
BRDA:61,3,0,0
BRDA:61,3,1,0
BRDA:63,4,0,0
BRDA:63,4,1,0
BRDA:73,5,0,0
BRDA:73,5,1,0
BRDA:79,6,0,0
BRDA:79,6,1,0
BRDA:80,7,0,0
BRDA:80,7,1,0
BRDA:91,8,0,0
BRDA:91,8,1,0
BRDA:105,9,0,0
BRDA:105,9,1,0
BRDA:111,10,0,0
BRDA:111,10,1,0
BRDA:113,11,0,0
BRDA:113,11,1,0
BRDA:136,12,0,0
BRDA:136,12,1,0
BRDA:148,13,0,0
BRDA:148,13,1,0
BRDA:154,14,0,0
BRDA:154,14,1,0
BRDA:156,15,0,0
BRDA:156,15,1,0
BRDA:180,16,0,0
BRDA:180,16,1,0
BRDA:181,17,0,0
BRDA:181,17,1,0
BRF:36
BRH:0
end_of_record
TN:
SF:src/services/reservation.service.js
FN:38,reserve
FN:66,release
FN:91,settle
FNF:3
FNH:0
FNDA:0,reserve
FNDA:0,release
FNDA:0,settle
DA:25,0
DA:39,0
DA:55,0
DA:67,0
DA:79,0
DA:92,0
DA:102,0
LF:7
LH:0
BRF:0
BRH:0
end_of_record
TN:
SF:src/services/signalEngine.js
FN:12,(anonymous_0)
FNF:1
FNH:0
FNDA:0,(anonymous_0)
DA:12,4
DA:13,0
DA:15,0
DA:16,0
DA:17,0
DA:19,0
DA:20,0
DA:21,0
DA:22,0
DA:24,0
DA:25,0
DA:28,0
LF:12
LH:1
BRDA:19,0,0,0
BRDA:19,0,1,0
BRDA:19,1,0,0
BRDA:19,1,1,0
BRDA:19,1,2,0
BRDA:22,2,0,0
BRDA:22,2,1,0
BRDA:22,3,0,0
BRDA:22,3,1,0
BRF:9
BRH:0
end_of_record
TN:
SF:src/services/tax.service.js
FNF:0
FNH:0
LF:0
LH:0
BRF:0
BRH:0
end_of_record
TN:
SF:src/services/tds.service.js
FNF:0
FNH:0
LF:0
LH:0
BRF:0
BRH:0
end_of_record
TN:
SF:src/services/trade.service.js
FN:54,tryStartSession
FN:66,tryCommit
FN:70,tryAbort
FN:76,endSession
FN:80,isM0Error
FN:96,writeLedger
FN:129,executeBuy
FN:227,(anonymous_7)
FN:258,executeSell
FN:349,(anonymous_9)
FN:378,depositFunds
FNF:11
FNH:9
FNDA:11,tryStartSession
FNDA:8,tryCommit
FNDA:3,tryAbort
FNDA:11,endSession
FNDA:3,isM0Error
FNDA:6,writeLedger
FNDA:3,executeBuy
FNDA:0,(anonymous_7)
FNDA:2,executeSell
FNDA:0,(anonymous_9)
FNDA:6,depositFunds
DA:50,4
DA:55,11
DA:56,1
DA:57,1
DA:58,1
DA:59,1
DA:61,0
DA:62,0
DA:67,8
DA:71,3
DA:72,1
DA:77,11
DA:81,3
DA:82,3
DA:83,3
DA:100,6
DA:113,6
DA:130,3
DA:131,3
DA:132,3
DA:134,3
DA:136,3
DA:138,3
DA:139,3
DA:141,3
DA:143,3
DA:144,1
DA:151,2
DA:153,2
DA:154,2
DA:157,2
DA:160,2
DA:161,0
DA:165,0
DA:166,0
DA:168,0
DA:169,0
DA:170,0
DA:171,0
DA:173,2
DA:174,2
DA:187,2
DA:202,2
DA:203,2
DA:205,2
DA:215,2
DA:225,2
DA:227,2
DA:228,2
DA:230,2
DA:233,1
DA:234,1
DA:235,0
DA:236,0
DA:237,0
DA:239,1
DA:241,3
DA:259,2
DA:260,2
DA:261,2
DA:263,2
DA:265,2
DA:267,2
DA:268,2
DA:270,1
DA:271,1
DA:272,0
DA:279,1
DA:280,1
DA:283,1
DA:285,1
DA:288,0
DA:291,1
DA:292,1
DA:293,1
DA:295,1
DA:299,1
DA:300,1
DA:302,1
DA:303,1
DA:305,1
DA:306,1
DA:309,1
DA:324,1
DA:325,1
DA:327,1
DA:337,1
DA:347,1
DA:349,1
DA:350,1
DA:352,1
DA:355,1
DA:356,1
DA:357,0
DA:358,0
DA:359,0
DA:361,1
DA:363,2
DA:379,6
DA:380,6
DA:382,6
DA:383,6
DA:384,5
DA:386,5
DA:387,5
DA:389,5
DA:390,5
DA:392,5
DA:406,5
DA:407,5
DA:408,5
DA:411,1
DA:412,1
DA:413,1
DA:414,1
DA:416,0
DA:418,6
LF:117
LH:99
BRDA:55,0,0,10
BRDA:55,0,1,1
BRDA:67,1,0,0
BRDA:67,1,1,8
BRDA:71,2,0,1
BRDA:71,2,1,2
BRDA:77,3,0,1
BRDA:77,3,1,10
BRDA:81,4,0,0
BRDA:81,4,1,3
BRDA:82,5,0,3
BRDA:82,5,1,0
BRDA:84,6,0,3
BRDA:84,6,1,2
BRDA:84,6,2,2
BRDA:84,6,3,2
BRDA:106,7,0,3
BRDA:106,7,1,3
BRDA:107,8,0,3
BRDA:107,8,1,3
BRDA:108,9,0,6
BRDA:108,9,1,0
BRDA:109,10,0,6
BRDA:109,10,1,0
BRDA:111,11,0,0
BRDA:111,11,1,6
BRDA:139,12,0,0
BRDA:139,12,1,3
BRDA:143,13,0,1
BRDA:143,13,1,2
BRDA:160,14,0,0
BRDA:160,14,1,2
BRDA:182,15,0,0
BRDA:182,15,1,2
BRDA:198,16,0,0
BRDA:198,16,1,2
BRDA:234,17,0,0
BRDA:234,17,1,1
BRDA:268,18,0,1
BRDA:268,18,1,1
BRDA:271,19,0,0
BRDA:271,19,1,1
BRDA:285,20,0,0
BRDA:285,20,1,1
BRDA:285,21,0,1
BRDA:285,21,1,1
BRDA:300,22,0,0
BRDA:300,22,1,1
BRDA:320,23,0,0
BRDA:320,23,1,1
BRDA:344,24,0,1
BRDA:344,24,1,0
BRDA:356,25,0,0
BRDA:356,25,1,1
BRDA:384,26,0,0
BRDA:384,26,1,5
BRDA:403,27,0,0
BRDA:403,27,1,5
BRDA:412,28,0,1
BRDA:412,28,1,0
BRF:60
BRH:40
end_of_record
TN:
SF:src/services/trendEngine.js
FN:8,(anonymous_0)
FNF:1
FNH:0
FNDA:0,(anonymous_0)
DA:8,4
DA:9,0
DA:12,0
DA:39,0
DA:40,0
LF:5
LH:1
BRF:0
BRH:0
end_of_record
TN:
SF:src/services/wallet.service.js
FN:27,(anonymous_0)
FN:34,getWalletBalance
FN:52,getDerivedBalance
FN:89,auditBalance
FN:119,getLedger
FN:162,serializeLedger
FNF:6
FNH:0
FNDA:0,(anonymous_0)
FNDA:0,getWalletBalance
FNDA:0,getDerivedBalance
FNDA:0,auditBalance
FNDA:0,getLedger
FNDA:0,serializeLedger
DA:27,4
DA:35,0
DA:36,0
DA:37,0
DA:54,0
DA:64,0
DA:66,0
DA:67,0
DA:68,0
DA:71,0
DA:78,0
DA:90,0
DA:95,0
DA:96,0
DA:98,0
DA:99,0
DA:102,0
DA:120,0
DA:121,0
DA:122,0
DA:125,0
DA:126,0
DA:127,0
DA:129,0
DA:130,0
DA:132,0
DA:133,0
DA:134,0
DA:135,0
DA:136,0
DA:137,0
DA:138,0
DA:142,0
DA:151,0
DA:163,0
LF:35
LH:1
BRDA:36,0,0,0
BRDA:36,0,1,0
BRDA:39,1,0,0
BRDA:39,1,1,0
BRDA:68,2,0,0
BRDA:68,2,1,0
BRDA:98,3,0,0
BRDA:98,3,1,0
BRDA:119,4,0,0
BRDA:120,5,0,0
BRDA:120,5,1,0
BRDA:121,6,0,0
BRDA:121,6,1,0
BRDA:126,7,0,0
BRDA:126,7,1,0
BRDA:126,8,0,0
BRDA:126,8,1,0
BRDA:129,9,0,0
BRDA:129,9,1,0
BRDA:132,10,0,0
BRDA:132,10,1,0
BRDA:132,11,0,0
BRDA:132,11,1,0
BRDA:134,12,0,0
BRDA:134,12,1,0
BRDA:135,13,0,0
BRDA:135,13,1,0
BRF:27
BRH:0
end_of_record
TN:
SF:src/services/websocket.service.js
FNF:0
FNH:0
LF:0
LH:0
BRF:0
BRH:0
end_of_record
TN:
SF:src/services/realtime/twitterStream.service.js
FN:12,(anonymous_0)
FN:15,(anonymous_1)
FNF:2
FNH:0
FNDA:0,(anonymous_0)
FNDA:0,(anonymous_1)
DA:5,0
DA:6,0
DA:12,0
DA:13,0
DA:15,0
DA:17,0
DA:18,0
DA:20,0
DA:21,0
DA:22,0
DA:23,0
DA:24,0
DA:26,0
DA:29,0
DA:31,0
DA:40,0
DA:41,0
DA:42,0
DA:44,0
LF:19
LH:0
BRDA:21,0,0,0
BRDA:21,0,1,0
BRDA:23,1,0,0
BRDA:23,1,1,0
BRDA:29,2,0,0
BRDA:29,2,1,0
BRF:6
BRH:0
end_of_record
TN:
SF:src/services/realtime/websocket.service.js
FN:6,(anonymous_0)
FN:9,(anonymous_1)
FN:13,(anonymous_2)
FN:21,(anonymous_3)
FN:25,(anonymous_4)
FNF:5
FNH:0
FNDA:0,(anonymous_0)
FNDA:0,(anonymous_1)
FNDA:0,(anonymous_2)
FNDA:0,(anonymous_3)
FNDA:0,(anonymous_4)
DA:4,0
DA:6,0
DA:7,0
DA:9,0
DA:10,0
DA:11,0
DA:13,0
DA:14,0
DA:18,0
DA:21,0
DA:22,0
DA:23,0
DA:25,0
DA:26,0
DA:27,0
LF:15
LH:0
BRDA:22,0,0,0
BRDA:22,0,1,0
BRDA:26,1,0,0
BRDA:26,1,1,0
BRF:4
BRH:0
end_of_record
TN:
SF:src/services/realtime/whaleAlert.service.js
FN:12,(anonymous_0)
FN:15,(anonymous_1)
FNF:2
FNH:0
FNDA:0,(anonymous_0)
FNDA:0,(anonymous_1)
DA:5,0
DA:6,0
DA:12,0
DA:13,0
DA:15,0
DA:17,0
DA:18,0
DA:20,0
DA:21,0
DA:23,0
DA:24,0
DA:26,0
DA:36,0
DA:37,0
DA:38,0
DA:40,0
LF:16
LH:0
BRDA:18,0,0,0
BRDA:18,0,1,0
BRDA:20,1,0,0
BRDA:20,1,1,0
BRDA:20,2,0,0
BRDA:20,2,1,0
BRDA:23,3,0,0
BRDA:23,3,1,0
BRDA:24,4,0,0
BRDA:24,4,1,0
BRF:10
BRH:0
end_of_record
