{"/Users/vaibhav/Desktop/solidus/Crypto-trading-platform/backend/src/controllers/alert.controller.js": {"path":"/Users/vaibhav/Desktop/solidus/Crypto-trading-platform/backend/src/controllers/alert.controller.js","statementMap":{"0":{"start":{"line":4,"column":2},"end":{"line":16,"column":3}},"1":{"start":{"line":5,"column":19},"end":{"line":8,"column":13}},"2":{"start":{"line":10,"column":4},"end":{"line":13,"column":7}},"3":{"start":{"line":15,"column":4},"end":{"line":15,"column":14}},"4":{"start":{"line":20,"column":2},"end":{"line":24,"column":3}},"5":{"start":{"line":21,"column":4},"end":{"line":21,"column":50}},"6":{"start":{"line":23,"column":4},"end":{"line":23,"column":50}}},"fnMap":{"0":{"name":"getAlerts","decl":{"start":{"line":3,"column":22},"end":{"line":3,"column":31}},"loc":{"start":{"line":3,"column":48},"end":{"line":17,"column":1}},"line":3},"1":{"name":"createAlert","decl":{"start":{"line":19,"column":22},"end":{"line":19,"column":33}},"loc":{"start":{"line":19,"column":66},"end":{"line":25,"column":1}},"line":19}},"branchMap":{"0":{"loc":{"start":{"line":19,"column":51},"end":{"line":19,"column":64}},"type":"default-arg","locations":[{"start":{"line":19,"column":58},"end":{"line":19,"column":64}}],"line":19}},"s":{"0":0,"1":0,"2":0,"3":0,"4":5,"5":5,"6":0},"f":{"0":0,"1":5},"b":{"0":[0]},"inputSourceMap":null,"_coverageSchema":"1a1c01bbd47fc00a2c39e90264f33305004495a9","hash":"54e240d455c5b63203cd5bf58ca827a2d1107208"}
,"/Users/vaibhav/Desktop/solidus/Crypto-trading-platform/backend/src/controllers/auth.controller.js": {"path":"/Users/vaibhav/Desktop/solidus/Crypto-trading-platform/backend/src/controllers/auth.controller.js","statementMap":{"0":{"start":{"line":16,"column":17},"end":{"line":16,"column":57}},"1":{"start":{"line":17,"column":17},"end":{"line":21,"column":3}},"2":{"start":{"line":24,"column":2},"end":{"line":30,"column":3}},"3":{"start":{"line":25,"column":4},"end":{"line":25,"column":54}},"4":{"start":{"line":26,"column":4},"end":{"line":26,"column":38}},"5":{"start":{"line":27,"column":4},"end":{"line":27,"column":42}},"6":{"start":{"line":28,"column":4},"end":{"line":28,"column":57}},"7":{"start":{"line":29,"column":4},"end":{"line":29,"column":45}},"8":{"start":{"line":32,"column":2},"end":{"line":32,"column":15}},"9":{"start":{"line":36,"column":13},"end":{"line":36,"column":53}},"10":{"start":{"line":37,"column":2},"end":{"line":41,"column":4}},"11":{"start":{"line":45,"column":23},"end":{"line":45,"column":44}},"12":{"start":{"line":46,"column":23},"end":{"line":46,"column":45}},"13":{"start":{"line":47,"column":2},"end":{"line":47,"column":39}},"14":{"start":{"line":52,"column":20},"end":{"line":57,"column":1}},"15":{"start":{"line":67,"column":2},"end":{"line":67,"column":90}},"16":{"start":{"line":68,"column":2},"end":{"line":68,"column":99}},"17":{"start":{"line":70,"column":2},"end":{"line":75,"column":5}},"18":{"start":{"line":79,"column":16},"end":{"line":79,"column":45}},"19":{"start":{"line":80,"column":2},"end":{"line":80,"column":43}},"20":{"start":{"line":81,"column":2},"end":{"line":81,"column":43}},"21":{"start":{"line":82,"column":2},"end":{"line":82,"column":123}},"22":{"start":{"line":89,"column":2},"end":{"line":96,"column":3}},"23":{"start":{"line":90,"column":38},"end":{"line":90,"column":46}},"24":{"start":{"line":91,"column":19},"end":{"line":91,"column":70}},"25":{"start":{"line":92,"column":4},"end":{"line":92,"column":61}},"26":{"start":{"line":93,"column":4},"end":{"line":93,"column":74}},"27":{"start":{"line":95,"column":4},"end":{"line":95,"column":14}},"28":{"start":{"line":101,"column":2},"end":{"line":120,"column":3}},"29":{"start":{"line":102,"column":32},"end":{"line":102,"column":40}},"30":{"start":{"line":103,"column":19},"end":{"line":108,"column":6}},"31":{"start":{"line":109,"column":4},"end":{"line":109,"column":61}},"32":{"start":{"line":112,"column":4},"end":{"line":115,"column":7}},"33":{"start":{"line":117,"column":4},"end":{"line":117,"column":62}},"34":{"start":{"line":119,"column":4},"end":{"line":119,"column":14}},"35":{"start":{"line":133,"column":2},"end":{"line":153,"column":3}},"36":{"start":{"line":137,"column":4},"end":{"line":139,"column":5}},"37":{"start":{"line":138,"column":6},"end":{"line":138,"column":74}},"38":{"start":{"line":140,"column":42},"end":{"line":140,"column":72}},"39":{"start":{"line":141,"column":19},"end":{"line":141,"column":71}},"40":{"start":{"line":142,"column":20},"end":{"line":142,"column":44}},"41":{"start":{"line":143,"column":4},"end":{"line":143,"column":60}},"42":{"start":{"line":144,"column":4},"end":{"line":144,"column":47}},"43":{"start":{"line":147,"column":4},"end":{"line":147,"column":58}},"44":{"start":{"line":150,"column":4},"end":{"line":150,"column":57}},"45":{"start":{"line":152,"column":4},"end":{"line":152,"column":72}},"46":{"start":{"line":163,"column":2},"end":{"line":184,"column":3}},"47":{"start":{"line":164,"column":17},"end":{"line":164,"column":66}},"48":{"start":{"line":165,"column":17},"end":{"line":165,"column":56}},"49":{"start":{"line":166,"column":4},"end":{"line":168,"column":5}},"50":{"start":{"line":167,"column":6},"end":{"line":167,"column":78}},"51":{"start":{"line":169,"column":4},"end":{"line":181,"column":7}},"52":{"start":{"line":183,"column":4},"end":{"line":183,"column":14}},"53":{"start":{"line":192,"column":2},"end":{"line":203,"column":3}},"54":{"start":{"line":193,"column":18},"end":{"line":193,"column":71}},"55":{"start":{"line":194,"column":4},"end":{"line":196,"column":5}},"56":{"start":{"line":195,"column":6},"end":{"line":195,"column":91}},"57":{"start":{"line":197,"column":19},"end":{"line":197,"column":62}},"58":{"start":{"line":199,"column":4},"end":{"line":199,"column":97}},"59":{"start":{"line":200,"column":4},"end":{"line":200,"column":68}},"60":{"start":{"line":202,"column":4},"end":{"line":202,"column":14}},"61":{"start":{"line":210,"column":2},"end":{"line":221,"column":3}},"62":{"start":{"line":212,"column":4},"end":{"line":212,"column":64}},"63":{"start":{"line":212,"column":19},"end":{"line":212,"column":64}},"64":{"start":{"line":213,"column":4},"end":{"line":216,"column":5}},"65":{"start":{"line":214,"column":6},"end":{"line":214,"column":50}},"66":{"start":{"line":215,"column":6},"end":{"line":215,"column":74}},"67":{"start":{"line":217,"column":4},"end":{"line":217,"column":22}},"68":{"start":{"line":218,"column":4},"end":{"line":218,"column":61}},"69":{"start":{"line":220,"column":4},"end":{"line":220,"column":14}}},"fnMap":{"0":{"name":"signAccessToken","decl":{"start":{"line":15,"column":9},"end":{"line":15,"column":24}},"loc":{"start":{"line":15,"column":31},"end":{"line":33,"column":1}},"line":15},"1":{"name":"signRefreshToken","decl":{"start":{"line":35,"column":9},"end":{"line":35,"column":25}},"loc":{"start":{"line":35,"column":32},"end":{"line":42,"column":1}},"line":35},"2":{"name":"issueTokenPair","decl":{"start":{"line":44,"column":9},"end":{"line":44,"column":23}},"loc":{"start":{"line":44,"column":30},"end":{"line":48,"column":1}},"line":44},"3":{"name":"setCookies","decl":{"start":{"line":66,"column":9},"end":{"line":66,"column":19}},"loc":{"start":{"line":66,"column":52},"end":{"line":76,"column":1}},"line":66},"4":{"name":"clearCookies","decl":{"start":{"line":78,"column":9},"end":{"line":78,"column":21}},"loc":{"start":{"line":78,"column":27},"end":{"line":83,"column":1}},"line":78},"5":{"name":"signup","decl":{"start":{"line":88,"column":22},"end":{"line":88,"column":28}},"loc":{"start":{"line":88,"column":45},"end":{"line":97,"column":1}},"line":88},"6":{"name":"login","decl":{"start":{"line":100,"column":22},"end":{"line":100,"column":27}},"loc":{"start":{"line":100,"column":44},"end":{"line":121,"column":1}},"line":100},"7":{"name":"googleCallback","decl":{"start":{"line":132,"column":22},"end":{"line":132,"column":36}},"loc":{"start":{"line":132,"column":47},"end":{"line":154,"column":1}},"line":132},"8":{"name":"me","decl":{"start":{"line":162,"column":22},"end":{"line":162,"column":24}},"loc":{"start":{"line":162,"column":41},"end":{"line":185,"column":1}},"line":162},"9":{"name":"refresh","decl":{"start":{"line":191,"column":22},"end":{"line":191,"column":29}},"loc":{"start":{"line":191,"column":46},"end":{"line":204,"column":1}},"line":191},"10":{"name":"logout","decl":{"start":{"line":209,"column":22},"end":{"line":209,"column":28}},"loc":{"start":{"line":209,"column":45},"end":{"line":222,"column":1}},"line":209}},"branchMap":{"0":{"loc":{"start":{"line":16,"column":17},"end":{"line":16,"column":57}},"type":"cond-expr","locations":[{"start":{"line":16,"column":28},"end":{"line":16,"column":47}},{"start":{"line":16,"column":50},"end":{"line":16,"column":57}}],"line":16},"1":{"loc":{"start":{"line":24,"column":2},"end":{"line":30,"column":3}},"type":"if","locations":[{"start":{"line":24,"column":2},"end":{"line":30,"column":3}},{"start":{},"end":{}}],"line":24},"2":{"loc":{"start":{"line":36,"column":13},"end":{"line":36,"column":53}},"type":"cond-expr","locations":[{"start":{"line":36,"column":24},"end":{"line":36,"column":43}},{"start":{"line":36,"column":46},"end":{"line":36,"column":53}}],"line":36},"3":{"loc":{"start":{"line":54,"column":12},"end":{"line":54,"column":40}},"type":"cond-expr","locations":[{"start":{"line":54,"column":26},"end":{"line":54,"column":32}},{"start":{"line":54,"column":35},"end":{"line":54,"column":40}}],"line":54},"4":{"loc":{"start":{"line":71,"column":14},"end":{"line":71,"column":42}},"type":"cond-expr","locations":[{"start":{"line":71,"column":28},"end":{"line":71,"column":34}},{"start":{"line":71,"column":37},"end":{"line":71,"column":42}}],"line":71},"5":{"loc":{"start":{"line":82,"column":48},"end":{"line":82,"column":76}},"type":"cond-expr","locations":[{"start":{"line":82,"column":62},"end":{"line":82,"column":68}},{"start":{"line":82,"column":71},"end":{"line":82,"column":76}}],"line":82},"6":{"loc":{"start":{"line":106,"column":17},"end":{"line":106,"column":69}},"type":"binary-expr","locations":[{"start":{"line":106,"column":17},"end":{"line":106,"column":23}},{"start":{"line":106,"column":27},"end":{"line":106,"column":56}},{"start":{"line":106,"column":60},"end":{"line":106,"column":69}}],"line":106},"7":{"loc":{"start":{"line":107,"column":17},"end":{"line":107,"column":55}},"type":"binary-expr","locations":[{"start":{"line":107,"column":17},"end":{"line":107,"column":42}},{"start":{"line":107,"column":46},"end":{"line":107,"column":55}}],"line":107},"8":{"loc":{"start":{"line":114,"column":10},"end":{"line":114,"column":62}},"type":"binary-expr","locations":[{"start":{"line":114,"column":10},"end":{"line":114,"column":16}},{"start":{"line":114,"column":20},"end":{"line":114,"column":49}},{"start":{"line":114,"column":53},"end":{"line":114,"column":62}}],"line":114},"9":{"loc":{"start":{"line":137,"column":4},"end":{"line":139,"column":5}},"type":"if","locations":[{"start":{"line":137,"column":4},"end":{"line":139,"column":5}},{"start":{},"end":{}}],"line":137},"10":{"loc":{"start":{"line":141,"column":19},"end":{"line":141,"column":71}},"type":"cond-expr","locations":[{"start":{"line":141,"column":34},"end":{"line":141,"column":57}},{"start":{"line":141,"column":60},"end":{"line":141,"column":71}}],"line":141},"11":{"loc":{"start":{"line":166,"column":4},"end":{"line":168,"column":5}},"type":"if","locations":[{"start":{"line":166,"column":4},"end":{"line":168,"column":5}},{"start":{},"end":{}}],"line":166},"12":{"loc":{"start":{"line":177,"column":25},"end":{"line":177,"column":48}},"type":"binary-expr","locations":[{"start":{"line":177,"column":25},"end":{"line":177,"column":42}},{"start":{"line":177,"column":46},"end":{"line":177,"column":48}}],"line":177},"13":{"loc":{"start":{"line":179,"column":25},"end":{"line":179,"column":48}},"type":"binary-expr","locations":[{"start":{"line":179,"column":25},"end":{"line":179,"column":42}},{"start":{"line":179,"column":46},"end":{"line":179,"column":48}}],"line":179},"14":{"loc":{"start":{"line":193,"column":18},"end":{"line":193,"column":71}},"type":"binary-expr","locations":[{"start":{"line":193,"column":18},"end":{"line":193,"column":39}},{"start":{"line":193,"column":43},"end":{"line":193,"column":71}}],"line":193},"15":{"loc":{"start":{"line":194,"column":4},"end":{"line":196,"column":5}},"type":"if","locations":[{"start":{"line":194,"column":4},"end":{"line":196,"column":5}},{"start":{},"end":{}}],"line":194},"16":{"loc":{"start":{"line":212,"column":4},"end":{"line":212,"column":64}},"type":"if","locations":[{"start":{"line":212,"column":4},"end":{"line":212,"column":64}},{"start":{},"end":{}}],"line":212},"17":{"loc":{"start":{"line":213,"column":4},"end":{"line":216,"column":5}},"type":"if","locations":[{"start":{"line":213,"column":4},"end":{"line":216,"column":5}},{"start":{},"end":{}}],"line":213}},"s":{"0":0,"1":0,"2":0,"3":0,"4":0,"5":0,"6":0,"7":0,"8":0,"9":0,"10":0,"11":0,"12":0,"13":0,"14":4,"15":6,"16":6,"17":6,"18":0,"19":0,"20":0,"21":0,"22":6,"23":6,"24":6,"25":5,"26":5,"27":1,"28":2,"29":2,"30":2,"31":1,"32":1,"33":1,"34":1,"35":0,"36":0,"37":0,"38":0,"39":0,"40":0,"41":0,"42":0,"43":0,"44":0,"45":0,"46":0,"47":0,"48":0,"49":0,"50":0,"51":0,"52":0,"53":0,"54":0,"55":0,"56":0,"57":0,"58":0,"59":0,"60":0,"61":0,"62":0,"63":0,"64":0,"65":0,"66":0,"67":0,"68":0,"69":0},"f":{"0":0,"1":0,"2":0,"3":6,"4":0,"5":6,"6":2,"7":0,"8":0,"9":0,"10":0},"b":{"0":[0,0],"1":[0,0],"2":[0,0],"3":[0,4],"4":[0,6],"5":[0,0],"6":[2,0,0],"7":[2,2],"8":[1,0,0],"9":[0,0],"10":[0,0],"11":[0,0],"12":[0,0],"13":[0,0],"14":[0,0],"15":[0,0],"16":[0,0],"17":[0,0]},"inputSourceMap":null,"_coverageSchema":"1a1c01bbd47fc00a2c39e90264f33305004495a9","hash":"2ecca27b0b815481762dc2ce4bbee4e2fb7be10a"}
,"/Users/vaibhav/Desktop/solidus/Crypto-trading-platform/backend/src/controllers/closePosition.controller.js": {"path":"/Users/vaibhav/Desktop/solidus/Crypto-trading-platform/backend/src/controllers/closePosition.controller.js","statementMap":{"0":{"start":{"line":40,"column":2},"end":{"line":125,"column":3}},"1":{"start":{"line":41,"column":20},"end":{"line":41,"column":31}},"2":{"start":{"line":42,"column":31},"end":{"line":42,"column":39}},"3":{"start":{"line":46,"column":6},"end":{"line":46,"column":57}},"4":{"start":{"line":49,"column":21},"end":{"line":49,"column":48}},"5":{"start":{"line":50,"column":4},"end":{"line":54,"column":6}},"6":{"start":{"line":58,"column":22},"end":{"line":58,"column":48}},"7":{"start":{"line":61,"column":4},"end":{"line":61,"column":81}},"8":{"start":{"line":64,"column":4},"end":{"line":80,"column":7}},"9":{"start":{"line":83,"column":4},"end":{"line":92,"column":7}},"10":{"start":{"line":94,"column":4},"end":{"line":100,"column":7}},"11":{"start":{"line":102,"column":4},"end":{"line":117,"column":7}},"12":{"start":{"line":120,"column":4},"end":{"line":122,"column":43}},"13":{"start":{"line":121,"column":6},"end":{"line":121,"column":87}},"14":{"start":{"line":124,"column":4},"end":{"line":124,"column":14}}},"fnMap":{"0":{"name":"closeTrade","decl":{"start":{"line":39,"column":22},"end":{"line":39,"column":32}},"loc":{"start":{"line":39,"column":49},"end":{"line":126,"column":1}},"line":39}},"branchMap":{"0":{"loc":{"start":{"line":46,"column":40},"end":{"line":46,"column":56}},"type":"binary-expr","locations":[{"start":{"line":46,"column":40},"end":{"line":46,"column":48}},{"start":{"line":46,"column":52},"end":{"line":46,"column":56}}],"line":46},"1":{"loc":{"start":{"line":49,"column":21},"end":{"line":49,"column":48}},"type":"cond-expr","locations":[{"start":{"line":49,"column":40},"end":{"line":49,"column":43}},{"start":{"line":49,"column":46},"end":{"line":49,"column":48}}],"line":49},"2":{"loc":{"start":{"line":53,"column":6},"end":{"line":53,"column":46}},"type":"cond-expr","locations":[{"start":{"line":53,"column":25},"end":{"line":53,"column":34}},{"start":{"line":53,"column":37},"end":{"line":53,"column":46}}],"line":53},"3":{"loc":{"start":{"line":89,"column":17},"end":{"line":89,"column":33}},"type":"binary-expr","locations":[{"start":{"line":89,"column":17},"end":{"line":89,"column":28}},{"start":{"line":89,"column":32},"end":{"line":89,"column":33}}],"line":89}},"s":{"0":0,"1":0,"2":0,"3":0,"4":0,"5":0,"6":0,"7":0,"8":0,"9":0,"10":0,"11":0,"12":0,"13":0,"14":0},"f":{"0":0},"b":{"0":[0,0],"1":[0,0],"2":[0,0],"3":[0,0]},"inputSourceMap":null,"_coverageSchema":"1a1c01bbd47fc00a2c39e90264f33305004495a9","hash":"93049432d89e54b5d82d3661116ffbaf41a64e75"}
,"/Users/vaibhav/Desktop/solidus/Crypto-trading-platform/backend/src/controllers/futures.controller.js": {"path":"/Users/vaibhav/Desktop/solidus/Crypto-trading-platform/backend/src/controllers/futures.controller.js","statementMap":{},"fnMap":{},"branchMap":{},"s":{},"f":{},"b":{},"inputSourceMap":null}
,"/Users/vaibhav/Desktop/solidus/Crypto-trading-platform/backend/src/controllers/options.controller.js": {"path":"/Users/vaibhav/Desktop/solidus/Crypto-trading-platform/backend/src/controllers/options.controller.js","statementMap":{},"fnMap":{},"branchMap":{},"s":{},"f":{},"b":{},"inputSourceMap":null}
,"/Users/vaibhav/Desktop/solidus/Crypto-trading-platform/backend/src/controllers/order.controller.js": {"path":"/Users/vaibhav/Desktop/solidus/Crypto-trading-platform/backend/src/controllers/order.controller.js","statementMap":{"0":{"start":{"line":19,"column":2},"end":{"line":39,"column":3}},"1":{"start":{"line":20,"column":44},"end":{"line":20,"column":52}},"2":{"start":{"line":21,"column":29},"end":{"line":23,"column":5}},"3":{"start":{"line":24,"column":16},"end":{"line":26,"column":49}},"4":{"start":{"line":28,"column":4},"end":{"line":28,"column":128}},"5":{"start":{"line":30,"column":4},"end":{"line":33,"column":5}},"6":{"start":{"line":31,"column":24},"end":{"line":31,"column":55}},"7":{"start":{"line":32,"column":6},"end":{"line":32,"column":81}},"8":{"start":{"line":35,"column":4},"end":{"line":35,"column":56}},"9":{"start":{"line":37,"column":4},"end":{"line":37,"column":76}},"10":{"start":{"line":38,"column":4},"end":{"line":38,"column":14}},"11":{"start":{"line":46,"column":2},"end":{"line":51,"column":3}},"12":{"start":{"line":47,"column":18},"end":{"line":47,"column":81}},"13":{"start":{"line":48,"column":4},"end":{"line":48,"column":64}},"14":{"start":{"line":50,"column":4},"end":{"line":50,"column":14}},"15":{"start":{"line":61,"column":2},"end":{"line":67,"column":3}},"16":{"start":{"line":62,"column":42},"end":{"line":62,"column":51}},"17":{"start":{"line":63,"column":17},"end":{"line":63,"column":93}},"18":{"start":{"line":64,"column":4},"end":{"line":64,"column":58}},"19":{"start":{"line":66,"column":4},"end":{"line":66,"column":14}},"20":{"start":{"line":78,"column":2},"end":{"line":85,"column":3}},"21":{"start":{"line":79,"column":21},"end":{"line":79,"column":31}},"22":{"start":{"line":80,"column":18},"end":{"line":80,"column":49}},"23":{"start":{"line":81,"column":17},"end":{"line":81,"column":69}},"24":{"start":{"line":82,"column":4},"end":{"line":82,"column":62}},"25":{"start":{"line":84,"column":4},"end":{"line":84,"column":14}},"26":{"start":{"line":95,"column":2},"end":{"line":101,"column":3}},"27":{"start":{"line":96,"column":50},"end":{"line":96,"column":59}},"28":{"start":{"line":97,"column":17},"end":{"line":97,"column":103}},"29":{"start":{"line":98,"column":4},"end":{"line":98,"column":65}},"30":{"start":{"line":100,"column":4},"end":{"line":100,"column":14}},"31":{"start":{"line":114,"column":2},"end":{"line":121,"column":3}},"32":{"start":{"line":115,"column":22},"end":{"line":115,"column":32}},"33":{"start":{"line":116,"column":53},"end":{"line":116,"column":62}},"34":{"start":{"line":117,"column":20},"end":{"line":117,"column":91}},"35":{"start":{"line":118,"column":4},"end":{"line":118,"column":102}},"36":{"start":{"line":120,"column":4},"end":{"line":120,"column":14}}},"fnMap":{"0":{"name":"placeOrder","decl":{"start":{"line":18,"column":22},"end":{"line":18,"column":32}},"loc":{"start":{"line":18,"column":49},"end":{"line":40,"column":1}},"line":18},"1":{"name":"cancelOrder","decl":{"start":{"line":45,"column":22},"end":{"line":45,"column":33}},"loc":{"start":{"line":45,"column":50},"end":{"line":52,"column":1}},"line":45},"2":{"name":"getOrders","decl":{"start":{"line":60,"column":22},"end":{"line":60,"column":31}},"loc":{"start":{"line":60,"column":48},"end":{"line":68,"column":1}},"line":60},"3":{"name":"getOrderBook","decl":{"start":{"line":77,"column":22},"end":{"line":77,"column":34}},"loc":{"start":{"line":77,"column":51},"end":{"line":86,"column":1}},"line":77},"4":{"name":"getTradeHistory","decl":{"start":{"line":94,"column":22},"end":{"line":94,"column":37}},"loc":{"start":{"line":94,"column":54},"end":{"line":102,"column":1}},"line":94},"5":{"name":"getOHLC","decl":{"start":{"line":113,"column":22},"end":{"line":113,"column":29}},"loc":{"start":{"line":113,"column":46},"end":{"line":122,"column":1}},"line":113}},"branchMap":{"0":{"loc":{"start":{"line":24,"column":16},"end":{"line":26,"column":49}},"type":"cond-expr","locations":[{"start":{"line":25,"column":8},"end":{"line":25,"column":60}},{"start":{"line":26,"column":8},"end":{"line":26,"column":49}}],"line":24},"1":{"loc":{"start":{"line":30,"column":4},"end":{"line":33,"column":5}},"type":"if","locations":[{"start":{"line":30,"column":4},"end":{"line":33,"column":5}},{"start":{},"end":{}}],"line":30},"2":{"loc":{"start":{"line":80,"column":18},"end":{"line":80,"column":49}},"type":"binary-expr","locations":[{"start":{"line":80,"column":18},"end":{"line":80,"column":43}},{"start":{"line":80,"column":47},"end":{"line":80,"column":49}}],"line":80},"3":{"loc":{"start":{"line":116,"column":12},"end":{"line":116,"column":27}},"type":"default-arg","locations":[{"start":{"line":116,"column":23},"end":{"line":116,"column":27}}],"line":116},"4":{"loc":{"start":{"line":116,"column":29},"end":{"line":116,"column":40}},"type":"default-arg","locations":[{"start":{"line":116,"column":37},"end":{"line":116,"column":40}}],"line":116},"5":{"loc":{"start":{"line":117,"column":60},"end":{"line":117,"column":90}},"type":"cond-expr","locations":[{"start":{"line":117,"column":69},"end":{"line":117,"column":83}},{"start":{"line":117,"column":86},"end":{"line":117,"column":90}}],"line":117}},"s":{"0":0,"1":0,"2":0,"3":0,"4":0,"5":0,"6":0,"7":0,"8":0,"9":0,"10":0,"11":0,"12":0,"13":0,"14":0,"15":0,"16":0,"17":0,"18":0,"19":0,"20":0,"21":0,"22":0,"23":0,"24":0,"25":0,"26":0,"27":0,"28":0,"29":0,"30":0,"31":0,"32":0,"33":0,"34":0,"35":0,"36":0},"f":{"0":0,"1":0,"2":0,"3":0,"4":0,"5":0},"b":{"0":[0,0],"1":[0,0],"2":[0,0],"3":[0],"4":[0],"5":[0,0]},"inputSourceMap":null,"_coverageSchema":"1a1c01bbd47fc00a2c39e90264f33305004495a9","hash":"da6b649a8b2eb43e69a7d291d9af64c710cc53e1"}
,"/Users/vaibhav/Desktop/solidus/Crypto-trading-platform/backend/src/controllers/portfolio.controller.js": {"path":"/Users/vaibhav/Desktop/solidus/Crypto-trading-platform/backend/src/controllers/portfolio.controller.js","statementMap":{"0":{"start":{"line":12,"column":2},"end":{"line":12,"column":57}},"1":{"start":{"line":13,"column":2},"end":{"line":13,"column":39}},"2":{"start":{"line":14,"column":2},"end":{"line":20,"column":3}},"3":{"start":{"line":15,"column":17},"end":{"line":15,"column":48}},"4":{"start":{"line":16,"column":4},"end":{"line":16,"column":65}},"5":{"start":{"line":17,"column":4},"end":{"line":17,"column":61}},"6":{"start":{"line":19,"column":4},"end":{"line":19,"column":14}}},"fnMap":{"0":{"name":"portfolio","decl":{"start":{"line":11,"column":22},"end":{"line":11,"column":31}},"loc":{"start":{"line":11,"column":48},"end":{"line":21,"column":1}},"line":11}},"branchMap":{},"s":{"0":0,"1":0,"2":0,"3":0,"4":0,"5":0,"6":0},"f":{"0":0},"b":{},"inputSourceMap":null,"_coverageSchema":"1a1c01bbd47fc00a2c39e90264f33305004495a9","hash":"8264b6125f4b5f006fc2d34f35a1c97b3d66b280"}
,"/Users/vaibhav/Desktop/solidus/Crypto-trading-platform/backend/src/controllers/report.controller.js": {"path":"/Users/vaibhav/Desktop/solidus/Crypto-trading-platform/backend/src/controllers/report.controller.js","statementMap":{"0":{"start":{"line":27,"column":2},"end":{"line":33,"column":3}},"1":{"start":{"line":28,"column":35},"end":{"line":28,"column":44}},"2":{"start":{"line":29,"column":17},"end":{"line":29,"column":70}},"3":{"start":{"line":30,"column":4},"end":{"line":30,"column":60}},"4":{"start":{"line":32,"column":4},"end":{"line":32,"column":14}},"5":{"start":{"line":41,"column":2},"end":{"line":62,"column":3}},"6":{"start":{"line":42,"column":17},"end":{"line":42,"column":50}},"7":{"start":{"line":45,"column":19},"end":{"line":45,"column":20}},"8":{"start":{"line":46,"column":20},"end":{"line":46,"column":21}},"9":{"start":{"line":47,"column":4},"end":{"line":50,"column":5}},"10":{"start":{"line":48,"column":6},"end":{"line":48,"column":30}},"11":{"start":{"line":49,"column":6},"end":{"line":49,"column":32}},"12":{"start":{"line":52,"column":4},"end":{"line":59,"column":7}},"13":{"start":{"line":61,"column":4},"end":{"line":61,"column":14}},"14":{"start":{"line":74,"column":2},"end":{"line":87,"column":3}},"15":{"start":{"line":75,"column":42},"end":{"line":75,"column":51}},"16":{"start":{"line":77,"column":4},"end":{"line":77,"column":94}},"17":{"start":{"line":79,"column":17},"end":{"line":79,"column":80}},"18":{"start":{"line":80,"column":4},"end":{"line":80,"column":35}},"19":{"start":{"line":84,"column":4},"end":{"line":84,"column":43}},"20":{"start":{"line":84,"column":26},"end":{"line":84,"column":43}},"21":{"start":{"line":85,"column":4},"end":{"line":85,"column":70}},"22":{"start":{"line":86,"column":4},"end":{"line":86,"column":21}},"23":{"start":{"line":99,"column":2},"end":{"line":111,"column":3}},"24":{"start":{"line":100,"column":42},"end":{"line":100,"column":51}},"25":{"start":{"line":102,"column":4},"end":{"line":102,"column":92}},"26":{"start":{"line":104,"column":17},"end":{"line":104,"column":80}},"27":{"start":{"line":105,"column":4},"end":{"line":105,"column":33}},"28":{"start":{"line":108,"column":4},"end":{"line":108,"column":43}},"29":{"start":{"line":108,"column":26},"end":{"line":108,"column":43}},"30":{"start":{"line":109,"column":4},"end":{"line":109,"column":68}},"31":{"start":{"line":110,"column":4},"end":{"line":110,"column":21}}},"fnMap":{"0":{"name":"report","decl":{"start":{"line":26,"column":22},"end":{"line":26,"column":28}},"loc":{"start":{"line":26,"column":45},"end":{"line":34,"column":1}},"line":26},"1":{"name":"getPnl","decl":{"start":{"line":40,"column":22},"end":{"line":40,"column":28}},"loc":{"start":{"line":40,"column":45},"end":{"line":63,"column":1}},"line":40},"2":{"name":"exportExcel","decl":{"start":{"line":73,"column":22},"end":{"line":73,"column":33}},"loc":{"start":{"line":73,"column":50},"end":{"line":88,"column":1}},"line":73},"3":{"name":"exportPDF","decl":{"start":{"line":98,"column":22},"end":{"line":98,"column":31}},"loc":{"start":{"line":98,"column":48},"end":{"line":112,"column":1}},"line":98}},"branchMap":{"0":{"loc":{"start":{"line":84,"column":4},"end":{"line":84,"column":43}},"type":"if","locations":[{"start":{"line":84,"column":4},"end":{"line":84,"column":43}},{"start":{},"end":{}}],"line":84},"1":{"loc":{"start":{"line":108,"column":4},"end":{"line":108,"column":43}},"type":"if","locations":[{"start":{"line":108,"column":4},"end":{"line":108,"column":43}},{"start":{},"end":{}}],"line":108}},"s":{"0":0,"1":0,"2":0,"3":0,"4":0,"5":0,"6":0,"7":0,"8":0,"9":0,"10":0,"11":0,"12":0,"13":0,"14":0,"15":0,"16":0,"17":0,"18":0,"19":0,"20":0,"21":0,"22":0,"23":0,"24":0,"25":0,"26":0,"27":0,"28":0,"29":0,"30":0,"31":0},"f":{"0":0,"1":0,"2":0,"3":0},"b":{"0":[0,0],"1":[0,0]},"inputSourceMap":null,"_coverageSchema":"1a1c01bbd47fc00a2c39e90264f33305004495a9","hash":"8be271ce33a6e4bdf7dfde927d4b7ace14d2f9c0"}
,"/Users/vaibhav/Desktop/solidus/Crypto-trading-platform/backend/src/controllers/stripe.controller.js": {"path":"/Users/vaibhav/Desktop/solidus/Crypto-trading-platform/backend/src/controllers/stripe.controller.js","statementMap":{},"fnMap":{},"branchMap":{},"s":{},"f":{},"b":{},"inputSourceMap":null}
,"/Users/vaibhav/Desktop/solidus/Crypto-trading-platform/backend/src/controllers/system.controller.js": {"path":"/Users/vaibhav/Desktop/solidus/Crypto-trading-platform/backend/src/controllers/system.controller.js","statementMap":{"0":{"start":{"line":10,"column":2},"end":{"line":19,"column":3}},"1":{"start":{"line":11,"column":22},"end":{"line":11,"column":57}},"2":{"start":{"line":12,"column":4},"end":{"line":16,"column":7}},"3":{"start":{"line":18,"column":4},"end":{"line":18,"column":14}},"4":{"start":{"line":27,"column":2},"end":{"line":39,"column":3}},"5":{"start":{"line":28,"column":17},"end":{"line":28,"column":41}},"6":{"start":{"line":29,"column":24},"end":{"line":29,"column":39}},"7":{"start":{"line":30,"column":4},"end":{"line":33,"column":7}},"8":{"start":{"line":35,"column":4},"end":{"line":38,"column":7}},"9":{"start":{"line":47,"column":2},"end":{"line":55,"column":3}},"10":{"start":{"line":48,"column":20},"end":{"line":48,"column":53}},"11":{"start":{"line":49,"column":4},"end":{"line":52,"column":7}},"12":{"start":{"line":54,"column":4},"end":{"line":54,"column":14}}},"fnMap":{"0":{"name":"getQueues","decl":{"start":{"line":9,"column":22},"end":{"line":9,"column":31}},"loc":{"start":{"line":9,"column":48},"end":{"line":20,"column":1}},"line":9},"1":{"name":"getRedisHealth","decl":{"start":{"line":26,"column":22},"end":{"line":26,"column":36}},"loc":{"start":{"line":26,"column":53},"end":{"line":40,"column":1}},"line":26},"2":{"name":"getWorkers","decl":{"start":{"line":46,"column":22},"end":{"line":46,"column":32}},"loc":{"start":{"line":46,"column":49},"end":{"line":56,"column":1}},"line":46}},"branchMap":{"0":{"loc":{"start":{"line":31,"column":14},"end":{"line":31,"column":51}},"type":"cond-expr","locations":[{"start":{"line":31,"column":28},"end":{"line":31,"column":37}},{"start":{"line":31,"column":40},"end":{"line":31,"column":51}}],"line":31}},"s":{"0":1,"1":1,"2":1,"3":0,"4":0,"5":0,"6":0,"7":0,"8":0,"9":0,"10":0,"11":0,"12":0},"f":{"0":1,"1":0,"2":0},"b":{"0":[0,0]},"inputSourceMap":null,"_coverageSchema":"1a1c01bbd47fc00a2c39e90264f33305004495a9","hash":"760a3333a395f2d14d00867ae2f888cc3be4b104"}
,"/Users/vaibhav/Desktop/solidus/Crypto-trading-platform/backend/src/controllers/tax.controller.js": {"path":"/Users/vaibhav/Desktop/solidus/Crypto-trading-platform/backend/src/controllers/tax.controller.js","statementMap":{},"fnMap":{},"branchMap":{},"s":{},"f":{},"b":{},"inputSourceMap":null}
,"/Users/vaibhav/Desktop/solidus/Crypto-trading-platform/backend/src/controllers/trade.controller.js": {"path":"/Users/vaibhav/Desktop/solidus/Crypto-trading-platform/backend/src/controllers/trade.controller.js","statementMap":{"0":{"start":{"line":18,"column":2},"end":{"line":57,"column":3}},"1":{"start":{"line":19,"column":38},"end":{"line":19,"column":46}},"2":{"start":{"line":20,"column":30},"end":{"line":20,"column":82}},"3":{"start":{"line":22,"column":4},"end":{"line":22,"column":95}},"4":{"start":{"line":24,"column":22},"end":{"line":24,"column":53}},"5":{"start":{"line":25,"column":4},"end":{"line":25,"column":76}},"6":{"start":{"line":30,"column":4},"end":{"line":39,"column":7}},"7":{"start":{"line":41,"column":4},"end":{"line":53,"column":7}},"8":{"start":{"line":55,"column":4},"end":{"line":55,"column":74}},"9":{"start":{"line":56,"column":4},"end":{"line":56,"column":14}},"10":{"start":{"line":65,"column":2},"end":{"line":105,"column":3}},"11":{"start":{"line":66,"column":38},"end":{"line":66,"column":46}},"12":{"start":{"line":67,"column":43},"end":{"line":67,"column":96}},"13":{"start":{"line":69,"column":4},"end":{"line":69,"column":96}},"14":{"start":{"line":71,"column":22},"end":{"line":71,"column":53}},"15":{"start":{"line":72,"column":4},"end":{"line":72,"column":86}},"16":{"start":{"line":76,"column":4},"end":{"line":85,"column":7}},"17":{"start":{"line":87,"column":4},"end":{"line":101,"column":7}},"18":{"start":{"line":103,"column":4},"end":{"line":103,"column":75}},"19":{"start":{"line":104,"column":4},"end":{"line":104,"column":14}},"20":{"start":{"line":113,"column":2},"end":{"line":123,"column":3}},"21":{"start":{"line":114,"column":23},"end":{"line":114,"column":31}},"22":{"start":{"line":115,"column":36},"end":{"line":115,"column":75}},"23":{"start":{"line":117,"column":4},"end":{"line":120,"column":7}},"24":{"start":{"line":122,"column":4},"end":{"line":122,"column":14}},"25":{"start":{"line":131,"column":2},"end":{"line":172,"column":3}},"26":{"start":{"line":132,"column":63},"end":{"line":132,"column":72}},"27":{"start":{"line":134,"column":19},"end":{"line":134,"column":42}},"28":{"start":{"line":135,"column":4},"end":{"line":135,"column":47}},"29":{"start":{"line":135,"column":14},"end":{"line":135,"column":47}},"30":{"start":{"line":136,"column":4},"end":{"line":144,"column":5}},"31":{"start":{"line":137,"column":6},"end":{"line":137,"column":28}},"32":{"start":{"line":138,"column":6},"end":{"line":138,"column":65}},"33":{"start":{"line":138,"column":21},"end":{"line":138,"column":65}},"34":{"start":{"line":139,"column":6},"end":{"line":143,"column":7}},"35":{"start":{"line":140,"column":20},"end":{"line":140,"column":37}},"36":{"start":{"line":141,"column":8},"end":{"line":141,"column":41}},"37":{"start":{"line":142,"column":8},"end":{"line":142,"column":36}},"38":{"start":{"line":146,"column":18},"end":{"line":146,"column":52}},"39":{"start":{"line":147,"column":18},"end":{"line":147,"column":52}},"40":{"start":{"line":148,"column":19},"end":{"line":152,"column":13}},"41":{"start":{"line":154,"column":17},"end":{"line":164,"column":7}},"42":{"start":{"line":154,"column":34},"end":{"line":164,"column":5}},"43":{"start":{"line":166,"column":4},"end":{"line":169,"column":7}},"44":{"start":{"line":171,"column":4},"end":{"line":171,"column":14}},"45":{"start":{"line":180,"column":2},"end":{"line":224,"column":3}},"46":{"start":{"line":181,"column":41},"end":{"line":181,"column":50}},"47":{"start":{"line":183,"column":19},"end":{"line":183,"column":42}},"48":{"start":{"line":184,"column":4},"end":{"line":184,"column":47}},"49":{"start":{"line":184,"column":14},"end":{"line":184,"column":47}},"50":{"start":{"line":185,"column":4},"end":{"line":193,"column":5}},"51":{"start":{"line":186,"column":6},"end":{"line":186,"column":28}},"52":{"start":{"line":187,"column":6},"end":{"line":187,"column":65}},"53":{"start":{"line":187,"column":21},"end":{"line":187,"column":65}},"54":{"start":{"line":188,"column":6},"end":{"line":192,"column":7}},"55":{"start":{"line":189,"column":20},"end":{"line":189,"column":37}},"56":{"start":{"line":190,"column":8},"end":{"line":190,"column":41}},"57":{"start":{"line":191,"column":8},"end":{"line":191,"column":36}},"58":{"start":{"line":195,"column":19},"end":{"line":195,"column":50}},"59":{"start":{"line":196,"column":19},"end":{"line":196,"column":81}},"60":{"start":{"line":196,"column":38},"end":{"line":196,"column":80}},"61":{"start":{"line":198,"column":19},"end":{"line":198,"column":23}},"62":{"start":{"line":199,"column":19},"end":{"line":199,"column":23}},"63":{"start":{"line":200,"column":19},"end":{"line":200,"column":23}},"64":{"start":{"line":201,"column":19},"end":{"line":201,"column":20}},"65":{"start":{"line":203,"column":4},"end":{"line":209,"column":5}},"66":{"start":{"line":204,"column":18},"end":{"line":204,"column":34}},"67":{"start":{"line":205,"column":6},"end":{"line":205,"column":32}},"68":{"start":{"line":206,"column":6},"end":{"line":206,"column":31}},"69":{"start":{"line":206,"column":24},"end":{"line":206,"column":31}},"70":{"start":{"line":207,"column":6},"end":{"line":207,"column":77}},"71":{"start":{"line":207,"column":64},"end":{"line":207,"column":77}},"72":{"start":{"line":208,"column":6},"end":{"line":208,"column":77}},"73":{"start":{"line":208,"column":64},"end":{"line":208,"column":77}},"74":{"start":{"line":211,"column":20},"end":{"line":211,"column":80}},"75":{"start":{"line":213,"column":4},"end":{"line":221,"column":7}},"76":{"start":{"line":215,"column":38},"end":{"line":215,"column":54}},"77":{"start":{"line":223,"column":4},"end":{"line":223,"column":14}}},"fnMap":{"0":{"name":"buy","decl":{"start":{"line":17,"column":22},"end":{"line":17,"column":25}},"loc":{"start":{"line":17,"column":42},"end":{"line":58,"column":1}},"line":17},"1":{"name":"sell","decl":{"start":{"line":64,"column":22},"end":{"line":64,"column":26}},"loc":{"start":{"line":64,"column":43},"end":{"line":106,"column":1}},"line":64},"2":{"name":"deposit","decl":{"start":{"line":112,"column":22},"end":{"line":112,"column":29}},"loc":{"start":{"line":112,"column":46},"end":{"line":124,"column":1}},"line":112},"3":{"name":"tradeHistory","decl":{"start":{"line":130,"column":22},"end":{"line":130,"column":34}},"loc":{"start":{"line":130,"column":51},"end":{"line":173,"column":1}},"line":130},"4":{"name":"(anonymous_4)","decl":{"start":{"line":154,"column":28},"end":{"line":154,"column":29}},"loc":{"start":{"line":154,"column":34},"end":{"line":164,"column":5}},"line":154},"5":{"name":"tradeSummary","decl":{"start":{"line":179,"column":22},"end":{"line":179,"column":34}},"loc":{"start":{"line":179,"column":51},"end":{"line":225,"column":1}},"line":179},"6":{"name":"(anonymous_6)","decl":{"start":{"line":196,"column":33},"end":{"line":196,"column":34}},"loc":{"start":{"line":196,"column":38},"end":{"line":196,"column":80}},"line":196},"7":{"name":"(anonymous_7)","decl":{"start":{"line":215,"column":33},"end":{"line":215,"column":34}},"loc":{"start":{"line":215,"column":38},"end":{"line":215,"column":54}},"line":215}},"branchMap":{"0":{"loc":{"start":{"line":82,"column":17},"end":{"line":82,"column":33}},"type":"binary-expr","locations":[{"start":{"line":82,"column":17},"end":{"line":82,"column":28}},{"start":{"line":82,"column":32},"end":{"line":82,"column":33}}],"line":82},"1":{"loc":{"start":{"line":132,"column":38},"end":{"line":132,"column":46}},"type":"default-arg","locations":[{"start":{"line":132,"column":45},"end":{"line":132,"column":46}}],"line":132},"2":{"loc":{"start":{"line":132,"column":48},"end":{"line":132,"column":58}},"type":"default-arg","locations":[{"start":{"line":132,"column":56},"end":{"line":132,"column":58}}],"line":132},"3":{"loc":{"start":{"line":135,"column":4},"end":{"line":135,"column":47}},"type":"if","locations":[{"start":{"line":135,"column":4},"end":{"line":135,"column":47}},{"start":{},"end":{}}],"line":135},"4":{"loc":{"start":{"line":136,"column":4},"end":{"line":144,"column":5}},"type":"if","locations":[{"start":{"line":136,"column":4},"end":{"line":144,"column":5}},{"start":{},"end":{}}],"line":136},"5":{"loc":{"start":{"line":136,"column":8},"end":{"line":136,"column":28}},"type":"binary-expr","locations":[{"start":{"line":136,"column":8},"end":{"line":136,"column":17}},{"start":{"line":136,"column":21},"end":{"line":136,"column":28}}],"line":136},"6":{"loc":{"start":{"line":138,"column":6},"end":{"line":138,"column":65}},"type":"if","locations":[{"start":{"line":138,"column":6},"end":{"line":138,"column":65}},{"start":{},"end":{}}],"line":138},"7":{"loc":{"start":{"line":139,"column":6},"end":{"line":143,"column":7}},"type":"if","locations":[{"start":{"line":139,"column":6},"end":{"line":143,"column":7}},{"start":{},"end":{}}],"line":139},"8":{"loc":{"start":{"line":161,"column":19},"end":{"line":161,"column":40}},"type":"binary-expr","locations":[{"start":{"line":161,"column":19},"end":{"line":161,"column":32}},{"start":{"line":161,"column":36},"end":{"line":161,"column":40}}],"line":161},"9":{"loc":{"start":{"line":162,"column":19},"end":{"line":162,"column":40}},"type":"binary-expr","locations":[{"start":{"line":162,"column":19},"end":{"line":162,"column":32}},{"start":{"line":162,"column":36},"end":{"line":162,"column":40}}],"line":162},"10":{"loc":{"start":{"line":184,"column":4},"end":{"line":184,"column":47}},"type":"if","locations":[{"start":{"line":184,"column":4},"end":{"line":184,"column":47}},{"start":{},"end":{}}],"line":184},"11":{"loc":{"start":{"line":185,"column":4},"end":{"line":193,"column":5}},"type":"if","locations":[{"start":{"line":185,"column":4},"end":{"line":193,"column":5}},{"start":{},"end":{}}],"line":185},"12":{"loc":{"start":{"line":185,"column":8},"end":{"line":185,"column":28}},"type":"binary-expr","locations":[{"start":{"line":185,"column":8},"end":{"line":185,"column":17}},{"start":{"line":185,"column":21},"end":{"line":185,"column":28}}],"line":185},"13":{"loc":{"start":{"line":187,"column":6},"end":{"line":187,"column":65}},"type":"if","locations":[{"start":{"line":187,"column":6},"end":{"line":187,"column":65}},{"start":{},"end":{}}],"line":187},"14":{"loc":{"start":{"line":188,"column":6},"end":{"line":192,"column":7}},"type":"if","locations":[{"start":{"line":188,"column":6},"end":{"line":192,"column":7}},{"start":{},"end":{}}],"line":188},"15":{"loc":{"start":{"line":196,"column":38},"end":{"line":196,"column":80}},"type":"binary-expr","locations":[{"start":{"line":196,"column":38},"end":{"line":196,"column":55}},{"start":{"line":196,"column":59},"end":{"line":196,"column":80}}],"line":196},"16":{"loc":{"start":{"line":206,"column":6},"end":{"line":206,"column":31}},"type":"if","locations":[{"start":{"line":206,"column":6},"end":{"line":206,"column":31}},{"start":{},"end":{}}],"line":206},"17":{"loc":{"start":{"line":207,"column":6},"end":{"line":207,"column":77}},"type":"if","locations":[{"start":{"line":207,"column":6},"end":{"line":207,"column":77}},{"start":{},"end":{}}],"line":207},"18":{"loc":{"start":{"line":207,"column":10},"end":{"line":207,"column":61}},"type":"binary-expr","locations":[{"start":{"line":207,"column":10},"end":{"line":207,"column":27}},{"start":{"line":207,"column":31},"end":{"line":207,"column":61}}],"line":207},"19":{"loc":{"start":{"line":208,"column":6},"end":{"line":208,"column":77}},"type":"if","locations":[{"start":{"line":208,"column":6},"end":{"line":208,"column":77}},{"start":{},"end":{}}],"line":208},"20":{"loc":{"start":{"line":208,"column":10},"end":{"line":208,"column":62}},"type":"binary-expr","locations":[{"start":{"line":208,"column":10},"end":{"line":208,"column":27}},{"start":{"line":208,"column":31},"end":{"line":208,"column":62}}],"line":208},"21":{"loc":{"start":{"line":211,"column":20},"end":{"line":211,"column":80}},"type":"cond-expr","locations":[{"start":{"line":211,"column":39},"end":{"line":211,"column":76}},{"start":{"line":211,"column":79},"end":{"line":211,"column":80}}],"line":211},"22":{"loc":{"start":{"line":219,"column":18},"end":{"line":219,"column":150}},"type":"cond-expr","locations":[{"start":{"line":219,"column":29},"end":{"line":219,"column":142}},{"start":{"line":219,"column":146},"end":{"line":219,"column":150}}],"line":219},"23":{"loc":{"start":{"line":220,"column":18},"end":{"line":220,"column":150}},"type":"cond-expr","locations":[{"start":{"line":220,"column":29},"end":{"line":220,"column":143}},{"start":{"line":220,"column":146},"end":{"line":220,"column":150}}],"line":220}},"s":{"0":3,"1":3,"2":3,"3":2,"4":2,"5":2,"6":2,"7":2,"8":1,"9":1,"10":2,"11":2,"12":2,"13":1,"14":1,"15":1,"16":1,"17":1,"18":1,"19":1,"20":5,"21":5,"22":5,"23":5,"24":0,"25":0,"26":0,"27":0,"28":0,"29":0,"30":0,"31":0,"32":0,"33":0,"34":0,"35":0,"36":0,"37":0,"38":0,"39":0,"40":0,"41":0,"42":0,"43":0,"44":0,"45":0,"46":0,"47":0,"48":0,"49":0,"50":0,"51":0,"52":0,"53":0,"54":0,"55":0,"56":0,"57":0,"58":0,"59":0,"60":0,"61":0,"62":0,"63":0,"64":0,"65":0,"66":0,"67":0,"68":0,"69":0,"70":0,"71":0,"72":0,"73":0,"74":0,"75":0,"76":0,"77":0},"f":{"0":3,"1":2,"2":5,"3":0,"4":0,"5":0,"6":0,"7":0},"b":{"0":[1,0],"1":[0],"2":[0],"3":[0,0],"4":[0,0],"5":[0,0],"6":[0,0],"7":[0,0],"8":[0,0],"9":[0,0],"10":[0,0],"11":[0,0],"12":[0,0],"13":[0,0],"14":[0,0],"15":[0,0],"16":[0,0],"17":[0,0],"18":[0,0],"19":[0,0],"20":[0,0],"21":[0,0],"22":[0,0],"23":[0,0]},"inputSourceMap":null,"_coverageSchema":"1a1c01bbd47fc00a2c39e90264f33305004495a9","hash":"0c354ade1fd6e43f687e388840f29814fbfde33c"}
,"/Users/vaibhav/Desktop/solidus/Crypto-trading-platform/backend/src/controllers/upload.controller.js": {"path":"/Users/vaibhav/Desktop/solidus/Crypto-trading-platform/backend/src/controllers/upload.controller.js","statementMap":{"0":{"start":{"line":11,"column":25},"end":{"line":11,"column":29}},"1":{"start":{"line":12,"column":2},"end":{"line":50,"column":3}},"2":{"start":{"line":13,"column":4},"end":{"line":15,"column":5}},"3":{"start":{"line":14,"column":6},"end":{"line":14,"column":57}},"4":{"start":{"line":17,"column":17},"end":{"line":17,"column":49}},"5":{"start":{"line":18,"column":4},"end":{"line":18,"column":58}},"6":{"start":{"line":18,"column":15},"end":{"line":18,"column":58}},"7":{"start":{"line":20,"column":24},"end":{"line":20,"column":43}},"8":{"start":{"line":23,"column":19},"end":{"line":23,"column":73}},"9":{"start":{"line":24,"column":4},"end":{"line":24,"column":40}},"10":{"start":{"line":26,"column":4},"end":{"line":26,"column":44}},"11":{"start":{"line":27,"column":4},"end":{"line":27,"column":43}},"12":{"start":{"line":28,"column":4},"end":{"line":28,"column":22}},"13":{"start":{"line":31,"column":4},"end":{"line":35,"column":5}},"14":{"start":{"line":32,"column":6},"end":{"line":34,"column":9}},"15":{"start":{"line":33,"column":8},"end":{"line":33,"column":91}},"16":{"start":{"line":37,"column":4},"end":{"line":37,"column":63}},"17":{"start":{"line":39,"column":4},"end":{"line":41,"column":7}},"18":{"start":{"line":44,"column":4},"end":{"line":48,"column":5}},"19":{"start":{"line":45,"column":6},"end":{"line":47,"column":9}},"20":{"start":{"line":46,"column":8},"end":{"line":46,"column":127}},"21":{"start":{"line":49,"column":4},"end":{"line":49,"column":14}},"22":{"start":{"line":58,"column":25},"end":{"line":58,"column":29}},"23":{"start":{"line":59,"column":2},"end":{"line":102,"column":3}},"24":{"start":{"line":60,"column":4},"end":{"line":62,"column":5}},"25":{"start":{"line":61,"column":6},"end":{"line":61,"column":60}},"26":{"start":{"line":64,"column":29},"end":{"line":64,"column":37}},"27":{"start":{"line":65,"column":25},"end":{"line":65,"column":75}},"28":{"start":{"line":67,"column":4},"end":{"line":69,"column":5}},"29":{"start":{"line":68,"column":6},"end":{"line":68,"column":98}},"30":{"start":{"line":71,"column":17},"end":{"line":71,"column":49}},"31":{"start":{"line":72,"column":4},"end":{"line":72,"column":58}},"32":{"start":{"line":72,"column":15},"end":{"line":72,"column":58}},"33":{"start":{"line":75,"column":19},"end":{"line":75,"column":69}},"34":{"start":{"line":76,"column":4},"end":{"line":76,"column":40}},"35":{"start":{"line":79,"column":4},"end":{"line":85,"column":7}},"36":{"start":{"line":87,"column":4},"end":{"line":87,"column":22}},"37":{"start":{"line":89,"column":4},"end":{"line":89,"column":86}},"38":{"start":{"line":91,"column":4},"end":{"line":93,"column":7}},"39":{"start":{"line":96,"column":4},"end":{"line":100,"column":5}},"40":{"start":{"line":97,"column":6},"end":{"line":99,"column":9}},"41":{"start":{"line":98,"column":8},"end":{"line":98,"column":128}},"42":{"start":{"line":101,"column":4},"end":{"line":101,"column":14}},"43":{"start":{"line":109,"column":2},"end":{"line":121,"column":3}},"44":{"start":{"line":110,"column":4},"end":{"line":118,"column":7}},"45":{"start":{"line":120,"column":4},"end":{"line":120,"column":14}}},"fnMap":{"0":{"name":"uploadAvatar","decl":{"start":{"line":10,"column":22},"end":{"line":10,"column":34}},"loc":{"start":{"line":10,"column":51},"end":{"line":51,"column":1}},"line":10},"1":{"name":"(anonymous_1)","decl":{"start":{"line":32,"column":37},"end":{"line":32,"column":38}},"loc":{"start":{"line":32,"column":44},"end":{"line":34,"column":7}},"line":32},"2":{"name":"(anonymous_2)","decl":{"start":{"line":45,"column":42},"end":{"line":45,"column":43}},"loc":{"start":{"line":45,"column":57},"end":{"line":47,"column":7}},"line":45},"3":{"name":"uploadKyc","decl":{"start":{"line":57,"column":22},"end":{"line":57,"column":31}},"loc":{"start":{"line":57,"column":48},"end":{"line":103,"column":1}},"line":57},"4":{"name":"(anonymous_4)","decl":{"start":{"line":97,"column":42},"end":{"line":97,"column":43}},"loc":{"start":{"line":97,"column":57},"end":{"line":99,"column":7}},"line":97},"5":{"name":"uploadHealth","decl":{"start":{"line":108,"column":22},"end":{"line":108,"column":34}},"loc":{"start":{"line":108,"column":51},"end":{"line":122,"column":1}},"line":108}},"branchMap":{"0":{"loc":{"start":{"line":13,"column":4},"end":{"line":15,"column":5}},"type":"if","locations":[{"start":{"line":13,"column":4},"end":{"line":15,"column":5}},{"start":{},"end":{}}],"line":13},"1":{"loc":{"start":{"line":18,"column":4},"end":{"line":18,"column":58}},"type":"if","locations":[{"start":{"line":18,"column":4},"end":{"line":18,"column":58}},{"start":{},"end":{}}],"line":18},"2":{"loc":{"start":{"line":31,"column":4},"end":{"line":35,"column":5}},"type":"if","locations":[{"start":{"line":31,"column":4},"end":{"line":35,"column":5}},{"start":{},"end":{}}],"line":31},"3":{"loc":{"start":{"line":44,"column":4},"end":{"line":48,"column":5}},"type":"if","locations":[{"start":{"line":44,"column":4},"end":{"line":48,"column":5}},{"start":{},"end":{}}],"line":44},"4":{"loc":{"start":{"line":60,"column":4},"end":{"line":62,"column":5}},"type":"if","locations":[{"start":{"line":60,"column":4},"end":{"line":62,"column":5}},{"start":{},"end":{}}],"line":60},"5":{"loc":{"start":{"line":67,"column":4},"end":{"line":69,"column":5}},"type":"if","locations":[{"start":{"line":67,"column":4},"end":{"line":69,"column":5}},{"start":{},"end":{}}],"line":67},"6":{"loc":{"start":{"line":67,"column":8},"end":{"line":67,"column":61}},"type":"binary-expr","locations":[{"start":{"line":67,"column":8},"end":{"line":67,"column":21}},{"start":{"line":67,"column":25},"end":{"line":67,"column":61}}],"line":67},"7":{"loc":{"start":{"line":72,"column":4},"end":{"line":72,"column":58}},"type":"if","locations":[{"start":{"line":72,"column":4},"end":{"line":72,"column":58}},{"start":{},"end":{}}],"line":72},"8":{"loc":{"start":{"line":96,"column":4},"end":{"line":100,"column":5}},"type":"if","locations":[{"start":{"line":96,"column":4},"end":{"line":100,"column":5}},{"start":{},"end":{}}],"line":96}},"s":{"0":2,"1":2,"2":2,"3":1,"4":1,"5":1,"6":0,"7":1,"8":1,"9":1,"10":1,"11":1,"12":1,"13":1,"14":0,"15":0,"16":1,"17":1,"18":1,"19":0,"20":0,"21":1,"22":0,"23":0,"24":0,"25":0,"26":0,"27":0,"28":0,"29":0,"30":0,"31":0,"32":0,"33":0,"34":0,"35":0,"36":0,"37":0,"38":0,"39":0,"40":0,"41":0,"42":0,"43":0,"44":0,"45":0},"f":{"0":2,"1":0,"2":0,"3":0,"4":0,"5":0},"b":{"0":[1,1],"1":[0,1],"2":[0,1],"3":[0,1],"4":[0,0],"5":[0,0],"6":[0,0],"7":[0,0],"8":[0,0]},"inputSourceMap":null,"_coverageSchema":"1a1c01bbd47fc00a2c39e90264f33305004495a9","hash":"ecc7713f99b5e96fef823b591890184877d623ff"}
,"/Users/vaibhav/Desktop/solidus/Crypto-trading-platform/backend/src/controllers/wallet.controller.js": {"path":"/Users/vaibhav/Desktop/solidus/Crypto-trading-platform/backend/src/controllers/wallet.controller.js","statementMap":{"0":{"start":{"line":12,"column":2},"end":{"line":17,"column":3}},"1":{"start":{"line":13,"column":17},"end":{"line":13,"column":66}},"2":{"start":{"line":14,"column":4},"end":{"line":14,"column":66}},"3":{"start":{"line":16,"column":4},"end":{"line":16,"column":14}},"4":{"start":{"line":32,"column":2},"end":{"line":40,"column":3}},"5":{"start":{"line":33,"column":51},"end":{"line":33,"column":60}},"6":{"start":{"line":34,"column":17},"end":{"line":36,"column":6}},"7":{"start":{"line":37,"column":4},"end":{"line":37,"column":58}},"8":{"start":{"line":39,"column":4},"end":{"line":39,"column":14}},"9":{"start":{"line":50,"column":2},"end":{"line":55,"column":3}},"10":{"start":{"line":51,"column":17},"end":{"line":51,"column":62}},"11":{"start":{"line":52,"column":4},"end":{"line":52,"column":103}},"12":{"start":{"line":54,"column":4},"end":{"line":54,"column":14}},"13":{"start":{"line":63,"column":2},"end":{"line":68,"column":3}},"14":{"start":{"line":64,"column":17},"end":{"line":64,"column":67}},"15":{"start":{"line":65,"column":4},"end":{"line":65,"column":68}},"16":{"start":{"line":67,"column":4},"end":{"line":67,"column":14}}},"fnMap":{"0":{"name":"getBalance","decl":{"start":{"line":11,"column":22},"end":{"line":11,"column":32}},"loc":{"start":{"line":11,"column":49},"end":{"line":18,"column":1}},"line":11},"1":{"name":"getLedger","decl":{"start":{"line":31,"column":22},"end":{"line":31,"column":31}},"loc":{"start":{"line":31,"column":48},"end":{"line":41,"column":1}},"line":31},"2":{"name":"auditBalance","decl":{"start":{"line":49,"column":22},"end":{"line":49,"column":34}},"loc":{"start":{"line":49,"column":51},"end":{"line":56,"column":1}},"line":49},"3":{"name":"getDerivedBalance","decl":{"start":{"line":62,"column":22},"end":{"line":62,"column":39}},"loc":{"start":{"line":62,"column":56},"end":{"line":69,"column":1}},"line":62}},"branchMap":{"0":{"loc":{"start":{"line":52,"column":33},"end":{"line":52,"column":95}},"type":"cond-expr","locations":[{"start":{"line":52,"column":43},"end":{"line":52,"column":64}},{"start":{"line":52,"column":67},"end":{"line":52,"column":95}}],"line":52}},"s":{"0":0,"1":0,"2":0,"3":0,"4":0,"5":0,"6":0,"7":0,"8":0,"9":0,"10":0,"11":0,"12":0,"13":0,"14":0,"15":0,"16":0},"f":{"0":0,"1":0,"2":0,"3":0},"b":{"0":[0,0]},"inputSourceMap":null,"_coverageSchema":"1a1c01bbd47fc00a2c39e90264f33305004495a9","hash":"8735314b65ea9aff69ba52ee179e945dcb790258"}
,"/Users/vaibhav/Desktop/solidus/Crypto-trading-platform/backend/src/jobs/analyticsWorker.js": {"path":"/Users/vaibhav/Desktop/solidus/Crypto-trading-platform/backend/src/jobs/analyticsWorker.js","statementMap":{"0":{"start":{"line":7,"column":13},"end":{"line":7,"column":17}},"1":{"start":{"line":15,"column":78},"end":{"line":15,"column":91}},"2":{"start":{"line":17,"column":20},"end":{"line":17,"column":76}},"3":{"start":{"line":18,"column":19},"end":{"line":18,"column":56}},"4":{"start":{"line":19,"column":16},"end":{"line":19,"column":34}},"5":{"start":{"line":20,"column":16},"end":{"line":20,"column":51}},"6":{"start":{"line":22,"column":16},"end":{"line":22,"column":31}},"7":{"start":{"line":23,"column":17},"end":{"line":23,"column":32}},"8":{"start":{"line":24,"column":20},"end":{"line":24,"column":52}},"9":{"start":{"line":25,"column":21},"end":{"line":25,"column":54}},"10":{"start":{"line":28,"column":2},"end":{"line":28,"column":84}},"11":{"start":{"line":31,"column":24},"end":{"line":33,"column":4}},"12":{"start":{"line":35,"column":2},"end":{"line":60,"column":3}},"13":{"start":{"line":36,"column":4},"end":{"line":46,"column":7}},"14":{"start":{"line":48,"column":4},"end":{"line":59,"column":7}},"15":{"start":{"line":63,"column":24},"end":{"line":65,"column":4}},"16":{"start":{"line":67,"column":2},"end":{"line":108,"column":3}},"17":{"start":{"line":68,"column":27},"end":{"line":68,"column":64}},"18":{"start":{"line":69,"column":24},"end":{"line":69,"column":78}},"19":{"start":{"line":70,"column":24},"end":{"line":72,"column":33}},"20":{"start":{"line":74,"column":25},"end":{"line":74,"column":61}},"21":{"start":{"line":75,"column":25},"end":{"line":75,"column":81}},"22":{"start":{"line":76,"column":25},"end":{"line":78,"column":34}},"23":{"start":{"line":80,"column":4},"end":{"line":92,"column":7}},"24":{"start":{"line":94,"column":4},"end":{"line":107,"column":7}},"25":{"start":{"line":111,"column":26},"end":{"line":113,"column":4}},"26":{"start":{"line":115,"column":2},"end":{"line":140,"column":3}},"27":{"start":{"line":116,"column":4},"end":{"line":126,"column":7}},"28":{"start":{"line":128,"column":4},"end":{"line":139,"column":7}},"29":{"start":{"line":143,"column":2},"end":{"line":201,"column":3}},"30":{"start":{"line":144,"column":27},"end":{"line":146,"column":6}},"31":{"start":{"line":148,"column":4},"end":{"line":200,"column":5}},"32":{"start":{"line":149,"column":26},"end":{"line":149,"column":54}},"33":{"start":{"line":150,"column":30},"end":{"line":150,"column":62}},"34":{"start":{"line":151,"column":26},"end":{"line":151,"column":54}},"35":{"start":{"line":152,"column":28},"end":{"line":152,"column":58}},"36":{"start":{"line":154,"column":6},"end":{"line":173,"column":7}},"37":{"start":{"line":155,"column":8},"end":{"line":160,"column":9}},"38":{"start":{"line":156,"column":10},"end":{"line":156,"column":29}},"39":{"start":{"line":158,"column":10},"end":{"line":158,"column":28}},"40":{"start":{"line":159,"column":10},"end":{"line":159,"column":36}},"41":{"start":{"line":161,"column":8},"end":{"line":161,"column":73}},"42":{"start":{"line":161,"column":43},"end":{"line":161,"column":73}},"43":{"start":{"line":162,"column":13},"end":{"line":173,"column":7}},"44":{"start":{"line":163,"column":8},"end":{"line":168,"column":9}},"45":{"start":{"line":164,"column":10},"end":{"line":164,"column":29}},"46":{"start":{"line":166,"column":10},"end":{"line":166,"column":28}},"47":{"start":{"line":167,"column":10},"end":{"line":167,"column":37}},"48":{"start":{"line":169,"column":8},"end":{"line":169,"column":77}},"49":{"start":{"line":169,"column":45},"end":{"line":169,"column":77}},"50":{"start":{"line":171,"column":8},"end":{"line":171,"column":26}},"51":{"start":{"line":172,"column":8},"end":{"line":172,"column":35}},"52":{"start":{"line":175,"column":6},"end":{"line":186,"column":9}},"53":{"start":{"line":188,"column":6},"end":{"line":199,"column":9}},"54":{"start":{"line":208,"column":31},"end":{"line":208,"column":44}},"55":{"start":{"line":209,"column":2},"end":{"line":209,"column":54}},"56":{"start":{"line":216,"column":20},"end":{"line":216,"column":30}},"57":{"start":{"line":217,"column":2},"end":{"line":254,"column":3}},"58":{"start":{"line":218,"column":4},"end":{"line":225,"column":8}},"59":{"start":{"line":227,"column":4},"end":{"line":233,"column":5}},"60":{"start":{"line":228,"column":6},"end":{"line":228,"column":46}},"61":{"start":{"line":229,"column":11},"end":{"line":233,"column":5}},"62":{"start":{"line":230,"column":6},"end":{"line":230,"column":38}},"63":{"start":{"line":232,"column":6},"end":{"line":232,"column":55}},"64":{"start":{"line":235,"column":23},"end":{"line":235,"column":45}},"65":{"start":{"line":236,"column":4},"end":{"line":242,"column":8}},"66":{"start":{"line":244,"column":23},"end":{"line":244,"column":45}},"67":{"start":{"line":245,"column":4},"end":{"line":252,"column":8}},"68":{"start":{"line":253,"column":4},"end":{"line":253,"column":14}},"69":{"start":{"line":261,"column":2},"end":{"line":261,"column":21}},"70":{"start":{"line":261,"column":14},"end":{"line":261,"column":21}},"71":{"start":{"line":262,"column":2},"end":{"line":262,"column":71}},"72":{"start":{"line":264,"column":2},"end":{"line":269,"column":5}},"73":{"start":{"line":265,"column":4},"end":{"line":265,"column":26}},"74":{"start":{"line":271,"column":2},"end":{"line":273,"column":5}},"75":{"start":{"line":272,"column":4},"end":{"line":272,"column":75}},"76":{"start":{"line":280,"column":2},"end":{"line":280,"column":76}},"77":{"start":{"line":281,"column":2},"end":{"line":284,"column":3}},"78":{"start":{"line":282,"column":4},"end":{"line":282,"column":25}},"79":{"start":{"line":283,"column":4},"end":{"line":283,"column":18}},"80":{"start":{"line":285,"column":2},"end":{"line":285,"column":71}}},"fnMap":{"0":{"name":"processTradeReplication","decl":{"start":{"line":14,"column":22},"end":{"line":14,"column":45}},"loc":{"start":{"line":14,"column":53},"end":{"line":202,"column":1}},"line":14},"1":{"name":"processAuditLog","decl":{"start":{"line":207,"column":22},"end":{"line":207,"column":37}},"loc":{"start":{"line":207,"column":45},"end":{"line":210,"column":1}},"line":207},"2":{"name":"processJob","decl":{"start":{"line":215,"column":15},"end":{"line":215,"column":25}},"loc":{"start":{"line":215,"column":31},"end":{"line":255,"column":1}},"line":215},"3":{"name":"startAnalyticsWorker","decl":{"start":{"line":260,"column":16},"end":{"line":260,"column":36}},"loc":{"start":{"line":260,"column":39},"end":{"line":274,"column":1}},"line":260},"4":{"name":"(anonymous_4)","decl":{"start":{"line":264,"column":41},"end":{"line":264,"column":42}},"loc":{"start":{"line":264,"column":56},"end":{"line":266,"column":3}},"line":264},"5":{"name":"(anonymous_5)","decl":{"start":{"line":271,"column":22},"end":{"line":271,"column":23}},"loc":{"start":{"line":271,"column":36},"end":{"line":273,"column":3}},"line":271},"6":{"name":"stopAnalyticsWorker","decl":{"start":{"line":279,"column":22},"end":{"line":279,"column":41}},"loc":{"start":{"line":279,"column":44},"end":{"line":286,"column":1}},"line":279}},"branchMap":{"0":{"loc":{"start":{"line":17,"column":20},"end":{"line":17,"column":76}},"type":"cond-expr","locations":[{"start":{"line":17,"column":38},"end":{"line":17,"column":63}},{"start":{"line":17,"column":66},"end":{"line":17,"column":76}}],"line":17},"1":{"loc":{"start":{"line":22,"column":16},"end":{"line":22,"column":31}},"type":"cond-expr","locations":[{"start":{"line":22,"column":26},"end":{"line":22,"column":27}},{"start":{"line":22,"column":30},"end":{"line":22,"column":31}}],"line":22},"2":{"loc":{"start":{"line":23,"column":17},"end":{"line":23,"column":32}},"type":"cond-expr","locations":[{"start":{"line":23,"column":27},"end":{"line":23,"column":28}},{"start":{"line":23,"column":31},"end":{"line":23,"column":32}}],"line":23},"3":{"loc":{"start":{"line":24,"column":20},"end":{"line":24,"column":52}},"type":"cond-expr","locations":[{"start":{"line":24,"column":42},"end":{"line":24,"column":48}},{"start":{"line":24,"column":51},"end":{"line":24,"column":52}}],"line":24},"4":{"loc":{"start":{"line":25,"column":21},"end":{"line":25,"column":54}},"type":"cond-expr","locations":[{"start":{"line":25,"column":44},"end":{"line":25,"column":50}},{"start":{"line":25,"column":53},"end":{"line":25,"column":54}}],"line":25},"5":{"loc":{"start":{"line":35,"column":2},"end":{"line":60,"column":3}},"type":"if","locations":[{"start":{"line":35,"column":2},"end":{"line":60,"column":3}},{"start":{"line":47,"column":9},"end":{"line":60,"column":3}}],"line":35},"6":{"loc":{"start":{"line":67,"column":2},"end":{"line":108,"column":3}},"type":"if","locations":[{"start":{"line":67,"column":2},"end":{"line":108,"column":3}},{"start":{"line":93,"column":9},"end":{"line":108,"column":3}}],"line":67},"7":{"loc":{"start":{"line":69,"column":50},"end":{"line":69,"column":77}},"type":"cond-expr","locations":[{"start":{"line":69,"column":72},"end":{"line":69,"column":73}},{"start":{"line":69,"column":76},"end":{"line":69,"column":77}}],"line":69},"8":{"loc":{"start":{"line":70,"column":24},"end":{"line":72,"column":33}},"type":"cond-expr","locations":[{"start":{"line":71,"column":8},"end":{"line":71,"column":97}},{"start":{"line":72,"column":8},"end":{"line":72,"column":33}}],"line":70},"9":{"loc":{"start":{"line":70,"column":24},"end":{"line":70,"column":62}},"type":"binary-expr","locations":[{"start":{"line":70,"column":24},"end":{"line":70,"column":39}},{"start":{"line":70,"column":43},"end":{"line":70,"column":62}}],"line":70},"10":{"loc":{"start":{"line":75,"column":52},"end":{"line":75,"column":80}},"type":"cond-expr","locations":[{"start":{"line":75,"column":75},"end":{"line":75,"column":76}},{"start":{"line":75,"column":79},"end":{"line":75,"column":80}}],"line":75},"11":{"loc":{"start":{"line":76,"column":25},"end":{"line":78,"column":34}},"type":"cond-expr","locations":[{"start":{"line":77,"column":8},"end":{"line":77,"column":100}},{"start":{"line":78,"column":8},"end":{"line":78,"column":34}}],"line":76},"12":{"loc":{"start":{"line":76,"column":25},"end":{"line":76,"column":65}},"type":"binary-expr","locations":[{"start":{"line":76,"column":25},"end":{"line":76,"column":41}},{"start":{"line":76,"column":45},"end":{"line":76,"column":65}}],"line":76},"13":{"loc":{"start":{"line":100,"column":18},"end":{"line":100,"column":45}},"type":"cond-expr","locations":[{"start":{"line":100,"column":40},"end":{"line":100,"column":41}},{"start":{"line":100,"column":44},"end":{"line":100,"column":45}}],"line":100},"14":{"loc":{"start":{"line":101,"column":19},"end":{"line":101,"column":47}},"type":"cond-expr","locations":[{"start":{"line":101,"column":42},"end":{"line":101,"column":43}},{"start":{"line":101,"column":46},"end":{"line":101,"column":47}}],"line":101},"15":{"loc":{"start":{"line":103,"column":21},"end":{"line":103,"column":52}},"type":"cond-expr","locations":[{"start":{"line":103,"column":43},"end":{"line":103,"column":48}},{"start":{"line":103,"column":51},"end":{"line":103,"column":52}}],"line":103},"16":{"loc":{"start":{"line":104,"column":22},"end":{"line":104,"column":54}},"type":"cond-expr","locations":[{"start":{"line":104,"column":45},"end":{"line":104,"column":50}},{"start":{"line":104,"column":53},"end":{"line":104,"column":54}}],"line":104},"17":{"loc":{"start":{"line":115,"column":2},"end":{"line":140,"column":3}},"type":"if","locations":[{"start":{"line":115,"column":2},"end":{"line":140,"column":3}},{"start":{"line":127,"column":9},"end":{"line":140,"column":3}}],"line":115},"18":{"loc":{"start":{"line":143,"column":2},"end":{"line":201,"column":3}},"type":"if","locations":[{"start":{"line":143,"column":2},"end":{"line":201,"column":3}},{"start":{},"end":{}}],"line":143},"19":{"loc":{"start":{"line":148,"column":4},"end":{"line":200,"column":5}},"type":"if","locations":[{"start":{"line":148,"column":4},"end":{"line":200,"column":5}},{"start":{"line":187,"column":11},"end":{"line":200,"column":5}}],"line":148},"20":{"loc":{"start":{"line":154,"column":6},"end":{"line":173,"column":7}},"type":"if","locations":[{"start":{"line":154,"column":6},"end":{"line":173,"column":7}},{"start":{"line":162,"column":13},"end":{"line":173,"column":7}}],"line":154},"21":{"loc":{"start":{"line":155,"column":8},"end":{"line":160,"column":9}},"type":"if","locations":[{"start":{"line":155,"column":8},"end":{"line":160,"column":9}},{"start":{"line":157,"column":15},"end":{"line":160,"column":9}}],"line":155},"22":{"loc":{"start":{"line":161,"column":8},"end":{"line":161,"column":73}},"type":"if","locations":[{"start":{"line":161,"column":8},"end":{"line":161,"column":73}},{"start":{},"end":{}}],"line":161},"23":{"loc":{"start":{"line":162,"column":13},"end":{"line":173,"column":7}},"type":"if","locations":[{"start":{"line":162,"column":13},"end":{"line":173,"column":7}},{"start":{"line":170,"column":13},"end":{"line":173,"column":7}}],"line":162},"24":{"loc":{"start":{"line":163,"column":8},"end":{"line":168,"column":9}},"type":"if","locations":[{"start":{"line":163,"column":8},"end":{"line":168,"column":9}},{"start":{"line":165,"column":15},"end":{"line":168,"column":9}}],"line":163},"25":{"loc":{"start":{"line":169,"column":8},"end":{"line":169,"column":77}},"type":"if","locations":[{"start":{"line":169,"column":8},"end":{"line":169,"column":77}},{"start":{},"end":{}}],"line":169},"26":{"loc":{"start":{"line":191,"column":25},"end":{"line":191,"column":51}},"type":"cond-expr","locations":[{"start":{"line":191,"column":33},"end":{"line":191,"column":34}},{"start":{"line":191,"column":37},"end":{"line":191,"column":51}}],"line":191},"27":{"loc":{"start":{"line":191,"column":37},"end":{"line":191,"column":51}},"type":"cond-expr","locations":[{"start":{"line":191,"column":46},"end":{"line":191,"column":47}},{"start":{"line":191,"column":50},"end":{"line":191,"column":51}}],"line":191},"28":{"loc":{"start":{"line":192,"column":29},"end":{"line":192,"column":69}},"type":"cond-expr","locations":[{"start":{"line":192,"column":37},"end":{"line":192,"column":42}},{"start":{"line":192,"column":45},"end":{"line":192,"column":69}}],"line":192},"29":{"loc":{"start":{"line":192,"column":45},"end":{"line":192,"column":69}},"type":"cond-expr","locations":[{"start":{"line":192,"column":54},"end":{"line":192,"column":60}},{"start":{"line":192,"column":63},"end":{"line":192,"column":69}}],"line":192},"30":{"loc":{"start":{"line":193,"column":25},"end":{"line":193,"column":38}},"type":"cond-expr","locations":[{"start":{"line":193,"column":33},"end":{"line":193,"column":34}},{"start":{"line":193,"column":37},"end":{"line":193,"column":38}}],"line":193},"31":{"loc":{"start":{"line":194,"column":27},"end":{"line":194,"column":41}},"type":"cond-expr","locations":[{"start":{"line":194,"column":36},"end":{"line":194,"column":37}},{"start":{"line":194,"column":40},"end":{"line":194,"column":41}}],"line":194},"32":{"loc":{"start":{"line":227,"column":4},"end":{"line":233,"column":5}},"type":"if","locations":[{"start":{"line":227,"column":4},"end":{"line":233,"column":5}},{"start":{"line":229,"column":11},"end":{"line":233,"column":5}}],"line":227},"33":{"loc":{"start":{"line":229,"column":11},"end":{"line":233,"column":5}},"type":"if","locations":[{"start":{"line":229,"column":11},"end":{"line":233,"column":5}},{"start":{"line":231,"column":11},"end":{"line":233,"column":5}}],"line":229},"34":{"loc":{"start":{"line":261,"column":2},"end":{"line":261,"column":21}},"type":"if","locations":[{"start":{"line":261,"column":2},"end":{"line":261,"column":21}},{"start":{},"end":{}}],"line":261},"35":{"loc":{"start":{"line":281,"column":2},"end":{"line":284,"column":3}},"type":"if","locations":[{"start":{"line":281,"column":2},"end":{"line":284,"column":3}},{"start":{},"end":{}}],"line":281}},"s":{"0":4,"1":0,"2":0,"3":0,"4":0,"5":0,"6":0,"7":0,"8":0,"9":0,"10":0,"11":0,"12":0,"13":0,"14":0,"15":0,"16":0,"17":0,"18":0,"19":0,"20":0,"21":0,"22":0,"23":0,"24":0,"25":0,"26":0,"27":0,"28":0,"29":0,"30":0,"31":0,"32":0,"33":0,"34":0,"35":0,"36":0,"37":0,"38":0,"39":0,"40":0,"41":0,"42":0,"43":0,"44":0,"45":0,"46":0,"47":0,"48":0,"49":0,"50":0,"51":0,"52":0,"53":0,"54":0,"55":0,"56":0,"57":0,"58":0,"59":0,"60":0,"61":0,"62":0,"63":0,"64":0,"65":0,"66":0,"67":0,"68":0,"69":0,"70":0,"71":0,"72":0,"73":0,"74":0,"75":0,"76":0,"77":0,"78":0,"79":0,"80":0},"f":{"0":0,"1":0,"2":0,"3":0,"4":0,"5":0,"6":0},"b":{"0":[0,0],"1":[0,0],"2":[0,0],"3":[0,0],"4":[0,0],"5":[0,0],"6":[0,0],"7":[0,0],"8":[0,0],"9":[0,0],"10":[0,0],"11":[0,0],"12":[0,0],"13":[0,0],"14":[0,0],"15":[0,0],"16":[0,0],"17":[0,0],"18":[0,0],"19":[0,0],"20":[0,0],"21":[0,0],"22":[0,0],"23":[0,0],"24":[0,0],"25":[0,0],"26":[0,0],"27":[0,0],"28":[0,0],"29":[0,0],"30":[0,0],"31":[0,0],"32":[0,0],"33":[0,0],"34":[0,0],"35":[0,0]},"inputSourceMap":null,"_coverageSchema":"1a1c01bbd47fc00a2c39e90264f33305004495a9","hash":"afca54798c8aed87095a342a1f6dc8dff91f5391"}
,"/Users/vaibhav/Desktop/solidus/Crypto-trading-platform/backend/src/jobs/coinDiscovery.job.js": {"path":"/Users/vaibhav/Desktop/solidus/Crypto-trading-platform/backend/src/jobs/coinDiscovery.job.js","statementMap":{"0":{"start":{"line":15,"column":2},"end":{"line":15,"column":85}}},"fnMap":{"0":{"name":"startCoinDiscoveryJob","decl":{"start":{"line":14,"column":16},"end":{"line":14,"column":37}},"loc":{"start":{"line":14,"column":40},"end":{"line":17,"column":1}},"line":14}},"branchMap":{},"s":{"0":0},"f":{"0":0},"b":{},"inputSourceMap":null}
,"/Users/vaibhav/Desktop/solidus/Crypto-trading-platform/backend/src/jobs/news.job.js": {"path":"/Users/vaibhav/Desktop/solidus/Crypto-trading-platform/backend/src/jobs/news.job.js","statementMap":{"0":{"start":{"line":8,"column":32},"end":{"line":32,"column":1}},"1":{"start":{"line":10,"column":2},"end":{"line":30,"column":5}},"2":{"start":{"line":11,"column":4},"end":{"line":11,"column":61}},"3":{"start":{"line":12,"column":4},"end":{"line":29,"column":5}},"4":{"start":{"line":13,"column":25},"end":{"line":13,"column":52}},"5":{"start":{"line":14,"column":6},"end":{"line":14,"column":95}},"6":{"start":{"line":16,"column":6},"end":{"line":16,"column":68}},"7":{"start":{"line":17,"column":23},"end":{"line":17,"column":48}},"8":{"start":{"line":18,"column":22},"end":{"line":18,"column":46}},"9":{"start":{"line":19,"column":27},"end":{"line":19,"column":56}},"10":{"start":{"line":21,"column":6},"end":{"line":25,"column":9}},"11":{"start":{"line":26,"column":6},"end":{"line":26,"column":63}},"12":{"start":{"line":28,"column":6},"end":{"line":28,"column":72}},"13":{"start":{"line":31,"column":2},"end":{"line":31,"column":77}}},"fnMap":{"0":{"name":"(anonymous_0)","decl":{"start":{"line":8,"column":32},"end":{"line":8,"column":33}},"loc":{"start":{"line":8,"column":38},"end":{"line":32,"column":1}},"line":8},"1":{"name":"(anonymous_1)","decl":{"start":{"line":10,"column":32},"end":{"line":10,"column":33}},"loc":{"start":{"line":10,"column":44},"end":{"line":30,"column":3}},"line":10}},"branchMap":{},"s":{"0":0,"1":0,"2":0,"3":0,"4":0,"5":0,"6":0,"7":0,"8":0,"9":0,"10":0,"11":0,"12":0,"13":0},"f":{"0":0,"1":0},"b":{},"inputSourceMap":null}
,"/Users/vaibhav/Desktop/solidus/Crypto-trading-platform/backend/src/jobs/portfolioSnapshot.job.js": {"path":"/Users/vaibhav/Desktop/solidus/Crypto-trading-platform/backend/src/jobs/portfolioSnapshot.job.js","statementMap":{"0":{"start":{"line":11,"column":2},"end":{"line":45,"column":3}},"1":{"start":{"line":12,"column":22},"end":{"line":12,"column":48}},"2":{"start":{"line":13,"column":21},"end":{"line":13,"column":59}},"3":{"start":{"line":14,"column":18},"end":{"line":14,"column":36}},"4":{"start":{"line":16,"column":21},"end":{"line":18,"column":6}},"5":{"start":{"line":20,"column":4},"end":{"line":42,"column":5}},"6":{"start":{"line":21,"column":6},"end":{"line":29,"column":9}},"7":{"start":{"line":31,"column":6},"end":{"line":41,"column":9}},"8":{"start":{"line":44,"column":4},"end":{"line":44,"column":98}},"9":{"start":{"line":53,"column":2},"end":{"line":68,"column":5}},"10":{"start":{"line":54,"column":4},"end":{"line":54,"column":80}},"11":{"start":{"line":55,"column":4},"end":{"line":67,"column":5}},"12":{"start":{"line":56,"column":20},"end":{"line":56,"column":53}},"13":{"start":{"line":58,"column":25},"end":{"line":58,"column":26}},"14":{"start":{"line":59,"column":6},"end":{"line":62,"column":7}},"15":{"start":{"line":60,"column":8},"end":{"line":60,"column":46}},"16":{"start":{"line":61,"column":8},"end":{"line":61,"column":23}},"17":{"start":{"line":64,"column":6},"end":{"line":64,"column":99}},"18":{"start":{"line":66,"column":6},"end":{"line":66,"column":75}}},"fnMap":{"0":{"name":"takePortfolioSnapshot","decl":{"start":{"line":10,"column":22},"end":{"line":10,"column":43}},"loc":{"start":{"line":10,"column":52},"end":{"line":46,"column":1}},"line":10},"1":{"name":"startPortfolioSnapshotJob","decl":{"start":{"line":51,"column":16},"end":{"line":51,"column":41}},"loc":{"start":{"line":51,"column":44},"end":{"line":69,"column":1}},"line":51},"2":{"name":"(anonymous_2)","decl":{"start":{"line":53,"column":29},"end":{"line":53,"column":30}},"loc":{"start":{"line":53,"column":41},"end":{"line":68,"column":3}},"line":53}},"branchMap":{"0":{"loc":{"start":{"line":20,"column":4},"end":{"line":42,"column":5}},"type":"if","locations":[{"start":{"line":20,"column":4},"end":{"line":42,"column":5}},{"start":{"line":30,"column":11},"end":{"line":42,"column":5}}],"line":20}},"s":{"0":0,"1":0,"2":0,"3":0,"4":0,"5":0,"6":0,"7":0,"8":0,"9":0,"10":0,"11":0,"12":0,"13":0,"14":0,"15":0,"16":0,"17":0,"18":0},"f":{"0":0,"1":0,"2":0},"b":{"0":[0,0]},"inputSourceMap":null}
,"/Users/vaibhav/Desktop/solidus/Crypto-trading-platform/backend/src/jobs/priceSync.job.js": {"path":"/Users/vaibhav/Desktop/solidus/Crypto-trading-platform/backend/src/jobs/priceSync.job.js","statementMap":{"0":{"start":{"line":19,"column":20},"end":{"line":19,"column":26}},"1":{"start":{"line":22,"column":2},"end":{"line":22,"column":72}},"2":{"start":{"line":25,"column":2},"end":{"line":25,"column":15}},"3":{"start":{"line":26,"column":16},"end":{"line":26,"column":52}},"4":{"start":{"line":27,"column":2},"end":{"line":27,"column":16}},"5":{"start":{"line":29,"column":2},"end":{"line":29,"column":15}},"6":{"start":{"line":33,"column":2},"end":{"line":39,"column":3}},"7":{"start":{"line":34,"column":19},"end":{"line":34,"column":51}},"8":{"start":{"line":35,"column":19},"end":{"line":35,"column":66}},"9":{"start":{"line":35,"column":60},"end":{"line":35,"column":65}},"10":{"start":{"line":36,"column":4},"end":{"line":36,"column":87}},"11":{"start":{"line":38,"column":4},"end":{"line":38,"column":62}}},"fnMap":{"0":{"name":"startPriceSyncJob","decl":{"start":{"line":21,"column":16},"end":{"line":21,"column":33}},"loc":{"start":{"line":21,"column":36},"end":{"line":30,"column":1}},"line":21},"1":{"name":"syncPrices","decl":{"start":{"line":32,"column":15},"end":{"line":32,"column":25}},"loc":{"start":{"line":32,"column":28},"end":{"line":40,"column":1}},"line":32},"2":{"name":"(anonymous_2)","decl":{"start":{"line":35,"column":49},"end":{"line":35,"column":50}},"loc":{"start":{"line":35,"column":60},"end":{"line":35,"column":65}},"line":35}},"branchMap":{},"s":{"0":0,"1":0,"2":0,"3":0,"4":0,"5":0,"6":0,"7":0,"8":0,"9":0,"10":0,"11":0},"f":{"0":0,"1":0,"2":0},"b":{},"inputSourceMap":null}
,"/Users/vaibhav/Desktop/solidus/Crypto-trading-platform/backend/src/jobs/taxCalculation.job.js": {"path":"/Users/vaibhav/Desktop/solidus/Crypto-trading-platform/backend/src/jobs/taxCalculation.job.js","statementMap":{},"fnMap":{},"branchMap":{},"s":{},"f":{},"b":{},"inputSourceMap":null}
,"/Users/vaibhav/Desktop/solidus/Crypto-trading-platform/backend/src/middlewares/auth.middleware.js": {"path":"/Users/vaibhav/Desktop/solidus/Crypto-trading-platform/backend/src/middlewares/auth.middleware.js","statementMap":{"0":{"start":{"line":34,"column":14},"end":{"line":34,"column":18}},"1":{"start":{"line":36,"column":21},"end":{"line":36,"column":49}},"2":{"start":{"line":37,"column":2},"end":{"line":41,"column":3}},"3":{"start":{"line":38,"column":4},"end":{"line":38,"column":37}},"4":{"start":{"line":39,"column":9},"end":{"line":41,"column":3}},"5":{"start":{"line":40,"column":4},"end":{"line":40,"column":39}},"6":{"start":{"line":43,"column":2},"end":{"line":45,"column":3}},"7":{"start":{"line":44,"column":4},"end":{"line":44,"column":87}},"8":{"start":{"line":48,"column":24},"end":{"line":48,"column":50}},"9":{"start":{"line":49,"column":2},"end":{"line":51,"column":3}},"10":{"start":{"line":50,"column":4},"end":{"line":50,"column":93}},"11":{"start":{"line":54,"column":2},"end":{"line":65,"column":3}},"12":{"start":{"line":55,"column":20},"end":{"line":55,"column":60}},"13":{"start":{"line":56,"column":4},"end":{"line":56,"column":24}},"14":{"start":{"line":57,"column":4},"end":{"line":57,"column":22}},"15":{"start":{"line":58,"column":4},"end":{"line":58,"column":11}},"16":{"start":{"line":60,"column":4},"end":{"line":62,"column":5}},"17":{"start":{"line":61,"column":6},"end":{"line":61,"column":100}},"18":{"start":{"line":64,"column":4},"end":{"line":64,"column":83}}},"fnMap":{"0":{"name":"authenticate","decl":{"start":{"line":32,"column":22},"end":{"line":32,"column":34}},"loc":{"start":{"line":32,"column":52},"end":{"line":66,"column":1}},"line":32}},"branchMap":{"0":{"loc":{"start":{"line":37,"column":2},"end":{"line":41,"column":3}},"type":"if","locations":[{"start":{"line":37,"column":2},"end":{"line":41,"column":3}},{"start":{"line":39,"column":9},"end":{"line":41,"column":3}}],"line":37},"1":{"loc":{"start":{"line":37,"column":6},"end":{"line":37,"column":52}},"type":"binary-expr","locations":[{"start":{"line":37,"column":6},"end":{"line":37,"column":16}},{"start":{"line":37,"column":20},"end":{"line":37,"column":52}}],"line":37},"2":{"loc":{"start":{"line":39,"column":9},"end":{"line":41,"column":3}},"type":"if","locations":[{"start":{"line":39,"column":9},"end":{"line":41,"column":3}},{"start":{},"end":{}}],"line":39},"3":{"loc":{"start":{"line":43,"column":2},"end":{"line":45,"column":3}},"type":"if","locations":[{"start":{"line":43,"column":2},"end":{"line":45,"column":3}},{"start":{},"end":{}}],"line":43},"4":{"loc":{"start":{"line":49,"column":2},"end":{"line":51,"column":3}},"type":"if","locat
[...]
},"25":{"loc":{"start":{"line":356,"column":4},"end":{"line":360,"column":5}},"type":"if","locations":[{"start":{"line":356,"column":4},"end":{"line":360,"column":5}},{"start":{},"end":{}}],"line":356},"26":{"loc":{"start":{"line":384,"column":4},"end":{"line":384,"column":62}},"type":"if","locations":[{"start":{"line":384,"column":4},"end":{"line":384,"column":62}},{"start":{},"end":{}}],"line":384},"27":{"loc":{"start":{"line":403,"column":6},"end":{"line":403,"column":32}},"type":"cond-expr","locations":[{"start":{"line":403,"column":16},"end":{"line":403,"column":27}},{"start":{"line":403,"column":30},"end":{"line":403,"column":32}}],"line":403},"28":{"loc":{"start":{"line":412,"column":4},"end":{"line":415,"column":5}},"type":"if","locations":[{"start":{"line":412,"column":4},"end":{"line":415,"column":5}},{"start":{},"end":{}}],"line":412}},"s":{"0":4,"1":11,"2":10,"3":1,"4":1,"5":1,"6":1,"7":0,"8":0,"9":8,"10":0,"11":3,"12":1,"13":1,"14":11,"15":1,"16":3,"17":0,"18":3,"19":3,"20":6,"21":6,"22":3,"23":3,"24":3,"25":3,"26":3,"27":3,"28":3,"29":0,"30":3,"31":3,"32":1,"33":2,"34":2,"35":2,"36":2,"37":2,"38":0,"39":0,"40":0,"41":0,"42":0,"43":0,"44":0,"45":2,"46":2,"47":2,"48":2,"49":2,"50":2,"51":2,"52":2,"53":2,"54":2,"55":2,"56":1,"57":1,"58":0,"59":0,"60":0,"61":1,"62":3,"63":2,"64":2,"65":2,"66":2,"67":2,"68":2,"69":2,"70":1,"71":1,"72":1,"73":0,"74":1,"75":1,"76":1,"77":1,"78":0,"79":1,"80":1,"81":1,"82":1,"83":1,"84":1,"85":0,"86":1,"87":1,"88":1,"89":1,"90":1,"91":1,"92":1,"93":1,"94":1,"95":1,"96":1,"97":1,"98":1,"99":1,"100":1,"101":0,"102":0,"103":0,"104":1,"105":2,"106":6,"107":6,"108":6,"109":6,"110":5,"111":0,"112":5,"113":5,"114":5,"115":5,"116":5,"117":5,"118":5,"119":5,"120":1,"121":1,"122":1,"123":1,"124":0,"125":6},"f":{"0":11,"1":8,"2":3,"3":11,"4":3,"5":6,"6":3,"7":0,"8":2,"9":0,"10":6},"b":{"0":[10,1],"1":[0,8],"2":[1,2],"3":[1,10],"4":[0,3],"5":[3,0],"6":[3,2,2,2],"7":[3,3],"8":[3,3],"9":[6,0],"10":[6,0],"11":[0,6],"12":[0,3],"13":[1,2],"14":[0,2],"15":[0,2],"16":[0,2],"17":[0,1],"18":[1,1],"19":[0,1],"20":[0,1],"21":[1,1],"22":[0,1],"23":[0,1],"24":[1,0],"25":[0,1],"26":[0,5],"27":[0,5],"28":[1,0]},"inputSourceMap":null,"_coverageSchema":"1a1c01bbd47fc00a2c39e90264f33305004495a9","hash":"91d3217da6175ad84b0811963cfa89062e5245a1"}
,"/Users/vaibhav/Desktop/solidus/Crypto-trading-platform/backend/src/services/trendEngine.js": {"path":"/Users/vaibhav/Desktop/solidus/Crypto-trading-platform/backend/src/services/trendEngine.js","statementMap":{"0":{"start":{"line":8,"column":33},"end":{"line":41,"column":1}},"1":{"start":{"line":9,"column":20},"end":{"line":9,"column":62}},"2":{"start":{"line":12,"column":19},"end":{"line":37,"column":3}},"3":{"start":{"line":39,"column":19},"end":{"line":39,"column":49}},"4":{"start":{"line":40,"column":2},"end":{"line":40,"column":18}}},"fnMap":{"0":{"name":"(anonymous_0)","decl":{"start":{"line":8,"column":33},"end":{"line":8,"column":34}},"loc":{"start":{"line":8,"column":45},"end":{"line":41,"column":1}},"line":8}},"branchMap":{},"s":{"0":4,"1":0,"2":0,"3":0,"4":0},"f":{"0":0},"b":{},"inputSourceMap":null,"_coverageSchema":"1a1c01bbd47fc00a2c39e90264f33305004495a9","hash":"92056d0418740706e03ea42bea537d6b6049341c"}
,"/Users/vaibhav/Desktop/solidus/Crypto-trading-platform/backend/src/services/wallet.service.js": {"path":"/Users/vaibhav/Desktop/solidus/Crypto-trading-platform/backend/src/services/wallet.service.js","statementMap":{"0":{"start":{"line":27,"column":19},"end":{"line":27,"column":58}},"1":{"start":{"line":27,"column":27},"end":{"line":27,"column":58}},"2":{"start":{"line":35,"column":17},"end":{"line":35,"column":56}},"3":{"start":{"line":36,"column":2},"end":{"line":36,"column":60}},"4":{"start":{"line":36,"column":15},"end":{"line":36,"column":60}},"5":{"start":{"line":37,"column":2},"end":{"line":40,"column":4}},"6":{"start":{"line":54,"column":19},"end":{"line":62,"column":3}},"7":{"start":{"line":64,"column":15},"end":{"line":64,"column":47}},"8":{"start":{"line":66,"column":17},"end":{"line":66,"column":69}},"9":{"start":{"line":67,"column":2},"end":{"line":69,"column":3}},"10":{"start":{"line":68,"column":4},"end":{"line":68,"column":61}},"11":{"start":{"line":68,"column":37},"end":{"line":68,"column":61}},"12":{"start":{"line":71,"column":18},"end":{"line":76,"column":15}},"13":{"start":{"line":78,"column":2},"end":{"line":78,"column":66}},"14":{"start":{"line":90,"column":61},"end":{"line":93,"column":4}},"15":{"start":{"line":95,"column":16},"end":{"line":95,"column":64}},"16":{"start":{"line":96,"column":16},"end":{"line":96,"column":28}},"17":{"start":{"line":98,"column":2},"end":{"line":100,"column":3}},"18":{"start":{"line":99,"column":4},"end":{"line":99,"column":79}},"19":{"start":{"line":102,"column":2},"end":{"line":102,"column":57}},"20":{"start":{"line":120,"column":16},"end":{"line":120,"column":54}},"21":{"start":{"line":121,"column":16},"end":{"line":121,"column":70}},"22":{"start":{"line":122,"column":16},"end":{"line":122,"column":34}},"23":{"start":{"line":125,"column":16},"end":{"line":125,"column":26}},"24":{"start":{"line":126,"column":2},"end":{"line":128,"column":3}},"25":{"start":{"line":127,"column":4},"end":{"line":127,"column":41}},"26":{"start":{"line":129,"column":2},"end":{"line":131,"column":3}},"27":{"start":{"line":130,"column":4},"end":{"line":130,"column":43}},"28":{"start":{"line":132,"column":2},"end":{"line":140,"column":3}},"29":{"start":{"line":133,"column":4},"end":{"line":133,"column":25}},"30":{"start":{"line":134,"column":4},"end":{"line":134,"column":62}},"31":{"start":{"line":134,"column":19},"end":{"line":134,"column":62}},"32":{"start":{"line":135,"column":4},"end":{"line":139,"column":5}},"33":{"start":{"line":136,"column":17},"end":{"line":136,"column":34}},"34":{"start":{"line":137,"column":6},"end":{"line":137,"column":38}},"35":{"start":{"line":138,"column":6},"end":{"line":138,"column":32}},"36":{"start":{"line":142,"column":27},"end":{"line":149,"column":4}},"37":{"start":{"line":151,"column":2},"end":{"line":157,"column":4}},"38":{"start":{"line":163,"column":2},"end":{"line":173,"column":4}}},"fnMap":{"0":{"name":"(anonymous_0)","decl":{"start":{"line":27,"column":19},"end":{"line":27,"column":20}},"loc":{"start":{"line":27,"column":27},"end":{"line":27,"column":58}},"line":27},"1":{"name":"getWalletBalance","decl":{"start":{"line":34,"column":22},"end":{"line":34,"column":38}},"loc":{"start":{"line":34,"column":47},"end":{"line":41,"column":1}},"line":34},"2":{"name":"getDerivedBalance","decl":{"start":{"line":52,"column":22},"end":{"line":52,"column":39}},"loc":{"start":{"line":52,"column":48},"end":{"line":79,"column":1}},"line":52},"3":{"name":"auditBalance","decl":{"start":{"line":89,"column":22},"end":{"line":89,"column":34}},"loc":{"start":{"line":89,"column":43},"end":{"line":103,"column":1}},"line":89},"4":{"name":"getLedger","decl":{"start":{"line":119,"column":22},"end":{"line":119,"column":31}},"loc":{"start":{"line":119,"column":51},"end":{"line":158,"column":1}},"line":119},"5":{"name":"serializeLedger","decl":{"start":{"line":162,"column":9},"end":{"line":162,"column":24}},"loc":{"start":{"line":162,"column":28},"end":{"line":174,"column":1}},"line":162}},"branchMap":{"0":{"loc":{"start":{"line":36,"column":2},"end":{"line":36,"column":60}},"type":"if","locations":[{"start":{"line":36,"column":2},"end":{"line":36,"column":60}},{"start":{},"end":{}}],"line":36},"1":{"loc":{"start":{"line":39,"column":15},"end":{"line":39,"column":39}},"type":"binary-expr","locations":[{"start":{"line":39,"column":15},"end":{"line":39,"column":31}},{"start":{"line":39,"column":35},"end":{"line":39,"column":39}}],"line":39},"2":{"loc":{"start":{"line":68,"column":4},"end":{"line":68,"column":61}},"type":"if","locations":[{"start":{"line":68,"column":4},"end":{"line":68,"column":61}},{"start":{},"end":{}}],"line":68},"3":{"loc":{"start":{"line":98,"column":2},"end":{"line":100,"column":3}},"type":"if","locations":[{"start":{"line":98,"column":2},"end":{"line":100,"column":3}},{"start":{},"end":{}}],"line":98},"4":{"loc":{"start":{"line":119,"column":40},"end":{"line":119,"column":49}},"type":"default-arg","locations":[{"start":{"line":119,"column":47},"end":{"line":119,"column":49}}],"line":119},"5":{"loc":{"start":{"line":120,"column":28},"end":{"line":120,"column":53}},"type":"binary-expr","locations":[{"start":{"line":120,"column":28},"end":{"line":120,"column":47}},{"start":{"line":120,"column":52},"end":{"line":120,"column":53}}],"line":120},"6":{"loc":{"start":{"line":121,"column":42},"end":{"line":121,"column":68}},"type":"binary-expr","locations":[{"start":{"line":121,"column":42},"end":{"line":121,"column":62}},{"start":{"line":121,"column":66},"end":{"line":121,"column":68}}],"line":121},"7":{"loc":{"start":{"line":126,"column":2},"end":{"line":128,"column":3}},"type":"if","locations":[{"start":{"line":126,"column":2},"end":{"line":128,"column":3}},{"start":{},"end":{}}],"line":126},"8":{"loc":{"start":{"line":126,"column":6},"end":{"line":126,"column":95}},"type":"binary-expr","locations":[{"start":{"line":126,"column":6},"end":{"line":126,"column":15}},{"start":{"line":126,"column":20},"end":{"line":126,"column":95}}],"line":126},"9":{"loc":{"start":{"line":129,"column":2},"end":{"line":131,"column":3}},"type":"if","locations":[{"start":{"line":129,"column":2},"end":{"line":131,"column":3}},{"start":{},"end":{}}],"line":129},"10":{"loc":{"start":{"line":132,"column":2},"end":{"line":140,"column":3}},"type":"if","locations":[{"start":{"line":132,"column":2},"end":{"line":140,"column":3}},{"start":{},"end":{}}],"line":132},"11":{"loc":{"start":{"line":132,"column":6},"end":{"line":132,"column":26}},"type":"binary-expr","locations":[{"start":{"line":132,"column":6},"end":{"line":132,"column":15}},{"start":{"line":132,"column":19},"end":{"line":132,"column":26}}],"line":132},"12":{"loc":{"start":{"line":134,"column":4},"end":{"line":134,"column":62}},"type":"if","locations":[{"start":{"line":134,"column":4},"end":{"line":134,"column":62}},{"start":{},"end":{}}],"line":134},"13":{"loc":{"start":{"line":135,"column":4},"end":{"line":139,"column":5}},"type":"if","locations":[{"start":{"line":135,"column":4},"end":{"line":139,"column":5}},{"start":{},"end":{}}],"line":135}},"s":{"0":4,"1":0,"2":0,"3":0,"4":0,"5":0,"6":0,"7":0,"8":0,"9":0,"10":0,"11":0,"12":0,"13":0,"14":0,"15":0,"16":0,"17":0,"18":0,"19":0,"20":0,"21":0,"22":0,"23":0,"24":0,"25":0,"26":0,"27":0,"28":0,"29":0,"30":0,"31":0,"32":0,"33":0,"34":0,"35":0,"36":0,"37":0,"38":0},"f":{"0":0,"1":0,"2":0,"3":0,"4":0,"5":0},"b":{"0":[0,0],"1":[0,0],"2":[0,0],"3":[0,0],"4":[0],"5":[0,0],"6":[0,0],"7":[0,0],"8":[0,0],"9":[0,0],"10":[0,0],"11":[0,0],"12":[0,0],"13":[0,0]},"inputSourceMap":null,"_coverageSchema":"1a1c01bbd47fc00a2c39e90264f33305004495a9","hash":"9f58786a968c5ab978f3b5cacc400b627373e29d"}
,"/Users/vaibhav/Desktop/solidus/Crypto-trading-platform/backend/src/services/websocket.service.js": {"path":"/Users/vaibhav/Desktop/solidus/Crypto-trading-platform/backend/src/services/websocket.service.js","statementMap":{},"fnMap":{},"branchMap":{},"s":{},"f":{},"b":{},"inputSourceMap":null}
,"/Users/vaibhav/Desktop/solidus/Crypto-trading-platform/backend/src/services/realtime/twitterStream.service.js": {"path":"/Users/vaibhav/Desktop/solidus/Crypto-trading-platform/backend/src/services/realtime/twitterStream.service.js","statementMap":{"0":{"start":{"line":5,"column":15},"end":{"line":5,"column":36}},"1":{"start":{"line":6,"column":19},"end":{"line":6,"column":52}},"2":{"start":{"line":12,"column":34},"end":{"line":48,"column":1}},"3":{"start":{"line":13,"column":2},"end":{"line":13,"column":58}},"4":{"start":{"line":15,"column":2},"end":{"line":47,"column":12}},"5":{"start":{"line":17,"column":18},"end":{"line":17,"column":67}},"6":{"start":{"line":18,"column":22},"end":{"line":18,"column":79}},"7":{"start":{"line":20,"column":15},"end":{"line":20,"column":17}},"8":{"start":{"line":21,"column":4},"end":{"line":27,"column":5}},"9":{"start":{"line":22,"column":6},"end":{"line":22,"column":92}},"10":{"start":{"line":23,"column":11},"end":{"line":27,"column":5}},"11":{"start":{"line":24,"column":6},"end":{"line":24,"column":87}},"12":{"start":{"line":26,"column":6},"end":{"line":26,"column":85}},"13":{"start":{"line":29,"column":24},"end":{"line":29,"column":105}},"14":{"start":{"line":31,"column":18},"end":{"line":38,"column":5}},"15":{"start":{"line":40,"column":4},"end":{"line":45,"column":5}},"16":{"start":{"line":41,"column":6},"end":{"line":41,"column":42}},"17":{"start":{"line":42,"column":6},"end":{"line":42,"column":41}},"18":{"start":{"line":44,"column":6},"end":{"line":44,"column":54}}},"fnMap":{"0":{"name":"(anonymous_0)","decl":{"start":{"line":12,"column":34},"end":{"line":12,"column":35}},"loc":{"start":{"line":12,"column":40},"end":{"line":48,"column":1}},"line":12},"1":{"name":"(anonymous_1)","decl":{"start":{"line":15,"column":14},"end":{"line":15,"column":15}},"loc":{"start":{"line":15,"column":26},"end":{"line":47,"column":3}},"line":15}},"branchMap":{"0":{"loc":{"start":{"line":21,"column":4},"end":{"line":27,"column":5}},"type":"if","locations":[{"start":{"line":21,"column":4},"end":{"line":27,"column":5}},{"start":{"line":23,"column":11},"end":{"line":27,"column":5}}],"line":21},"1":{"loc":{"start":{"line":23,"column":11},"end":{"line":27,"column":5}},"type":"if","locations":[{"start":{"line":23,"column":11},"end":{"line":27,"column":5}},{"start":{"line":25,"column":11},"end":{"line":27,"column":5}}],"line":23},"2":{"loc":{"start":{"line":29,"column":24},"end":{"line":29,"column":105}},"type":"cond-expr","locations":[{"start":{"line":29,"column":50},"end":{"line":29,"column":53}},{"start":{"line":29,"column":56},"end":{"line":29,"column":105}}],"line":29}},"s":{"0":0,"1":0,"2":0,"3":0,"4":0,"5":0,"6":0,"7":0,"8":0,"9":0,"10":0,"11":0,"12":0,"13":0,"14":0,"15":0,"16":0,"17":0,"18":0},"f":{"0":0,"1":0},"b":{"0":[0,0],"1":[0,0],"2":[0,0]},"inputSourceMap":null}
,"/Users/vaibhav/Desktop/solidus/Crypto-trading-platform/backend/src/services/realtime/websocket.service.js": {"path":"/Users/vaibhav/Desktop/solidus/Crypto-trading-platform/backend/src/services/realtime/websocket.service.js","statementMap":{"0":{"start":{"line":4,"column":10},"end":{"line":4,"column":14}},"1":{"start":{"line":6,"column":35},"end":{"line":19,"column":1}},"2":{"start":{"line":7,"column":2},"end":{"line":7,"column":70}},"3":{"start":{"line":9,"column":2},"end":{"line":16,"column":5}},"4":{"start":{"line":10,"column":4},"end":{"line":10,"column":71}},"5":{"start":{"line":11,"column":4},"end":{"line":11,"column":102}},"6":{"start":{"line":13,"column":4},"end":{"line":15,"column":7}},"7":{"start":{"line":14,"column":6},"end":{"line":14,"column":53}},"8":{"start":{"line":18,"column":2},"end":{"line":18,"column":72}},"9":{"start":{"line":21,"column":25},"end":{"line":30,"column":1}},"10":{"start":{"line":22,"column":2},"end":{"line":22,"column":19}},"11":{"start":{"line":22,"column":12},"end":{"line":22,"column":19}},"12":{"start":{"line":23,"column":18},"end":{"line":23,"column":80}},"13":{"start":{"line":25,"column":2},"end":{"line":29,"column":5}},"14":{"start":{"line":26,"column":4},"end":{"line":28,"column":5}},"15":{"start":{"line":27,"column":6},"end":{"line":27,"column":27}}},"fnMap":{"0":{"name":"(anonymous_0)","decl":{"start":{"line":6,"column":35},"end":{"line":6,"column":36}},"loc":{"start":{"line":6,"column":47},"end":{"line":19,"column":1}},"line":6},"1":{"name":"(anonymous_1)","decl":{"start":{"line":9,"column":23},"end":{"line":9,"column":24}},"loc":{"start":{"line":9,"column":31},"end":{"line":16,"column":3}},"line":9},"2":{"name":"(anonymous_2)","decl":{"start":{"line":13,"column":19},"end":{"line":13,"column":20}},"loc":{"start":{"line":13,"column":25},"end":{"line":15,"column":5}},"line":13},"3":{"name":"(anonymous_3)","decl":{"start":{"line":21,"column":25},"end":{"line":21,"column":26}},"loc":{"start":{"line":21,"column":44},"end":{"line":30,"column":1}},"line":21},"4":{"name":"(anonymous_4)","decl":{"start":{"line":25,"column":22},"end":{"line":25,"column":23}},"loc":{"start":{"line":25,"column":32},"end":{"line":29,"column":3}},"line":25}},"branchMap":{"0":{"loc":{"start":{"line":22,"column":2},"end":{"line":22,"column":19}},"type":"if","locations":[{"start":{"line":22,"column":2},"end":{"line":22,"column":19}},{"start":{},"end":{}}],"line":22},"1":{"loc":{"start":{"line":26,"column":4},"end":{"line":28,"column":5}},"type":"if","locations":[{"start":{"line":26,"column":4},"end":{"line":28,"column":5}},{"start":{},"end":{}}],"line":26}},"s":{"0":0,"1":0,"2":0,"3":0,"4":0,"5":0,"6":0,"7":0,"8":0,"9":0,"10":0,"11":0,"12":0,"13":0,"14":0,"15":0},"f":{"0":0,"1":0,"2":0,"3":0,"4":0},"b":{"0":[0,0],"1":[0,0]},"inputSourceMap":null}
,"/Users/vaibhav/Desktop/solidus/Crypto-trading-platform/backend/src/services/realtime/whaleAlert.service.js": {"path":"/Users/vaibhav/Desktop/solidus/Crypto-trading-platform/backend/src/services/realtime/whaleAlert.service.js","statementMap":{"0":{"start":{"line":5,"column":15},"end":{"line":5,"column":36}},"1":{"start":{"line":6,"column":15},"end":{"line":6,"column":50}},"2":{"start":{"line":12,"column":32},"end":{"line":44,"column":1}},"3":{"start":{"line":13,"column":2},"end":{"line":13,"column":55}},"4":{"start":{"line":15,"column":2},"end":{"line":43,"column":12}},"5":{"start":{"line":17,"column":18},"end":{"line":17,"column":67}},"6":{"start":{"line":18,"column":22},"end":{"line":18,"column":64}},"7":{"start":{"line":20,"column":19},"end":{"line":20,"column":146}},"8":{"start":{"line":21,"column":22},"end":{"line":21,"column":44}},"9":{"start":{"line":23,"column":17},"end":{"line":23,"column":70}},"10":{"start":{"line":24,"column":15},"end":{"line":24,"column":69}},"11":{"start":{"line":26,"column":18},"end":{"line":34,"column":5}},"12":{"start":{"line":36,"column":4},"end":{"line":41,"column":5}},"13":{"start":{"line":37,"column":6},"end":{"line":37,"column":37}},"14":{"start":{"line":38,"column":6},"end":{"line":38,"column":38}},"15":{"start":{"line":40,"column":6},"end":{"line":40,"column":52}}},"fnMap":{"0":{"name":"(anonymous_0)","decl":{"start":{"line":12,"column":32},"end":{"line":12,"column":33}},"loc":{"start":{"line":12,"column":38},"end":{"line":44,"column":1}},"line":12},"1":{"name":"(anonymous_1)","decl":{"start":{"line":15,"column":14},"end":{"line":15,"column":15}},"loc":{"start":{"line":15,"column":26},"end":{"line":43,"column":3}},"line":15}},"branchMap":{"0":{"loc":{"start":{"line":18,"column":22},"end":{"line":18,"column":64}},"type":"cond-expr","locations":[{"start":{"line":18,"column":44},"end":{"line":18,"column":52}},{"start":{"line":18,"column":55},"end":{"line":18,"column":64}}],"line":18},"1":{"loc":{"start":{"line":20,"column":19},"end":{"line":20,"column":146}},"type":"cond-expr","locations":[{"start":{"line":20,"column":37},"end":{"line":20,"column":63}},{"start":{"line":20,"column":66},"end":{"line":20,"column":146}}],"line":20},"2":{"loc":{"start":{"line":20,"column":66},"end":{"line":20,"column":146}},"type":"cond-expr","locations":[{"start":{"line":20,"column":84},"end":{"line":20,"column":113}},{"start":{"line":20,"column":116},"end":{"line":20,"column":146}}],"line":20},"3":{"loc":{"start":{"line":23,"column":17},"end":{"line":23,"column":70}},"type":"cond-expr","locations":[{"start":{"line":23,"column":42},"end":{"line":23,"column":58}},{"start":{"line":23,"column":61},"end":{"line":23,"column":70}}],"line":23},"4":{"loc":{"start":{"line":24,"column":15},"end":{"line":24,"column":69}},"type":"cond-expr","locations":[{"start":{"line":24,"column":40},"end":{"line":24,"column":50}},{"start":{"line":24,"column":53},"end":{"line":24,"column":69}}],"line":24}},"s":{"0":0,"1":0,"2":0,"3":0,"4":0,"5":0,"6":0,"7":0,"8":0,"9":0,"10":0,"11":0,"12":0,"13":0,"14":0,"15":0},"f":{"0":0,"1":0},"b":{"0":[0,0],"1":[0,0],"2":[0,0],"3":[0,0],"4":[0,0]},"inputSourceMap":null}
}
